#
# There is insufficient memory for the Java Runtime Environment to continue.
# Native memory allocation (malloc) failed to allocate 1048576 bytes. Error detail: AllocateHeap
# Possible reasons:
#   The system is out of physical RAM or swap space
#   This process is running with CompressedOops enabled, and the Java Heap may be blocking the growth of the native heap
# Possible solutions:
#   Reduce memory load on the system
#   Increase physical memory or swap space
#   Check if swap backing store is full
#   Decrease Java heap size (-Xmx/-Xms)
#   Decrease number of Java threads
#   Decrease Java thread stack sizes (-Xss)
#   Set larger code cache with -XX:ReservedCodeCacheSize=
#   JVM is running with Unscaled Compressed Oops mode in which the Java heap is
#     placed in the first 4GB address space. The Java Heap base address is the
#     maximum limit for the native heap growth. Please use -XX:HeapBaseMinAddress
#     to set the Java Heap base and to place the Java Heap above 4GB virtual address.
# This output file may be truncated or incomplete.
#
#  Out of Memory Error (allocation.cpp:44), pid=16144, tid=16204
#
# JRE version: OpenJDK Runtime Environment Temurin-21.0.10+7 (21.0.10+7) (build 21.0.10+7-LTS)
# Java VM: OpenJDK 64-Bit Server VM Temurin-21.0.10+7 (21.0.10+7-LTS, mixed mode, sharing, tiered, compressed oops, compressed class ptrs, parallel gc, windows-amd64)
# No core dump will be written. Minidumps are not enabled by default on client versions of Windows
#

---------------  S U M M A R Y ------------

Command Line: --add-modules=ALL-SYSTEM --add-opens=java.base/java.util=ALL-UNNAMED --add-opens=java.base/java.lang=ALL-UNNAMED --add-opens=java.base/sun.nio.fs=ALL-UNNAMED -Declipse.application=org.eclipse.jdt.ls.core.id1 -Dosgi.bundles.defaultStartLevel=4 -Declipse.product=org.eclipse.jdt.ls.core.product -Djava.import.generatesMetadataFilesAtProjectRoot=false -DDetectVMInstallationsJob.disabled=true -Dfile.encoding=utf8 -XX:+UseParallelGC -XX:GCTimeRatio=4 -XX:AdaptiveSizePolicyWeight=90 -Dsun.zip.disableMemoryMapping=true -Xmx2G -Xms100m -Xlog:disable -javaagent:c:\Users\timiv\.vscode\extensions\redhat.java-1.54.0-win32-x64\lombok\lombok-1.18.39-4050.jar -XX:+HeapDumpOnOutOfMemoryError -XX:HeapDumpPath=c:\Users\timiv\AppData\Roaming\Code\User\workspaceStorage\d43f31c3d585829db1efbeea7e2b77cc\redhat.java -Daether.dependencyCollector.impl=bf c:\Users\timiv\.vscode\extensions\redhat.java-1.54.0-win32-x64\server\plugins\org.eclipse.equinox.launcher_1.7.100.v20251111-0406.jar -configuration c:\Users\timiv\AppData\Roaming\Code\User\globalStorage\redhat.java\1.54.0\config_win -data c:\Users\timiv\AppData\Roaming\Code\User\workspaceStorage\d43f31c3d585829db1efbeea7e2b77cc\redhat.java\jdt_ws --pipe=\\.\pipe\lsp-fe967832043d5b63ac1ebf57eceffbfa-sock

Host: Intel(R) Core(TM) i5-6300U CPU @ 2.40GHz, 4 cores, 7G,  Windows 10 , 64 bit Build 19041 (10.0.19041.5915)
Time: Mon May 18 21:41:17 2026 GMT Summer Time elapsed time: 5056.369660 seconds (0d 1h 24m 16s)

---------------  T H R E A D  ---------------

Current thread (0x0000025f194f2310):  JavaThread "Attach Listener" daemon [_thread_in_vm, id=16204, stack(0x0000008ed1700000,0x0000008ed1800000) (1024K)]

Stack: [0x0000008ed1700000,0x0000008ed1800000]
Native frames: (J=compiled Java code, j=interpreted, Vv=VM code, C=native code)
V  [jvm.dll+0x6d7a39]
V  [jvm.dll+0x8b4b26]
V  [jvm.dll+0x8b70de]
V  [jvm.dll+0x8b77c3]
V  [jvm.dll+0x284346]
V  [jvm.dll+0xc1277]
V  [jvm.dll+0x6d82e9]
V  [jvm.dll+0x1334a6]
V  [jvm.dll+0x3f857e]
V  [jvm.dll+0x85f59d]
V  [jvm.dll+0x6d626d]
C  [ucrtbase.dll+0x21bb2]
C  [KERNEL32.DLL+0x17374]
C  [ntdll.dll+0x4cc91]


---------------  P R O C E S S  ---------------

Threads class SMR info:
_java_thread_list=0x0000025f64c928b0, length=31, elements={
0x0000025f02b01080, 0x0000025f194ed6f0, 0x0000025f194ef000, 0x0000025f194f0f20,
0x0000025f194f2310, 0x0000025f194f4970, 0x0000025f194fca70, 0x0000025f19501040,
0x0000025f19515f40, 0x0000025f5b3413e0, 0x0000025f5b341a70, 0x0000025f5b340030,
0x0000025f5b33e5f0, 0x0000025f5b33ec80, 0x0000025f5b340d50, 0x0000025f5b33f310,
0x0000025f5b33f9a0, 0x0000025f5b3406c0, 0x0000025f604da8a0, 0x0000025f604daf30,
0x0000025f604d7420, 0x0000025f604d7ab0, 0x0000025f604d8e60, 0x0000025f604d87d0,
0x0000025f604db5c0, 0x0000025f604d94f0, 0x0000025f604d4cc0, 0x0000025f604d5350,
0x0000025f604d6700, 0x0000025f604d6070, 0x0000025f606e8110
}

Java Threads: ( => current thread )
  0x0000025f02b01080 JavaThread "main"                              [_thread_blocked, id=16172, stack(0x0000008ed1000000,0x0000008ed1100000) (1024K)]
  0x0000025f194ed6f0 JavaThread "Reference Handler"          daemon [_thread_blocked, id=16192, stack(0x0000008ed1400000,0x0000008ed1500000) (1024K)]
  0x0000025f194ef000 JavaThread "Finalizer"                  daemon [_thread_blocked, id=16196, stack(0x0000008ed1500000,0x0000008ed1600000) (1024K)]
  0x0000025f194f0f20 JavaThread "Signal Dispatcher"          daemon [_thread_blocked, id=16200, stack(0x0000008ed1600000,0x0000008ed1700000) (1024K)]
=>0x0000025f194f2310 JavaThread "Attach Listener"            daemon [_thread_in_vm, id=16204, stack(0x0000008ed1700000,0x0000008ed1800000) (1024K)]
  0x0000025f194f4970 JavaThread "Service Thread"             daemon [_thread_blocked, id=16208, stack(0x0000008ed1800000,0x0000008ed1900000) (1024K)]
  0x0000025f194fca70 JavaThread "Monitor Deflation Thread"   daemon [_thread_blocked, id=16212, stack(0x0000008ed1900000,0x0000008ed1a00000) (1024K)]
  0x0000025f19501040 JavaThread "C2 CompilerThread0"         daemon [_thread_blocked, id=16216, stack(0x0000008ed1a00000,0x0000008ed1b00000) (1024K)]
  0x0000025f19515f40 JavaThread "C1 CompilerThread0"         daemon [_thread_blocked, id=16220, stack(0x0000008ed1b00000,0x0000008ed1c00000) (1024K)]
  0x0000025f5b3413e0 JavaThread "Common-Cleaner"             daemon [_thread_blocked, id=16228, stack(0x0000008ed1c00000,0x0000008ed1d00000) (1024K)]
  0x0000025f5b341a70 JavaThread "Notification Thread"        daemon [_thread_blocked, id=16256, stack(0x0000008ed1d00000,0x0000008ed1e00000) (1024K)]
  0x0000025f5b340030 JavaThread "Active Thread: Equinox Container: 3d3c9900-1eb8-4ffe-9a95-a4cd5d68fbe6"        [_thread_blocked, id=12468, stack(0x0000008ed2100000,0x0000008ed2200000) (1024K)]
  0x0000025f5b33e5f0 JavaThread "Refresh Thread: Equinox Container: 3d3c9900-1eb8-4ffe-9a95-a4cd5d68fbe6" daemon [_thread_blocked, id=15832, stack(0x0000008ed2200000,0x0000008ed2300000) (1024K)]
  0x0000025f5b33ec80 JavaThread "Framework Event Dispatcher: Equinox Container: 3d3c9900-1eb8-4ffe-9a95-a4cd5d68fbe6" daemon [_thread_blocked, id=15908, stack(0x0000008ed2300000,0x0000008ed2400000) (1024K)]
  0x0000025f5b340d50 JavaThread "Start Level: Equinox Container: 3d3c9900-1eb8-4ffe-9a95-a4cd5d68fbe6" daemon [_thread_blocked, id=5284, stack(0x0000008ed2400000,0x0000008ed2500000) (1024K)]
  0x0000025f5b33f310 JavaThread "Bundle File Closer"         daemon [_thread_blocked, id=15664, stack(0x0000008ed2500000,0x0000008ed2600000) (1024K)]
  0x0000025f5b33f9a0 JavaThread "SCR Component Actor"        daemon [_thread_blocked, id=15844, stack(0x0000008ed2600000,0x0000008ed2700000) (1024K)]
  0x0000025f5b3406c0 JavaThread "Worker-JM"                         [_thread_blocked, id=3524, stack(0x0000008ed2700000,0x0000008ed2800000) (1024K)]
  0x0000025f604da8a0 JavaThread "JNA Cleaner"                daemon [_thread_blocked, id=8220, stack(0x0000008ed2800000,0x0000008ed2900000) (1024K)]
  0x0000025f604daf30 JavaThread "Worker-2"                          [_thread_blocked, id=10480, stack(0x0000008ed2b00000,0x0000008ed2c00000) (1024K)]
  0x0000025f604d7420 JavaThread "Java indexing"              daemon [_thread_blocked, id=9548, stack(0x0000008ed2c00000,0x0000008ed2d00000) (1024K)]
  0x0000025f604d7ab0 JavaThread "Worker-3"                          [_thread_blocked, id=13512, stack(0x0000008ed2d00000,0x0000008ed2e00000) (1024K)]
  0x0000025f604d8e60 JavaThread "Thread-1"                   daemon [_thread_in_native, id=3700, stack(0x0000008ed3100000,0x0000008ed3200000) (1024K)]
  0x0000025f604d87d0 JavaThread "Thread-2"                   daemon [_thread_in_native, id=3672, stack(0x0000008ed3200000,0x0000008ed3300000) (1024K)]
  0x0000025f604db5c0 JavaThread "Thread-3"                   daemon [_thread_in_native, id=8688, stack(0x0000008ed3300000,0x0000008ed3400000) (1024K)]
  0x0000025f604d94f0 JavaThread "Thread-4"                   daemon [_thread_in_native, id=7240, stack(0x0000008ed3400000,0x0000008ed3500000) (1024K)]
  0x0000025f604d4cc0 JavaThread "Thread-5"                   daemon [_thread_in_native, id=14084, stack(0x0000008ed3500000,0x0000008ed3600000) (1024K)]
  0x0000025f604d5350 JavaThread "pool-2-thread-1"                   [_thread_blocked, id=15048, stack(0x0000008ed3600000,0x0000008ed3700000) (1024K)]
  0x0000025f604d6700 JavaThread "WorkspaceEventsHandler"            [_thread_blocked, id=3504, stack(0x0000008ed3700000,0x0000008ed3800000) (1024K)]
  0x0000025f604d6070 JavaThread "pool-1-thread-1"                   [_thread_blocked, id=15744, stack(0x0000008ed3800000,0x0000008ed3900000) (1024K)]
  0x0000025f606e8110 JavaThread "Timer-0"                           [_thread_blocked, id=16568, stack(0x0000008ed3e00000,0x0000008ed3f00000) (1024K)]
Total: 31

Other Threads:
  0x0000025f02bbf7e0 VMThread "VM Thread"                           [id=16184, stack(0x0000008ed1300000,0x0000008ed1400000) (1024K)]
  0x0000025f02b6c730 WatcherThread "VM Periodic Task Thread"        [id=16180, stack(0x0000008ed1200000,0x0000008ed1300000) (1024K)]
  0x0000025f02b1e610 WorkerThread "GC Thread#0"                     [id=16176, stack(0x0000008ed1100000,0x0000008ed1200000) (1024K)]
  0x0000025f5b7dd4d0 WorkerThread "GC Thread#1"                     [id=16376, stack(0x0000008ed1e00000,0x0000008ed1f00000) (1024K)]
  0x0000025f5b7dd880 WorkerThread "GC Thread#2"                     [id=16380, stack(0x0000008ed1f00000,0x0000008ed2000000) (1024K)]
  0x0000025f5b77d130 WorkerThread "GC Thread#3"                     [id=5972, stack(0x0000008ed2000000,0x0000008ed2100000) (1024K)]
Total: 6

Threads with active compile tasks:
Total: 0

VM state: not at safepoint (normal execution)

VM Mutex/Monitor currently owned by a thread: None

Heap address: 0x0000000080000000, size: 2048 MB, Compressed Oops mode: 32-bit

CDS archive(s) mapped at: [0x0000025f1a000000-0x0000025f1aba0000-0x0000025f1aba0000), size 12189696, SharedBaseAddress: 0x0000025f1a000000, ArchiveRelocationMode: 1.
Compressed class space mapped at: 0x0000025f1b000000-0x0000025f5b000000, reserved size: 1073741824
Narrow klass base: 0x0000025f1a000000, Narrow klass shift: 0, Narrow klass range: 0x100000000

GC Precious Log:
 CardTable entry size: 512
 CPUs: 4 total, 4 available
 Memory: 8047M
 Large Page Support: Disabled
 NUMA Support: Disabled
 Compressed Oops: Enabled (32-bit)
 Alignments: Space 512K, Generation 512K, Heap 2M
 Heap Min Capacity: 100M
 Heap Initial Capacity: 100M
 Heap Max Capacity: 2G
 Pre-touch: Disabled
 Parallel Workers: 4

Heap:
 PSYoungGen      total 26112K, used 15096K [0x00000000d5580000, 0x00000000d7180000, 0x0000000100000000)
  eden space 22016K, 65% used [0x00000000d5580000,0x00000000d639a348,0x00000000d6b00000)
  from space 4096K, 16% used [0x00000000d6b00000,0x00000000d6ba4020,0x00000000d6f00000)
  to   space 2048K, 0% used [0x00000000d6f80000,0x00000000d6f80000,0x00000000d7180000)
 ParOldGen       total 68608K, used 55871K [0x0000000080000000, 0x0000000084300000, 0x00000000d5580000)
  object space 68608K, 81% used [0x0000000080000000,0x000000008368fdf0,0x0000000084300000)
 Metaspace       used 64607K, committed 66112K, reserved 1114112K
  class space    used 7619K, committed 8256K, reserved 1048576K

Card table byte_map: [0x0000025f024d0000,0x0000025f028e0000] _byte_map_base: 0x0000025f020d0000

Marking Bits: (ParMarkBitMap*) 0x00007ffa64cc3450
 Begin Bits: [0x0000025f14fc0000, 0x0000025f16fc0000)
 End Bits:   [0x0000025f16fc0000, 0x0000025f18fc0000)

Polling page: 0x0000025f00ba0000

Metaspace:

Usage:
  Non-class:     55.65 MB used.
      Class:      7.44 MB used.
       Both:     63.09 MB used.

Virtual space:
  Non-class space:       64.00 MB reserved,      56.50 MB ( 88%) committed,  1 nodes.
      Class space:        1.00 GB reserved,       8.06 MB ( <1%) committed,  1 nodes.
             Both:        1.06 GB reserved,      64.56 MB (  6%) committed. 

Chunk freelists:
   Non-Class:  7.47 MB
       Class:  7.88 MB
        Both:  15.35 MB

MaxMetaspaceSize: unlimited
CompressedClassSpaceSize: 1.00 GB
Initial GC threshold: 21.00 MB
Current GC threshold: 98.88 MB
CDS: on
 - commit_granule_bytes: 65536.
 - commit_granule_words: 8192.
 - virtual_space_node_default_size: 8388608.
 - enlarge_chunks_in_place: 1.
 - use_allocation_guard: 0.


Internal statistics:

num_allocs_failed_limit: 15.
num_arena_births: 1292.
num_arena_deaths: 14.
num_vsnodes_births: 2.
num_vsnodes_deaths: 0.
num_space_committed: 1033.
num_space_uncommitted: 0.
num_chunks_returned_to_freelist: 29.
num_chunks_taken_from_freelist: 4082.
num_chunk_merges: 20.
num_chunk_splits: 2597.
num_chunks_enlarged: 1564.
num_inconsistent_stats: 0.

CodeHeap 'non-profiled nmethods': size=120000Kb used=5016Kb max_used=5016Kb free=114984Kb
 bounds [0x0000025f0d7e0000, 0x0000025f0dcd0000, 0x0000025f14d10000]
CodeHeap 'profiled nmethods': size=120000Kb used=16019Kb max_used=16019Kb free=103980Kb
 bounds [0x0000025f05d10000, 0x0000025f06cc0000, 0x0000025f0d240000]
CodeHeap 'non-nmethods': size=5760Kb used=1427Kb max_used=1556Kb free=4332Kb
 bounds [0x0000025f0d240000, 0x0000025f0d4b0000, 0x0000025f0d7e0000]
CodeCache: size=245760Kb, used=22462Kb, max_used=22591Kb, free=223296Kb
 total_blobs=8923, nmethods=8190, adapters=639, full_count=0
Compilation: enabled, stopped_count=0, restarted_count=0

Compilation events (20 events):
Event: 3988.161 Thread 0x0000025f19501040 8889       4       org.eclipse.core.internal.jobs.JobQueue::peek (26 bytes)
Event: 3988.164 Thread 0x0000025f19501040 nmethod 8889 0x0000025f0dcc5d10 code [0x0000025f0dcc5ea0, 0x0000025f0dcc5f50]
Event: 4408.044 Thread 0x0000025f19515f40 8890   !   3       org.eclipse.core.internal.jobs.JobManager::nextJob (291 bytes)
Event: 4408.148 Thread 0x0000025f19515f40 nmethod 8890 0x0000025f06cab310 code [0x0000025f06cab7a0, 0x0000025f06cad8d8]
Event: 4408.199 Thread 0x0000025f19515f40 8891       3       org.eclipse.core.internal.jobs.JobManager::startJob (89 bytes)
Event: 4408.225 Thread 0x0000025f19515f40 nmethod 8891 0x0000025f06caea10 code [0x0000025f06caecc0, 0x0000025f06cafb20]
Event: 4468.052 Thread 0x0000025f19515f40 8892       3       org.eclipse.core.internal.jobs.JobQueue::isEmpty (18 bytes)
Event: 4468.053 Thread 0x0000025f19515f40 nmethod 8892 0x0000025f06caff90 code [0x0000025f06cb0140, 0x0000025f06cb02d0]
Event: 4468.199 Thread 0x0000025f19515f40 8893   !   3       org.eclipse.core.internal.jobs.JobManager::sleepHint (67 bytes)
Event: 4468.205 Thread 0x0000025f19515f40 nmethod 8893 0x0000025f06cb0390 code [0x0000025f06cb0600, 0x0000025f06cb10d0]
Event: 4609.464 Thread 0x0000025f19515f40 8894   !   3       java.lang.ref.ReferenceQueue::remove (61 bytes)
Event: 4609.511 Thread 0x0000025f19515f40 nmethod 8894 0x0000025f06cb1590 code [0x0000025f06cb1820, 0x0000025f06cb23a8]
Event: 4609.511 Thread 0x0000025f19515f40 8895       3       java.lang.ref.ReferenceQueue::remove0 (64 bytes)
Event: 4609.520 Thread 0x0000025f19515f40 nmethod 8895 0x0000025f06cb2790 code [0x0000025f06cb29a0, 0x0000025f06cb2e20]
Event: 4828.790 Thread 0x0000025f19515f40 8896       3       org.eclipse.core.runtime.jobs.Job::getJobGroup (5 bytes)
Event: 4828.794 Thread 0x0000025f19515f40 nmethod 8896 0x0000025f06cb2f90 code [0x0000025f06cb3120, 0x0000025f06cb3240]
Event: 4969.477 Thread 0x0000025f19515f40 8897       3       java.util.concurrent.locks.AbstractQueuedSynchronizer$ConditionObject::await (202 bytes)
Event: 4969.658 Thread 0x0000025f19515f40 nmethod 8897 0x0000025f06cb3310 code [0x0000025f06cb3600, 0x0000025f06cb4430]
Event: 5019.534 Thread 0x0000025f19515f40 8898       3       java.lang.ref.ReferenceQueue::await (15 bytes)
Event: 5019.542 Thread 0x0000025f19515f40 nmethod 8898 0x0000025f06cb4a10 code [0x0000025f06cb4bc0, 0x0000025f06cb4d60]

GC Heap History (20 events):
Event: 79.971 GC heap before
{Heap before GC invocations=33 (full 2):
 PSYoungGen      total 22528K, used 22112K [0x00000000d5580000, 0x00000000d7480000, 0x0000000100000000)
  eden space 22016K, 100% used [0x00000000d5580000,0x00000000d6b00000,0x00000000d6b00000)
  from space 512K, 18% used [0x00000000d7400000,0x00000000d7418000,0x00000000d7480000)
  to   space 512K, 0% used [0x00000000d7380000,0x00000000d7380000,0x00000000d7400000)
 ParOldGen       total 68608K, used 45764K [0x0000000080000000, 0x0000000084300000, 0x00000000d5580000)
  object space 68608K, 66% used [0x0000000080000000,0x0000000082cb1288,0x0000000084300000)
 Metaspace       used 57819K, committed 59136K, reserved 1114112K
  class space    used 6796K, committed 7424K, reserved 1048576K
}
Event: 79.972 GC heap after
{Heap after GC invocations=33 (full 2):
 PSYoungGen      total 22528K, used 96K [0x00000000d5580000, 0x00000000d7480000, 0x0000000100000000)
  eden space 22016K, 0% used [0x00000000d5580000,0x00000000d5580000,0x00000000d6b00000)
  from space 512K, 18% used [0x00000000d7380000,0x00000000d7398000,0x00000000d7400000)
  to   space 512K, 0% used [0x00000000d7400000,0x00000000d7400000,0x00000000d7480000)
 ParOldGen       total 68608K, used 45788K [0x0000000080000000, 0x0000000084300000, 0x00000000d5580000)
  object space 68608K, 66% used [0x0000000080000000,0x0000000082cb7288,0x0000000084300000)
 Metaspace       used 57819K, committed 59136K, reserved 1114112K
  class space    used 6796K, committed 7424K, reserved 1048576K
}
Event: 80.523 GC heap before
{Heap before GC invocations=34 (full 2):
 PSYoungGen      total 22528K, used 18581K [0x00000000d5580000, 0x00000000d7480000, 0x0000000100000000)
  eden space 22016K, 83% used [0x00000000d5580000,0x00000000d678d6f0,0x00000000d6b00000)
  from space 512K, 18% used [0x00000000d7380000,0x00000000d7398000,0x00000000d7400000)
  to   space 512K, 0% used [0x00000000d7400000,0x00000000d7400000,0x00000000d7480000)
 ParOldGen       total 68608K, used 45788K [0x0000000080000000, 0x0000000084300000, 0x00000000d5580000)
  object space 68608K, 66% used [0x0000000080000000,0x0000000082cb7288,0x0000000084300000)
 Metaspace       used 59360K, committed 60736K, reserved 1114112K
  class space    used 6961K, committed 7552K, reserved 1048576K
}
Event: 80.526 GC heap after
{Heap after GC invocations=34 (full 2):
 PSYoungGen      total 22528K, used 504K [0x00000000d5580000, 0x00000000d7480000, 0x0000000100000000)
  eden space 22016K, 0% used [0x00000000d5580000,0x00000000d5580000,0x00000000d6b00000)
  from space 512K, 98% used [0x00000000d7400000,0x00000000d747e1a8,0x00000000d7480000)
  to   space 1024K, 0% used [0x00000000d7280000,0x00000000d7280000,0x00000000d7380000)
 ParOldGen       total 68608K, used 45932K [0x0000000080000000, 0x0000000084300000, 0x00000000d5580000)
  object space 68608K, 66% used [0x0000000080000000,0x0000000082cdb298,0x0000000084300000)
 Metaspace       used 59360K, committed 60736K, reserved 1114112K
  class space    used 6961K, committed 7552K, reserved 1048576K
}
Event: 80.526 GC heap before
{Heap before GC invocations=35 (full 3):
 PSYoungGen      total 22528K, used 504K [0x00000000d5580000, 0x00000000d7480000, 0x0000000100000000)
  eden space 22016K, 0% used [0x00000000d5580000,0x00000000d5580000,0x00000000d6b00000)
  from space 512K, 98% used [0x00000000d7400000,0x00000000d747e1a8,0x00000000d7480000)
  to   space 1024K, 0% used [0x00000000d7280000,0x00000000d7280000,0x00000000d7380000)
 ParOldGen       total 68608K, used 45932K [0x0000000080000000, 0x0000000084300000, 0x00000000d5580000)
  object space 68608K, 66% used [0x0000000080000000,0x0000000082cdb298,0x0000000084300000)
 Metaspace       used 59360K, committed 60736K, reserved 1114112K
  class space    used 6961K, committed 7552K, reserved 1048576K
}
Event: 80.649 GC heap after
{Heap after GC invocations=35 (full 3):
 PSYoungGen      total 22528K, used 0K [0x00000000d5580000, 0x00000000d7480000, 0x0000000100000000)
  eden space 22016K, 0% used [0x00000000d5580000,0x00000000d5580000,0x00000000d6b00000)
  from space 512K, 0% used [0x00000000d7400000,0x00000000d7400000,0x00000000d7480000)
  to   space 1024K, 0% used [0x00000000d7280000,0x00000000d7280000,0x00000000d7380000)
 ParOldGen       total 68608K, used 42892K [0x0000000080000000, 0x0000000084300000, 0x00000000d5580000)
  object space 68608K, 62% used [0x0000000080000000,0x00000000829e31c0,0x0000000084300000)
 Metaspace       used 59360K, committed 60736K, reserved 1114112K
  class space    used 6961K, committed 7552K, reserved 1048576K
}
Event: 80.993 GC heap before
{Heap before GC invocations=36 (full 3):
 PSYoungGen      total 22528K, used 22016K [0x00000000d5580000, 0x00000000d7480000, 0x0000000100000000)
  eden space 22016K, 100% used [0x00000000d5580000,0x00000000d6b00000,0x00000000d6b00000)
  from space 512K, 0% used [0x00000000d7400000,0x00000000d7400000,0x00000000d7480000)
  to   space 1024K, 0% used [0x00000000d7280000,0x00000000d7280000,0x00000000d7380000)
 ParOldGen       total 68608K, used 42892K [0x0000000080000000, 0x0000000084300000, 0x00000000d5580000)
  object space 68608K, 62% used [0x0000000080000000,0x00000000829e31c0,0x0000000084300000)
 Metaspace       used 59650K, committed 61120K, reserved 1114112K
  class space    used 6975K, committed 7616K, reserved 1048576K
}
Event: 80.997 GC heap after
{Heap after GC invocations=36 (full 3):
 PSYoungGen      total 23040K, used 992K [0x00000000d5580000, 0x00000000d7480000, 0x0000000100000000)
  eden space 22016K, 0% used [0x00000000d5580000,0x00000000d5580000,0x00000000d6b00000)
  from space 1024K, 96% used [0x00000000d7280000,0x00000000d7378030,0x00000000d7380000)
  to   space 1024K, 0% used [0x00000000d7380000,0x00000000d7380000,0x00000000d7480000)
 ParOldGen       total 68608K, used 44292K [0x0000000080000000, 0x0000000084300000, 0x00000000d5580000)
  object space 68608K, 64% used [0x0000000080000000,0x0000000082b411c0,0x0000000084300000)
 Metaspace       used 59650K, committed 61120K, reserved 1114112K
  class space    used 6975K, committed 7616K, reserved 1048576K
}
Event: 81.176 GC heap before
{Heap before GC invocations=37 (full 3):
 PSYoungGen      total 23040K, used 23008K [0x00000000d5580000, 0x00000000d7480000, 0x0000000100000000)
  eden space 22016K, 99% used [0x00000000d5580000,0x00000000d6affff0,0x00000000d6b00000)
  from space 1024K, 96% used [0x00000000d7280000,0x00000000d7378030,0x00000000d7380000)
  to   space 1024K, 0% used [0x00000000d7380000,0x00000000d7380000,0x00000000d7480000)
 ParOldGen       total 68608K, used 44292K [0x0000000080000000, 0x0000000084300000, 0x00000000d5580000)
  object space 68608K, 64% used [0x0000000080000000,0x0000000082b411c0,0x0000000084300000)
 Metaspace       used 60054K, committed 61440K, reserved 1114112K
  class space    used 7035K, committed 7616K, reserved 1048576K
}
Event: 81.181 GC heap after
{Heap after GC invocations=37 (full 3):
 PSYoungGen      total 23040K, used 1009K [0x00000000d5580000, 0x00000000d7480000, 0x0000000100000000)
  eden space 22016K, 0% used [0x00000000d5580000,0x00000000d5580000,0x00000000d6b00000)
  from space 1024K, 98% used [0x00000000d7380000,0x00000000d747c400,0x00000000d7480000)
  to   space 4096K, 0% used [0x00000000d6c80000,0x00000000d6c80000,0x00000000d7080000)
 ParOldGen       total 68608K, used 46711K [0x0000000080000000, 0x0000000084300000, 0x00000000d5580000)
  object space 68608K, 68% used [0x0000000080000000,0x0000000082d9ded8,0x0000000084300000)
 Metaspace       used 60054K, committed 61440K, reserved 1114112K
  class space    used 7035K, committed 7616K, reserved 1048576K
}
Event: 81.390 GC heap before
{Heap before GC invocations=38 (full 3):
 PSYoungGen      total 23040K, used 23025K [0x00000000d5580000, 0x00000000d7480000, 0x0000000100000000)
  eden space 22016K, 100% used [0x00000000d5580000,0x00000000d6b00000,0x00000000d6b00000)
  from space 1024K, 98% used [0x00000000d7380000,0x00000000d747c400,0x00000000d7480000)
  to   space 4096K, 0% used [0x00000000d6c80000,0x00000000d6c80000,0x00000000d7080000)
 ParOldGen       total 68608K, used 46711K [0x0000000080000000, 0x0000000084300000, 0x00000000d5580000)
  object space 68608K, 68% used [0x0000000080000000,0x0000000082d9ded8,0x0000000084300000)
 Metaspace       used 60069K, committed 61440K, reserved 1114112K
  class space    used 7035K, committed 7616K, reserved 1048576K
}
Event: 81.396 GC heap after
{Heap after GC invocations=38 (full 3):
 PSYoungGen      total 26112K, used 2532K [0x00000000d5580000, 0x00000000d7400000, 0x0000000100000000)
  eden space 22016K, 0% used [0x00000000d5580000,0x00000000d5580000,0x00000000d6b00000)
  from space 4096K, 61% used [0x00000000d6c80000,0x00000000d6ef9000,0x00000000d7080000)
  to   space 3072K, 0% used [0x00000000d7100000,0x00000000d7100000,0x00000000d7400000)
 ParOldGen       total 68608K, used 47687K [0x0000000080000000, 0x0000000084300000, 0x00000000d5580000)
  object space 68608K, 69% used [0x0000000080000000,0x0000000082e91ed8,0x0000000084300000)
 Metaspace       used 60069K, committed 61440K, reserved 1114112K
  class space    used 7035K, committed 7616K, reserved 1048576K
}
Event: 81.806 GC heap before
{Heap before GC invocations=39 (full 3):
 PSYoungGen      total 26112K, used 24548K [0x00000000d5580000, 0x00000000d7400000, 0x0000000100000000)
  eden space 22016K, 100% used [0x00000000d5580000,0x00000000d6b00000,0x00000000d6b00000)
  from space 4096K, 61% used [0x00000000d6c80000,0x00000000d6ef9000,0x00000000d7080000)
  to   space 3072K, 0% used [0x00000000d7100000,0x00000000d7100000,0x00000000d7400000)
 ParOldGen       total 68608K, used 47687K [0x0000000080000000, 0x0000000084300000, 0x00000000d5580000)
  object space 68608K, 69% used [0x0000000080000000,0x0000000082e91ed8,0x0000000084300000)
 Metaspace       used 60079K, committed 61440K, reserved 1114112K
  class space    used 7036K, committed 7616K, reserved 1048576K
}
Event: 81.814 GC heap after
{Heap after GC invocations=39 (full 3):
 PSYoungGen      total 24576K, used 2176K [0x00000000d5580000, 0x00000000d7380000, 0x0000000100000000)
  eden space 22016K, 0% used [0x00000000d5580000,0x00000000d5580000,0x00000000d6b00000)
  from space 2560K, 85% used [0x00000000d7100000,0x00000000d7320000,0x00000000d7380000)
  to   space 2560K, 0% used [0x00000000d6e80000,0x00000000d6e80000,0x00000000d7100000)
 ParOldGen       total 68608K, used 50174K [0x0000000080000000, 0x0000000084300000, 0x00000000d5580000)
  object space 68608K, 73% used [0x0000000080000000,0x00000000830ff988,0x0000000084300000)
 Metaspace       used 60079K, committed 61440K, reserved 1114112K
  class space    used 7036K, committed 7616K, reserved 1048576K
}
Event: 82.147 GC heap before
{Heap before GC invocations=40 (full 3):
 PSYoungGen      total 24576K, used 24192K [0x00000000d5580000, 0x00000000d7380000, 0x0000000100000000)
  eden space 22016K, 100% used [0x00000000d5580000,0x00000000d6b00000,0x00000000d6b00000)
  from space 2560K, 85% used [0x00000000d7100000,0x00000000d7320000,0x00000000d7380000)
  to   space 2560K, 0% used [0x00000000d6e80000,0x00000000d6e80000,0x00000000d7100000)
 ParOldGen       total 68608K, used 50174K [0x0000000080000000, 0x0000000084300000, 0x00000000d5580000)
  object space 68608K, 73% used [0x0000000080000000,0x00000000830ff988,0x0000000084300000)
 Metaspace       used 60117K, committed 61440K, reserved 1114112K
  class space    used 7036K, committed 7616K, reserved 1048576K
}
Event: 82.158 GC heap after
{Heap after GC invocations=40 (full 3):
 PSYoungGen      total 24576K, used 2368K [0x00000000d5580000, 0x00000000d7180000, 0x0000000100000000)
  eden space 22016K, 0% used [0x00000000d5580000,0x00000000d5580000,0x00000000d6b00000)
  from space 2560K, 92% used [0x00000000d6e80000,0x00000000d70d0010,0x00000000d7100000)
  to   space 512K, 0% used [0x00000000d7100000,0x00000000d7100000,0x00000000d7180000)
 ParOldGen       total 68608K, used 52358K [0x0000000080000000, 0x0000000084300000, 0x00000000d5580000)
  object space 68608K, 76% used [0x0000000080000000,0x0000000083321988,0x0000000084300000)
 Metaspace       used 60117K, committed 61440K, reserved 1114112K
  class space    used 7036K, committed 7616K, reserved 1048576K
}
Event: 82.744 GC heap before
{Heap before GC invocations=41 (full 3):
 PSYoungGen      total 24576K, used 24384K [0x00000000d5580000, 0x00000000d7180000, 0x0000000100000000)
  eden space 22016K, 100% used [0x00000000d5580000,0x00000000d6b00000,0x00000000d6b00000)
  from space 2560K, 92% used [0x00000000d6e80000,0x00000000d70d0010,0x00000000d7100000)
  to   space 512K, 0% used [0x00000000d7100000,0x00000000d7100000,0x00000000d7180000)
 ParOldGen       total 68608K, used 52358K [0x0000000080000000, 0x0000000084300000, 0x00000000d5580000)
  object space 68608K, 76% used [0x0000000080000000,0x0000000083321988,0x0000000084300000)
 Metaspace       used 61462K, committed 62912K, reserved 1114112K
  class space    used 7224K, committed 7872K, reserved 1048576K
}
Event: 82.752 GC heap after
{Heap after GC invocations=41 (full 3):
 PSYoungGen      total 22528K, used 480K [0x00000000d5580000, 0x00000000d7300000, 0x0000000100000000)
  eden space 22016K, 0% used [0x00000000d5580000,0x00000000d5580000,0x00000000d6b00000)
  from space 512K, 93% used [0x00000000d7100000,0x00000000d7178020,0x00000000d7180000)
  to   space 4096K, 0% used [0x00000000d6b00000,0x00000000d6b00000,0x00000000d6f00000)
 ParOldGen       total 68608K, used 55376K [0x0000000080000000, 0x0000000084300000, 0x00000000d5580000)
  object space 68608K, 80% used [0x0000000080000000,0x0000000083614390,0x0000000084300000)
 Metaspace       used 61462K, committed 62912K, reserved 1114112K
  class space    used 7224K, committed 7872K, reserved 1048576K
}
Event: 109.092 GC heap before
{Heap before GC invocations=42 (full 3):
 PSYoungGen      total 22528K, used 22496K [0x00000000d5580000, 0x00000000d7300000, 0x0000000100000000)
  eden space 22016K, 100% used [0x00000000d5580000,0x00000000d6b00000,0x00000000d6b00000)
  from space 512K, 93% used [0x00000000d7100000,0x00000000d7178020,0x00000000d7180000)
  to   space 4096K, 0% used [0x00000000d6b00000,0x00000000d6b00000,0x00000000d6f00000)
 ParOldGen       total 68608K, used 55376K [0x0000000080000000, 0x0000000084300000, 0x00000000d5580000)
  object space 68608K, 80% used [0x0000000080000000,0x0000000083614390,0x0000000084300000)
 Metaspace       used 63767K, committed 65280K, reserved 1114112K
  class space    used 7555K, committed 8192K, reserved 1048576K
}
Event: 109.096 GC heap after
{Heap after GC invocations=42 (full 3):
 PSYoungGen      total 26112K, used 656K [0x00000000d5580000, 0x00000000d7180000, 0x0000000100000000)
  eden space 22016K, 0% used [0x00000000d5580000,0x00000000d5580000,0x00000000d6b00000)
  from space 4096K, 16% used [0x00000000d6b00000,0x00000000d6ba4020,0x00000000d6f00000)
  to   space 2048K, 0% used [0x00000000d6f80000,0x00000000d6f80000,0x00000000d7180000)
 ParOldGen       total 68608K, used 55871K [0x0000000080000000, 0x0000000084300000, 0x00000000d5580000)
  object space 68608K, 81% used [0x0000000080000000,0x000000008368fdf0,0x0000000084300000)
 Metaspace       used 63767K, committed 65280K, reserved 1114112K
  class space    used 7555K, committed 8192K, reserved 1048576K
}

Dll operation events (15 events):
Event: 0.014 Loaded shared library c:\Users\timiv\.vscode\extensions\redhat.java-1.54.0-win32-x64\jre\21.0.10-win32-x86_64\bin\java.dll
Event: 0.181 Loaded shared library c:\Users\timiv\.vscode\extensions\redhat.java-1.54.0-win32-x64\jre\21.0.10-win32-x86_64\bin\zip.dll
Event: 0.235 Loaded shared library C:\Users\timiv\.vscode\extensions\redhat.java-1.54.0-win32-x64\jre\21.0.10-win32-x86_64\bin\instrument.dll
Event: 0.276 Loaded shared library C:\Users\timiv\.vscode\extensions\redhat.java-1.54.0-win32-x64\jre\21.0.10-win32-x86_64\bin\net.dll
Event: 0.279 Loaded shared library C:\Users\timiv\.vscode\extensions\redhat.java-1.54.0-win32-x64\jre\21.0.10-win32-x86_64\bin\nio.dll
Event: 0.284 Loaded shared library C:\Users\timiv\.vscode\extensions\redhat.java-1.54.0-win32-x64\jre\21.0.10-win32-x86_64\bin\zip.dll
Event: 0.328 Loaded shared library C:\Users\timiv\.vscode\extensions\redhat.java-1.54.0-win32-x64\jre\21.0.10-win32-x86_64\bin\jimage.dll
Event: 0.501 Loaded shared library c:\Users\timiv\.vscode\extensions\redhat.java-1.54.0-win32-x64\jre\21.0.10-win32-x86_64\bin\verify.dll
Event: 7.787 Loaded shared library C:\Users\timiv\AppData\Roaming\Code\User\globalStorage\redhat.java\1.54.0\config_win\org.eclipse.equinox.launcher\org.eclipse.equinox.launcher.win32.win32.x86_64_1.3.0.v20260203-2149\eclipse_11919.dll
Event: 27.094 Loaded shared library C:\Users\timiv\AppData\Local\Temp\jna-110364613\jna15983263309886443136.dll
Event: 30.326 Loaded shared library C:\Users\timiv\.vscode\extensions\redhat.java-1.54.0-win32-x64\jre\21.0.10-win32-x86_64\bin\sunmscapi.dll
Event: 31.095 Loaded shared library C:\Users\timiv\.vscode\extensions\redhat.java-1.54.0-win32-x64\jre\21.0.10-win32-x86_64\bin\extnet.dll
Event: 60.239 Loaded shared library C:\Users\timiv\.gradle\native\1def1411415f61bf3af743bc5b6707747c0891f09f0c88961ee8f79bc544acac\windows-amd64\native-platform.dll
Event: 78.108 Loaded shared library C:\Users\timiv\.vscode\extensions\redhat.java-1.54.0-win32-x64\jre\21.0.10-win32-x86_64\bin\management.dll
Event: 78.179 Loaded shared library C:\Users\timiv\.vscode\extensions\redhat.java-1.54.0-win32-x64\jre\21.0.10-win32-x86_64\bin\management_ext.dll

Deoptimization events (20 events):
Event: 111.327 Thread 0x0000025f606ef0a0 DEOPT PACKING pc=0x0000025f06bef7e6 sp=0x0000008ed0dfce80
Event: 111.327 Thread 0x0000025f606ef0a0 DEOPT UNPACKING pc=0x0000025f0d294242 sp=0x0000008ed0dfc340 mode 0
Event: 111.329 Thread 0x0000025f606ef0a0 DEOPT PACKING pc=0x0000025f06bef7e6 sp=0x0000008ed0dfcfa0
Event: 111.329 Thread 0x0000025f606ef0a0 DEOPT UNPACKING pc=0x0000025f0d294242 sp=0x0000008ed0dfc460 mode 0
Event: 111.330 Thread 0x0000025f606ef0a0 DEOPT PACKING pc=0x0000025f06bef7e6 sp=0x0000008ed0dfd0c0
Event: 111.330 Thread 0x0000025f606ef0a0 DEOPT UNPACKING pc=0x0000025f0d294242 sp=0x0000008ed0dfc580 mode 0
Event: 142.548 Thread 0x0000025f604da210 Uncommon trap: trap_request=0xffffff45 fr.pc=0x0000025f0da5be28 relative=0x0000000000000108
Event: 142.548 Thread 0x0000025f604da210 Uncommon trap: reason=unstable_if action=reinterpret pc=0x0000025f0da5be28 method=java.lang.ThreadLocal$ThreadLocalMap.getEntryAfterMiss(Ljava/lang/ThreadLocal;ILjava/lang/ThreadLocal$ThreadLocalMap$Entry;)Ljava/lang/ThreadLocal$ThreadLocalMap$Entry; @ 30
Event: 142.548 Thread 0x0000025f604da210 DEOPT PACKING pc=0x0000025f0da5be28 sp=0x0000008ed2afef20
Event: 142.549 Thread 0x0000025f604da210 DEOPT UNPACKING pc=0x0000025f0d293aa2 sp=0x0000008ed2afeea0 mode 2
Event: 648.856 Thread 0x0000025f604d6700 DEOPT PACKING pc=0x0000025f06a8c646 sp=0x0000008ed37fe380
Event: 648.860 Thread 0x0000025f604d6700 DEOPT UNPACKING pc=0x0000025f0d294242 sp=0x0000008ed37fd900 mode 0
Event: 648.860 Thread 0x0000025f604d6700 Uncommon trap: trap_request=0xffffff45 fr.pc=0x0000025f0d892c70 relative=0x0000000000000050
Event: 648.860 Thread 0x0000025f604d6700 Uncommon trap: reason=unstable_if action=reinterpret pc=0x0000025f0d892c70 method=sun.nio.fs.WindowsPathParser.isSlash(C)Z @ 9 c2
Event: 648.860 Thread 0x0000025f604d6700 DEOPT PACKING pc=0x0000025f0d892c70 sp=0x0000008ed37fe410
Event: 648.861 Thread 0x0000025f604d6700 DEOPT UNPACKING pc=0x0000025f0d293aa2 sp=0x0000008ed37fe398 mode 2
Event: 1227.698 Thread 0x0000025f604d7ab0 Uncommon trap: trap_request=0xffffff45 fr.pc=0x0000025f0dcb0e5c relative=0x00000000000007fc
Event: 1227.699 Thread 0x0000025f604d7ab0 Uncommon trap: reason=unstable_if action=reinterpret pc=0x0000025f0dcb0e5c method=org.eclipse.core.internal.utils.StringPool.add(Ljava/lang/String;)Ljava/lang/String; @ 1 c2
Event: 1227.699 Thread 0x0000025f604d7ab0 DEOPT PACKING pc=0x0000025f0dcb0e5c sp=0x0000008ed2dfed30
Event: 1227.699 Thread 0x0000025f604d7ab0 DEOPT UNPACKING pc=0x0000025f0d293aa2 sp=0x0000008ed2dfecf8 mode 2

Classes loaded (20 events):
Event: 109.088 Loading class java/io/ObjectStreamClass$1
Event: 109.089 Loading class java/io/ObjectStreamClass$1 done
Event: 109.089 Loading class java/io/ObjectStreamClass$MemberSignature
Event: 109.089 Loading class java/io/ObjectStreamClass$MemberSignature done
Event: 109.089 Loading class java/io/ObjectStreamClass$3
Event: 109.089 Loading class java/io/ObjectStreamClass$3 done
Event: 109.090 Loading class java/io/ObjectStreamClass$4
Event: 109.090 Loading class java/io/ObjectStreamClass$4 done
Event: 109.090 Loading class java/io/ObjectStreamClass$5
Event: 109.090 Loading class java/io/ObjectStreamClass$5 done
Event: 109.134 Loading class java/util/concurrent/ConcurrentLinkedQueue$Itr
Event: 109.135 Loading class java/util/concurrent/ConcurrentLinkedQueue$Itr done
Event: 109.147 Loading class java/io/ObjectStreamClass$ExceptionInfo
Event: 109.148 Loading class java/io/ObjectStreamClass$ExceptionInfo done
Event: 109.343 Loading class java/util/AbstractList$RandomAccessSubList
Event: 109.344 Loading class java/util/AbstractList$SubList
Event: 109.344 Loading class java/util/AbstractList$SubList done
Event: 109.344 Loading class java/util/AbstractList$RandomAccessSubList done
Event: 109.345 Loading class java/util/AbstractList$SubList$1
Event: 109.345 Loading class java/util/AbstractList$SubList$1 done

Classes unloaded (7 events):
Event: 28.477 Thread 0x0000025f02bbf7e0 Unloading class 0x0000025f1b1a5000 'java/lang/invoke/LambdaForm$MH+0x0000025f1b1a5000'
Event: 28.477 Thread 0x0000025f02bbf7e0 Unloading class 0x0000025f1b1a4c00 'java/lang/invoke/LambdaForm$MH+0x0000025f1b1a4c00'
Event: 28.477 Thread 0x0000025f02bbf7e0 Unloading class 0x0000025f1b1a4800 'java/lang/invoke/LambdaForm$MH+0x0000025f1b1a4800'
Event: 28.477 Thread 0x0000025f02bbf7e0 Unloading class 0x0000025f1b1a4400 'java/lang/invoke/LambdaForm$MH+0x0000025f1b1a4400'
Event: 28.477 Thread 0x0000025f02bbf7e0 Unloading class 0x0000025f1b1a4000 'java/lang/invoke/LambdaForm$BMH+0x0000025f1b1a4000'
Event: 28.477 Thread 0x0000025f02bbf7e0 Unloading class 0x0000025f1b1a3c00 'java/lang/invoke/LambdaForm$DMH+0x0000025f1b1a3c00'
Event: 28.477 Thread 0x0000025f02bbf7e0 Unloading class 0x0000025f1b1a2800 'java/lang/invoke/LambdaForm$DMH+0x0000025f1b1a2800'

Classes redefined (0 events):
No events

Internal exceptions (20 events):
Event: 83.128 Thread 0x0000025f606edcf0 Exception <a 'java/lang/NoSuchMethodError'{0x00000000d61aea18}: 'void java.lang.invoke.DirectMethodHandle$Holder.invokeStatic(java.lang.Object, long)'> (0x00000000d61aea18) 
thrown [s\src\hotspot\share\interpreter\linkResolver.cpp, line 773]
Event: 83.545 Thread 0x0000025f606edcf0 Exception <a 'java/lang/NoSuchMethodError'{0x00000000d61d3228}: 'void java.lang.invoke.DirectMethodHandle$Holder.invokeSpecial(java.lang.Object, java.lang.Object, int)'> (0x00000000d61d3228) 
thrown [s\src\hotspot\share\interpreter\linkResolver.cpp, line 773]
Event: 83.545 Thread 0x0000025f606edcf0 Exception <a 'java/lang/NoSuchMethodError'{0x00000000d61d8620}: 'java.lang.Object java.lang.invoke.DirectMethodHandle$Holder.newInvokeSpecial(java.lang.Object, java.lang.Object, int)'> (0x00000000d61d8620) 
thrown [s\src\hotspot\share\interpreter\linkResolver.cpp, line 773]
Event: 89.218 Thread 0x0000025f606ed660 Exception <a 'java/lang/NoSuchMethodError'{0x00000000d698b990}: 'void java.lang.invoke.DirectMethodHandle$Holder.invokeInterface(java.lang.Object, java.lang.Object, java.lang.Object, java.lang.Object)'> (0x00000000d698b990) 
thrown [s\src\hotspot\share\interpreter\linkResolver.cpp, line 773]
Event: 109.090 Thread 0x0000025f606ed660 Exception <a 'java/lang/NoSuchMethodError'{0x00000000d6aea800}: static Lorg/gradle/tooling/internal/provider/serialization/ClassLoaderDetails;.<clinit>()V> (0x00000000d6aea800) 
thrown [s\src\hotspot\share\prims\jni.cpp, line 1111]
Event: 109.090 Thread 0x0000025f606ed660 Implicit null exception at 0x0000025f0d938aa4 to 0x0000025f0d939484
Event: 109.100 Thread 0x0000025f606ed660 Exception <a 'java/lang/NoSuchMethodError'{0x00000000d5591dd0}: static Lorg/gradle/internal/classloader/ClassLoaderSpec;.<clinit>()V> (0x00000000d5591dd0) 
thrown [s\src\hotspot\share\prims\jni.cpp, line 1111]
Event: 109.101 Thread 0x0000025f606ed660 Exception <a 'java/lang/NoSuchMethodError'{0x00000000d55a1728}: static Lorg/gradle/tooling/internal/provider/serialization/WellKnownClassLoaderRegistry$KnownClassLoaderSpec;.<clinit>()V> (0x00000000d55a1728) 
thrown [s\src\hotspot\share\prims\jni.cpp, line 1111]
Event: 109.104 Thread 0x0000025f606ed660 Exception <a 'java/lang/NoSuchMethodError'{0x00000000d55cc020}: static Lorg/gradle/internal/classloader/ClassLoaderSpec;.<clinit>()V> (0x00000000d55cc020) 
thrown [s\src\hotspot\share\prims\jni.cpp, line 1111]
Event: 109.105 Thread 0x0000025f606ed660 Exception <a 'java/lang/NoSuchMethodError'{0x00000000d55dccc8}: static Lorg/gradle/internal/classloader/VisitableURLClassLoader$Spec;.<clinit>()V> (0x00000000d55dccc8) 
thrown [s\src\hotspot\share\prims\jni.cpp, line 1111]
Event: 109.149 Thread 0x0000025f606ed660 Exception <a 'java/lang/NoSuchMethodError'{0x00000000d5707218}: static [B.<clinit>()V> (0x00000000d5707218) 
thrown [s\src\hotspot\share\prims\jni.cpp, line 1111]
Event: 109.279 Thread 0x0000025f606ed660 Exception <a 'java/lang/NoSuchMethodError'{0x00000000d5a3aaa0}: static Lorg/gradle/api/GradleException;.<clinit>()V> (0x00000000d5a3aaa0) 
thrown [s\src\hotspot\share\prims\jni.cpp, line 1111]
Event: 109.279 Thread 0x0000025f606ed660 Exception <a 'java/lang/NoSuchMethodError'{0x00000000d5a3c030}: static Lorg/gradle/api/resources/ResourceException;.<clinit>()V> (0x00000000d5a3c030) 
thrown [s\src\hotspot\share\prims\jni.cpp, line 1111]
Event: 109.280 Thread 0x0000025f606ed660 Exception <a 'java/lang/NoSuchMethodError'{0x00000000d5a3df18}: static Lorg/gradle/api/resources/MissingResourceException;.<clinit>()V> (0x00000000d5a3df18) 
thrown [s\src\hotspot\share\prims\jni.cpp, line 1111]
Event: 109.284 Thread 0x0000025f606ed660 Exception <a 'java/lang/NoSuchMethodError'{0x00000000d5a47700}: static [Ljava/lang/StackTraceElement;.<clinit>()V> (0x00000000d5a47700) 
thrown [s\src\hotspot\share\prims\jni.cpp, line 1111]
Event: 109.293 Thread 0x0000025f606ed660 Exception <a 'java/lang/NoSuchMethodError'{0x00000000d5aa3d58}: static Lorg/gradle/api/GradleScriptException;.<clinit>()V> (0x00000000d5aa3d58) 
thrown [s\src\hotspot\share\prims\jni.cpp, line 1111]
Event: 109.318 Thread 0x0000025f606ed660 Exception <a 'java/lang/NoSuchMethodError'{0x00000000d5b817f8}: static Lorg/gradle/internal/exceptions/ContextAwareException;.<clinit>()V> (0x00000000d5b817f8) 
thrown [s\src\hotspot\share\prims\jni.cpp, line 1111]
Event: 109.318 Thread 0x0000025f606ed660 Exception <a 'java/lang/NoSuchMethodError'{0x00000000d5b83bc8}: static Lorg/gradle/internal/exceptions/LocationAwareException;.<clinit>()V> (0x00000000d5b83bc8) 
thrown [s\src\hotspot\share\prims\jni.cpp, line 1111]
Event: 110.367 Thread 0x0000025f606ef0a0 Implicit null exception at 0x0000025f0dc97621 to 0x0000025f0dc97784
Event: 1227.696 Thread 0x0000025f604d7ab0 Implicit null exception at 0x0000025f0dcb06a3 to 0x0000025f0dcb0e4c

ZGC Phase Switch (0 events):
No events

VM Operations (20 events):
Event: 3928.892 Executing safepoint VM operation: Cleanup
Event: 3928.892 Executing safepoint VM operation: Cleanup done
Event: 3968.388 Executing non-safepoint VM operation: HandshakeAllThreads (HandshakeForDeflation)
Event: 3968.388 Executing non-safepoint VM operation: HandshakeAllThreads (HandshakeForDeflation) done
Event: 3968.389 Executing non-safepoint VM operation: RendezvousGCThreads
Event: 3968.389 Executing non-safepoint VM operation: RendezvousGCThreads done
Event: 4622.197 Executing safepoint VM operation: Cleanup
Event: 4622.197 Executing safepoint VM operation: Cleanup done
Event: 4829.433 Executing safepoint VM operation: Cleanup
Event: 4829.433 Executing safepoint VM operation: Cleanup done
Event: 4872.319 Executing non-safepoint VM operation: HandshakeAllThreads (HandshakeForDeflation)
Event: 4872.320 Executing non-safepoint VM operation: HandshakeAllThreads (HandshakeForDeflation) done
Event: 4872.321 Executing non-safepoint VM operation: RendezvousGCThreads
Event: 4872.321 Executing non-safepoint VM operation: RendezvousGCThreads done
Event: 5029.640 Executing safepoint VM operation: Cleanup
Event: 5029.649 Executing safepoint VM operation: Cleanup done
Event: 5054.708 Executing non-safepoint VM operation: HandshakeAllThreads (HandshakeForDeflation)
Event: 5054.709 Executing non-safepoint VM operation: HandshakeAllThreads (HandshakeForDeflation) done
Event: 5054.709 Executing non-safepoint VM operation: RendezvousGCThreads
Event: 5054.709 Executing non-safepoint VM operation: RendezvousGCThreads done

Memory protections (0 events):
No events

Nmethod flushes (20 events):
Event: 80.568 Thread 0x0000025f02bbf7e0 flushing  nmethod 0x0000025f06656d90
Event: 80.568 Thread 0x0000025f02bbf7e0 flushing  nmethod 0x0000025f06657290
Event: 80.568 Thread 0x0000025f02bbf7e0 flushing  nmethod 0x0000025f0665a190
Event: 80.568 Thread 0x0000025f02bbf7e0 flushing  nmethod 0x0000025f0665a510
Event: 80.568 Thread 0x0000025f02bbf7e0 flushing  nmethod 0x0000025f0665b310
Event: 80.568 Thread 0x0000025f02bbf7e0 flushing  nmethod 0x0000025f0665b710
Event: 80.568 Thread 0x0000025f02bbf7e0 flushing  nmethod 0x0000025f0665ba90
Event: 80.568 Thread 0x0000025f02bbf7e0 flushing  nmethod 0x0000025f0665c010
Event: 80.568 Thread 0x0000025f02bbf7e0 flushing  nmethod 0x0000025f0665c410
Event: 80.568 Thread 0x0000025f02bbf7e0 flushing  nmethod 0x0000025f0665c990
Event: 80.568 Thread 0x0000025f02bbf7e0 flushing  nmethod 0x0000025f0665d490
Event: 80.568 Thread 0x0000025f02bbf7e0 flushing  nmethod 0x0000025f0665d810
Event: 80.568 Thread 0x0000025f02bbf7e0 flushing  nmethod 0x0000025f0666ba90
Event: 80.568 Thread 0x0000025f02bbf7e0 flushing  nmethod 0x0000025f0666cf10
Event: 80.568 Thread 0x0000025f02bbf7e0 flushing  nmethod 0x0000025f06676690
Event: 80.568 Thread 0x0000025f02bbf7e0 flushing  nmethod 0x0000025f06678a90
Event: 80.568 Thread 0x0000025f02bbf7e0 flushing  nmethod 0x0000025f06679090
Event: 80.568 Thread 0x0000025f02bbf7e0 flushing  nmethod 0x0000025f06686f90
Event: 80.568 Thread 0x0000025f02bbf7e0 flushing  nmethod 0x0000025f066a8b90
Event: 80.568 Thread 0x0000025f02bbf7e0 flushing  nmethod 0x0000025f066d0110

Events (20 events):
Event: 89.129 Thread 0x0000025f606eb590 Thread exited: 0x0000025f606eb590
Event: 89.130 Thread 0x0000025f606ef0a0 Thread exited: 0x0000025f606ef0a0
Event: 109.135 Thread 0x0000025f606ea870 Thread exited: 0x0000025f606ea870
Event: 109.345 Thread 0x0000025f606ed660 Thread exited: 0x0000025f606ed660
Event: 109.357 Thread 0x0000025f604daf30 Thread added: 0x0000025f606ef0a0
Event: 109.376 Thread 0x0000025f606ef0a0 Thread added: 0x0000025f606eb590
Event: 110.376 Thread 0x0000025f606eb590 Thread exited: 0x0000025f606eb590
Event: 110.378 Thread 0x0000025f606ef0a0 Thread exited: 0x0000025f606ef0a0
Event: 110.392 Thread 0x0000025f604daf30 Thread added: 0x0000025f606ef0a0
Event: 111.335 Thread 0x0000025f606ef0a0 Thread exited: 0x0000025f606ef0a0
Event: 142.465 Thread 0x0000025f606ea1e0 Thread exited: 0x0000025f606ea1e0
Event: 142.545 Thread 0x0000025f604d8140 Thread exited: 0x0000025f604d8140
Event: 142.547 Thread 0x0000025f604d3fa0 Thread exited: 0x0000025f604d3fa0
Event: 142.548 Thread 0x0000025f604d9b80 Thread exited: 0x0000025f604d9b80
Event: 142.549 Thread 0x0000025f604da210 Thread exited: 0x0000025f604da210
Event: 143.538 Thread 0x0000025f606ee380 Thread exited: 0x0000025f606ee380
Event: 143.538 Thread 0x0000025f606ec940 Thread exited: 0x0000025f606ec940
Event: 143.548 Thread 0x0000025f606edcf0 Thread exited: 0x0000025f606edcf0
Event: 202.467 Thread 0x0000025f604d6d90 Thread exited: 0x0000025f604d6d90
Event: 262.467 Thread 0x0000025f606ecfd0 Thread exited: 0x0000025f606ecfd0


Dynamic libraries:
0x00007ff6eb6f0000 - 0x00007ff6eb6fe000 	c:\Users\timiv\.vscode\extensions\redhat.java-1.54.0-win32-x64\jre\21.0.10-win32-x86_64\bin\java.exe
0x00007ffb02610000 - 0x00007ffb02808000 	C:\WINDOWS\SYSTEM32\ntdll.dll
0x00007ffb01820000 - 0x00007ffb018e2000 	C:\WINDOWS\System32\KERNEL32.DLL
0x00007ffaffe30000 - 0x00007ffb00126000 	C:\WINDOWS\System32\KERNELBASE.dll
0x00007ffb00380000 - 0x00007ffb00480000 	C:\WINDOWS\System32\ucrtbase.dll
0x00007ffafa6a0000 - 0x00007ffafa6be000 	c:\Users\timiv\.vscode\extensions\redhat.java-1.54.0-win32-x64\jre\21.0.10-win32-x86_64\bin\VCRUNTIME140.dll
0x00007ffafa680000 - 0x00007ffafa698000 	c:\Users\timiv\.vscode\extensions\redhat.java-1.54.0-win32-x64\jre\21.0.10-win32-x86_64\bin\jli.dll
0x00007ffb00630000 - 0x00007ffb007d1000 	C:\WINDOWS\System32\USER32.dll
0x00007ffaffe00000 - 0x00007ffaffe22000 	C:\WINDOWS\System32\win32u.dll
0x00007ffb011a0000 - 0x00007ffb011cb000 	C:\WINDOWS\System32\GDI32.dll
0x00007ffb00130000 - 0x00007ffb00249000 	C:\WINDOWS\System32\gdi32full.dll
0x00007ffb00540000 - 0x00007ffb005dd000 	C:\WINDOWS\System32\msvcp_win.dll
0x00007ffaeb900000 - 0x00007ffaebb9b000 	C:\WINDOWS\WinSxS\amd64_microsoft.windows.common-controls_6595b64144ccf1df_6.0.19041.6456_none_60b8a6cb71f64256\COMCTL32.dll
0x00007ffb01900000 - 0x00007ffb0199e000 	C:\WINDOWS\System32\msvcrt.dll
0x00007ffb017f0000 - 0x00007ffb0181f000 	C:\WINDOWS\System32\IMM32.DLL
0x00007ffafa670000 - 0x00007ffafa67c000 	c:\Users\timiv\.vscode\extensions\redhat.java-1.54.0-win32-x64\jre\21.0.10-win32-x86_64\bin\vcruntime140_1.dll
0x00007ffafa5e0000 - 0x00007ffafa66d000 	c:\Users\timiv\.vscode\extensions\redhat.java-1.54.0-win32-x64\jre\21.0.10-win32-x86_64\bin\msvcp140.dll
0x00007ffa64000000 - 0x00007ffa64da1000 	c:\Users\timiv\.vscode\extensions\redhat.java-1.54.0-win32-x64\jre\21.0.10-win32-x86_64\bin\server\jvm.dll
0x00007ffb02350000 - 0x00007ffb02401000 	C:\WINDOWS\System32\ADVAPI32.dll
0x00007ffb019a0000 - 0x00007ffb01a3f000 	C:\WINDOWS\System32\sechost.dll
0x00007ffb011e0000 - 0x00007ffb01300000 	C:\WINDOWS\System32\RPCRT4.dll
0x00007ffb00510000 - 0x00007ffb00537000 	C:\WINDOWS\System32\bcrypt.dll
0x00007ffb01aa0000 - 0x00007ffb01b0b000 	C:\WINDOWS\System32\WS2_32.dll
0x00007ffaff1e0000 - 0x00007ffaff22b000 	C:\WINDOWS\SYSTEM32\POWRPROF.dll
0x00007ffaebbb0000 - 0x00007ffaebbd7000 	C:\WINDOWS\SYSTEM32\WINMM.dll
0x00007ffaf6a50000 - 0x00007ffaf6a5a000 	C:\WINDOWS\SYSTEM32\VERSION.dll
0x00007ffaff0a0000 - 0x00007ffaff0b2000 	C:\WINDOWS\SYSTEM32\UMPDC.dll
0x00007ffafe4b0000 - 0x00007ffafe4c2000 	C:\WINDOWS\SYSTEM32\kernel.appcore.dll
0x00007ffafa5d0000 - 0x00007ffafa5da000 	c:\Users\timiv\.vscode\extensions\redhat.java-1.54.0-win32-x64\jre\21.0.10-win32-x86_64\bin\jimage.dll
0x00007ffaebcb0000 - 0x00007ffaebeb1000 	C:\WINDOWS\SYSTEM32\DBGHELP.DLL
0x00007ffae7320000 - 0x00007ffae7354000 	C:\WINDOWS\SYSTEM32\dbgcore.DLL
0x00007ffb00480000 - 0x00007ffb00502000 	C:\WINDOWS\System32\bcryptPrimitives.dll
0x00007ffafa580000 - 0x00007ffafa58f000 	c:\Users\timiv\.vscode\extensions\redhat.java-1.54.0-win32-x64\jre\21.0.10-win32-x86_64\bin\instrument.dll
0x00007ffafa5b0000 - 0x00007ffafa5d0000 	c:\Users\timiv\.vscode\extensions\redhat.java-1.54.0-win32-x64\jre\21.0.10-win32-x86_64\bin\java.dll
0x00007ffb009b0000 - 0x00007ffb01120000 	C:\WINDOWS\System32\SHELL32.dll
0x00007ffafdcc0000 - 0x00007ffafe465000 	C:\WINDOWS\SYSTEM32\windows.storage.dll
0x00007ffb01c00000 - 0x00007ffb01f54000 	C:\WINDOWS\System32\combase.dll
0x00007ffaff6d0000 - 0x00007ffaff6fb000 	C:\WINDOWS\SYSTEM32\Wldp.dll
0x00007ffb02090000 - 0x00007ffb0215d000 	C:\WINDOWS\System32\OLEAUT32.dll
0x00007ffb00900000 - 0x00007ffb009ad000 	C:\WINDOWS\System32\SHCORE.dll
0x00007ffb01320000 - 0x00007ffb0137b000 	C:\WINDOWS\System32\shlwapi.dll
0x00007ffaffbd0000 - 0x00007ffaffbf4000 	C:\WINDOWS\SYSTEM32\profapi.dll
0x00007ffafa590000 - 0x00007ffafa5a8000 	c:\Users\timiv\.vscode\extensions\redhat.java-1.54.0-win32-x64\jre\21.0.10-win32-x86_64\bin\zip.dll
0x00007ffafa570000 - 0x00007ffafa580000 	C:\Users\timiv\.vscode\extensions\redhat.java-1.54.0-win32-x64\jre\21.0.10-win32-x86_64\bin\net.dll
0x00007ffaf5c20000 - 0x00007ffaf5d2a000 	C:\WINDOWS\SYSTEM32\WINHTTP.dll
0x00007ffaff430000 - 0x00007ffaff49a000 	C:\WINDOWS\system32\mswsock.dll
0x00007ffaf8a20000 - 0x00007ffaf8a36000 	C:\Users\timiv\.vscode\extensions\redhat.java-1.54.0-win32-x64\jre\21.0.10-win32-x86_64\bin\nio.dll
0x00007ffaf8a10000 - 0x00007ffaf8a20000 	c:\Users\timiv\.vscode\extensions\redhat.java-1.54.0-win32-x64\jre\21.0.10-win32-x86_64\bin\verify.dll
0x00007ffa63330000 - 0x00007ffa63375000 	C:\Users\timiv\AppData\Roaming\Code\User\globalStorage\redhat.java\1.54.0\config_win\org.eclipse.equinox.launcher\org.eclipse.equinox.launcher.win32.win32.x86_64_1.3.0.v20260203-2149\eclipse_11919.dll
0x00007ffb01f60000 - 0x00007ffb0208b000 	C:\WINDOWS\System32\ole32.dll
0x00007ffaff630000 - 0x00007ffaff648000 	C:\WINDOWS\SYSTEM32\CRYPTSP.dll
0x00007ffafece0000 - 0x00007ffafed18000 	C:\WINDOWS\system32\rsaenh.dll
0x00007ffaffb50000 - 0x00007ffaffb7e000 	C:\WINDOWS\SYSTEM32\USERENV.dll
0x00007ffaff620000 - 0x00007ffaff62c000 	C:\WINDOWS\SYSTEM32\CRYPTBASE.dll
0x00007ffaff0c0000 - 0x00007ffaff0fb000 	C:\WINDOWS\SYSTEM32\IPHLPAPI.DLL
0x00007ffb018f0000 - 0x00007ffb018f8000 	C:\WINDOWS\System32\NSI.dll
0x00007ffac5c10000 - 0x00007ffac5c59000 	C:\Users\timiv\AppData\Local\Temp\jna-110364613\jna15983263309886443136.dll
0x00007ffb025c0000 - 0x00007ffb025c8000 	C:\WINDOWS\System32\PSAPI.DLL
0x00007ffaf6a30000 - 0x00007ffaf6a47000 	C:\WINDOWS\SYSTEM32\dhcpcsvc6.DLL
0x00007ffaf75c0000 - 0x00007ffaf75dd000 	C:\WINDOWS\SYSTEM32\dhcpcsvc.DLL
0x00007ffad6790000 - 0x00007ffad679e000 	C:\Users\timiv\.vscode\extensions\redhat.java-1.54.0-win32-x64\jre\21.0.10-win32-x86_64\bin\sunmscapi.dll
0x00007ffaffca0000 - 0x00007ffaffdfd000 	C:\WINDOWS\System32\CRYPT32.dll
0x00007ffaff740000 - 0x00007ffaff767000 	C:\WINDOWS\SYSTEM32\ncrypt.dll
0x00007ffaff700000 - 0x00007ffaff73b000 	C:\WINDOWS\SYSTEM32\NTASN1.dll
0x00007ffaff100000 - 0x00007ffaff1ca000 	C:\WINDOWS\SYSTEM32\DNSAPI.dll
0x00007ffaed180000 - 0x00007ffaed18a000 	C:\Windows\System32\rasadhlp.dll
0x00007ffad3880000 - 0x00007ffad3889000 	C:\Users\timiv\.vscode\extensions\redhat.java-1.54.0-win32-x64\jre\21.0.10-win32-x86_64\bin\extnet.dll
0x00007ffad3680000 - 0x00007ffad36a7000 	C:\Users\timiv\.gradle\native\1def1411415f61bf3af743bc5b6707747c0891f09f0c88961ee8f79bc544acac\windows-amd64\native-platform.dll
0x00007ffaf5820000 - 0x00007ffaf582a000 	C:\Users\timiv\.vscode\extensions\redhat.java-1.54.0-win32-x64\jre\21.0.10-win32-x86_64\bin\management.dll
0x00007ffad5020000 - 0x00007ffad502c000 	C:\Users\timiv\.vscode\extensions\redhat.java-1.54.0-win32-x64\jre\21.0.10-win32-x86_64\bin\management_ext.dll
0x00007ffad7200000 - 0x00007ffad7207000 	C:\WINDOWS\system32\wshunix.dll

JVMTI agents:
c:\Users\timiv\.vscode\extensions\redhat.java-1.54.0-win32-x64\lombok\lombok-1.18.39-4050.jar path:c:\Users\timiv\.vscode\extensions\redhat.java-1.54.0-win32-x64\jre\21.0.10-win32-x86_64\bin\instrument.dll, loaded, initialized, instrumentlib options:none

dbghelp: loaded successfully - version: 4.0.5 - missing functions: none
symbol engine: initialized successfully - sym options: 0x614 - pdb path: .;c:\Users\timiv\.vscode\extensions\redhat.java-1.54.0-win32-x64\jre\21.0.10-win32-x86_64\bin;C:\WINDOWS\SYSTEM32;C:\WINDOWS\WinSxS\amd64_microsoft.windows.common-controls_6595b64144ccf1df_6.0.19041.6456_none_60b8a6cb71f64256;c:\Users\timiv\.vscode\extensions\redhat.java-1.54.0-win32-x64\jre\21.0.10-win32-x86_64\bin\server;C:\Users\timiv\AppData\Roaming\Code\User\globalStorage\redhat.java\1.54.0\config_win\org.eclipse.equinox.launcher\org.eclipse.equinox.launcher.win32.win32.x86_64_1.3.0.v20260203-2149;C:\Users\timiv\AppData\Local\Temp\jna-110364613;C:\Users\timiv\.gradle\native\1def1411415f61bf3af743bc5b6707747c0891f09f0c88961ee8f79bc544acac\windows-amd64

VM Arguments:
jvm_args: --add-modules=ALL-SYSTEM --add-opens=java.base/java.util=ALL-UNNAMED --add-opens=java.base/java.lang=ALL-UNNAMED --add-opens=java.base/sun.nio.fs=ALL-UNNAMED -Declipse.application=org.eclipse.jdt.ls.core.id1 -Dosgi.bundles.defaultStartLevel=4 -Declipse.product=org.eclipse.jdt.ls.core.product -Djava.import.generatesMetadataFilesAtProjectRoot=false -DDetectVMInstallationsJob.disabled=true -Dfile.encoding=utf8 -XX:+UseParallelGC -XX:GCTimeRatio=4 -XX:AdaptiveSizePolicyWeight=90 -Dsun.zip.disableMemoryMapping=true -Xmx2G -Xms100m -Xlog:disable -javaagent:c:\Users\timiv\.vscode\extensions\redhat.java-1.54.0-win32-x64\lombok\lombok-1.18.39-4050.jar -XX:+HeapDumpOnOutOfMemoryError -XX:HeapDumpPath=c:\Users\timiv\AppData\Roaming\Code\User\workspaceStorage\d43f31c3d585829db1efbeea7e2b77cc\redhat.java -Daether.dependencyCollector.impl=bf 
java_command: c:\Users\timiv\.vscode\extensions\redhat.java-1.54.0-win32-x64\server\plugins\org.eclipse.equinox.launcher_1.7.100.v20251111-0406.jar -configuration c:\Users\timiv\AppData\Roaming\Code\User\globalStorage\redhat.java\1.54.0\config_win -data c:\Users\timiv\AppData\Roaming\Code\User\workspaceStorage\d43f31c3d585829db1efbeea7e2b77cc\redhat.java\jdt_ws --pipe=\\.\pipe\lsp-fe967832043d5b63ac1ebf57eceffbfa-sock
java_class_path (initial): c:\Users\timiv\.vscode\extensions\redhat.java-1.54.0-win32-x64\server\plugins\org.eclipse.equinox.launcher_1.7.100.v20251111-0406.jar
Launcher Type: SUN_STANDARD

[Global flags]
    uintx AdaptiveSizePolicyWeight                 = 90                                        {product} {command line}
     intx CICompilerCount                          = 3                                         {product} {ergonomic}
    uintx GCTimeRatio                              = 4                                         {product} {command line}
     bool HeapDumpOnOutOfMemoryError               = true                                   {manageable} {command line}
    ccstr HeapDumpPath                             = c:\Users\timiv\AppData\Roaming\Code\User\workspaceStorage\d43f31c3d585829db1efbeea7e2b77cc\redhat.java         {manageable} {command line}
   size_t InitialHeapSize                          = 104857600                                 {product} {command line}
   size_t MaxHeapSize                              = 2147483648                                {product} {command line}
   size_t MaxNewSize                               = 715653120                                 {product} {ergonomic}
   size_t MinHeapDeltaBytes                        = 524288                                    {product} {ergonomic}
   size_t MinHeapSize                              = 104857600                                 {product} {command line}
   size_t NewSize                                  = 34603008                                  {product} {ergonomic}
    uintx NonNMethodCodeHeapSize                   = 5832780                                {pd product} {ergonomic}
    uintx NonProfiledCodeHeapSize                  = 122912730                              {pd product} {ergonomic}
   size_t OldSize                                  = 70254592                                  {product} {ergonomic}
    uintx ProfiledCodeHeapSize                     = 122912730                              {pd product} {ergonomic}
    uintx ReservedCodeCacheSize                    = 251658240                              {pd product} {ergonomic}
     bool SegmentedCodeCache                       = true                                      {product} {ergonomic}
   size_t SoftMaxHeapSize                          = 2147483648                             {manageable} {ergonomic}
     bool UseCompressedOops                        = true                           {product lp64_product} {ergonomic}
     bool UseLargePagesIndividualAllocation        = false                                  {pd product} {ergonomic}
     bool UseParallelGC                            = true                                      {product} {command line}

Logging:
Log output configuration:
 #0: stdout all=off uptime,level,tags foldmultilines=false
 #1: stderr all=off uptime,level,tags foldmultilines=false

Release file:
JAVA_VERSION="21.0.10" 
MODULES="java.base java.compiler java.datatransfer java.xml java.prefs java.desktop java.instrument java.logging java.management java.security.sasl java.naming java.rmi java.management.rmi java.net.http java.scripting java.security.jgss java.transaction.xa java.sql java.sql.rowset java.xml.crypto java.se java.smartcardio jdk.accessibility jdk.internal.jvmstat jdk.attach jdk.charsets jdk.internal.opt jdk.zipfs jdk.compiler jdk.crypto.ec jdk.crypto.cryptoki jdk.crypto.mscapi jdk.dynalink jdk.internal.ed jdk.editpad jdk.hotspot.agent jdk.httpserver jdk.internal.le jdk.internal.vm.ci jdk.internal.vm.compiler jdk.internal.vm.compiler.management jdk.jartool jdk.javadoc jdk.jcmd jdk.management jdk.management.agent jdk.jconsole jdk.jdeps jdk.jdwp.agent jdk.jdi jdk.jfr jdk.jshell jdk.jsobject jdk.jstatd jdk.localedata jdk.management.jfr jdk.naming.dns jdk.naming.rmi jdk.net jdk.nio.mapmode jdk.random jdk.sctp jdk.security.auth jdk.security.jgss jdk.unsupported jdk.unsupported.desktop jdk.xml.dom" 

Environment Variables:
JAVA_HOME=C:\Users\timiv\scoop\apps\openjdk17\current
PATH=C:\Users\timiv\AppData\Local\Programs\Microsoft VS Code;C:\Program Files\Common Files\Oracle\Java\javapath;C:\Program Files\Python310\Scripts\;C:\Program Files\Python310\;C:\Program Files\Python39\Scripts\;C:\Program Files\Python39\;C:\Python313\Scripts\;C:\Python313\;C:\WINDOWS\system32;C:\WINDOWS;C:\WINDOWS\System32\Wbem;C:\WINDOWS\System32\WindowsPowerShell\v1.0\;C:\WINDOWS\System32\OpenSSH\;C:\ProgramData\chocolatey\bin;C:\Program Files\Git\cmd;C:\Program Files\nodejs\;C:\Program Files\Docker\Docker\resources\bin;C:\Users\timiv\AppData\Local\Microsoft\WindowsApps;C:\Users\timiv\AppData\Roaming\npm;C:\Users\timiv\AppData\Local\Microsoft\WinGet\Links;C:\Users\timiv\AppData\Local\Programs\Microsoft VS Code\bin;C:\Program Files\heroku\bin;C:\Users\timiv\scarb\bin;%PyCharm%;C:\Users\timiv\AppData\Roaming\Python\Python310\Scripts;C:\Users\timiv\apache-maven-3.9.11-bin\apache-maven-3.9.11\bin;C:\Users\timiv\scoop\apps\openjdk17\current\bin;C:\Users\timiv\scoop\shims;C:\Users\timiv\AppData\Local\Microsoft\WindowsApps;C:\Users\timiv\AppData\Roaming\npm;C:\Users\timiv\AppData\Local\Microsoft\WinGet\Links;C:\Program Files\heroku\bin;C:\Users\timiv\scarb\bin;%PyCharm%;C:\Users\timiv\AppData\Roaming\Python\Python310\Scripts;C:\Users\timiv\AppData\Local\Programs\Microsoft VS Code\bin
USERNAME=timiv
OS=Windows_NT
PROCESSOR_IDENTIFIER=Intel64 Family 6 Model 78 Stepping 3, GenuineIntel
TMP=C:\Users\timiv\AppData\Local\Temp
TEMP=C:\Users\timiv\AppData\Local\Temp




Periodic native trim disabled

---------------  S Y S T E M  ---------------

OS:
 Windows 10 , 64 bit Build 19041 (10.0.19041.5915)
OS uptime: 0 days 1:35 hours

CPU: total 4 (initial active 4) (2 cores per cpu, 2 threads per core) family 6 model 78 stepping 3 microcode 0xf0, cx8, cmov, fxsr, ht, mmx, 3dnowpref, sse, sse2, sse3, ssse3, sse4.1, sse4.2, popcnt, lzcnt, tsc, tscinvbit, avx, avx2, aes, erms, clmul, bmi1, bmi2, rtm, adx, fma, vzeroupper, clflush, clflushopt, rdtscp, f16c
Processor Information for the first 4 processors :
  Max Mhz: 2496, Current Mhz: 1497, Mhz Limit: 2396

Memory: 4k page, system-wide physical 8047M (301M free)
TotalPageFile size 32623M (AvailPageFile size 23M)
current process WorkingSet (physical memory assigned to process): 11M, peak: 284M
current process commit charge ("private bytes"): 345M, peak: 365M

vm_info: OpenJDK 64-Bit Server VM (21.0.10+7-LTS) for windows-amd64 JRE (21.0.10+7-LTS), built on 2026-01-20T00:00:00Z by "admin" with MS VC++ 17.12 (VS2022)

END.
