{"environment":"development","level":"info","message":"Runner registered: 08108371555","service":"sendrey-server","timestamp":"2026-04-04 01:16:23"}
{"duration":3068,"environment":"development","level":"warn","message":"Slow request: POST /register-runner took 3068ms","method":"POST","service":"sendrey-server","threshold":1000,"timestamp":"2026-04-04 01:16:24","url":"/register-runner"}
{"environment":"development","level":"info","message":"runner email verified via OTP: johndoe@gmail.com","service":"sendrey-server","timestamp":"2026-04-04 01:16:28"}
{"environment":"development","level":"info","message":"User authenticated: johndoe@gmail.com - GET /status","service":"sendrey-server","timestamp":"2026-04-04 01:16:28"}
{"environment":"development","level":"info","message":"User authenticated: johndoe@gmail.com - POST /accept","service":"sendrey-server","timestamp":"2026-04-04 01:16:34"}
{"environment":"development","level":"info","message":"User authenticated: johndoe@gmail.com - POST /verify/nin","service":"sendrey-server","timestamp":"2026-04-04 01:16:46"}
{"duration":2302,"environment":"development","level":"warn","message":"Slow request: POST /verify/nin took 2302ms","method":"POST","service":"sendrey-server","threshold":1000,"timestamp":"2026-04-04 01:16:48","url":"/verify/nin"}
{"environment":"development","level":"info","message":"User authenticated: johndoe@gmail.com - GET /status","service":"sendrey-server","timestamp":"2026-04-04 01:16:58"}
{"environment":"development","level":"info","message":"User authenticated: johndoe@gmail.com - POST /verify/driver-license","service":"sendrey-server","timestamp":"2026-04-04 01:16:59"}
{"duration":2613,"environment":"development","level":"warn","message":"Slow request: POST /verify/driver-license took 2613ms","method":"POST","service":"sendrey-server","threshold":1000,"timestamp":"2026-04-04 01:17:02","url":"/verify/driver-license"}
{"environment":"development","level":"info","message":"User authenticated: johndoe@gmail.com - POST /verify/selfie","service":"sendrey-server","timestamp":"2026-04-04 01:17:13"}
{"duration":3056,"environment":"development","level":"warn","message":"Slow request: POST /verify/selfie took 3056ms","method":"POST","service":"sendrey-server","threshold":1000,"timestamp":"2026-04-04 01:17:16","url":"/verify/selfie"}
{"environment":"development","level":"info","message":"User authenticated: johndoe@gmail.com - GET /status","service":"sendrey-server","timestamp":"2026-04-04 01:17:28"}
{"environment":"development","level":"info","message":"User authenticated: johndoe@gmail.com - GET /status","service":"sendrey-server","timestamp":"2026-04-04 01:18:33"}
{"environment":"development","level":"warn","message":"Client error: POST /register-user - 400","method":"POST","service":"sendrey-server","statusCode":400,"timestamp":"2026-04-04 01:18:35","url":"/register-user","userId":"anonymous"}
{"environment":"development","level":"info","message":"User authenticated: johndoe@gmail.com - GET /status","service":"sendrey-server","timestamp":"2026-04-04 01:19:06"}
{"endpoint":"register-user","environment":"development","existing":false,"level":"info","message":"Sending EMAIL SMS","service":"sendrey-server","timestamp":"2026-04-04 01:19:06","to":"johndoe0@gmail.com","userId":"69d058faf26cbbe319df1b9a","userType":"user"}
{"MessageID":"9oajO0vfevHYX07OE-_CNg2","TransactionID":"501cd515-a453-c1e9-8015-a2c02cd59382","environment":"development","level":"info","message":"Email sent via Elastic Email API to johndoe0@gmail.com","service":"sendrey-server","timestamp":"2026-04-04 01:19:07"}
{"environment":"development","level":"info","message":"User registered: 08038876020","service":"sendrey-server","timestamp":"2026-04-04 01:19:07"}
{"duration":1919,"environment":"development","level":"warn","message":"Slow request: POST /register-user took 1919ms","method":"POST","service":"sendrey-server","threshold":1000,"timestamp":"2026-04-04 01:19:07","url":"/register-user"}
{"environment":"development","level":"info","message":"user email verified via OTP: johndoe0@gmail.com","service":"sendrey-server","timestamp":"2026-04-04 01:19:13"}
{"environment":"development","level":"info","message":"User authenticated: johndoe0@gmail.com - POST /accept","service":"sendrey-server","timestamp":"2026-04-04 01:19:18"}
{"environment":"development","errorMessage":"Account already exists","errorStack":"Error: Account already exists\n    at AuthService.register (C:\\Users\\timiv\\Desktop\\sendrey-server\\services\\authService.js:33:21)\n    at process.processTicksAndRejections (node:internal/process/task_queues:105:5)\n    at async register (C:\\Users\\timiv\\Desktop\\sendrey-server\\controllers\\authController.js:40:39)","level":"error","message":"AuthService - user Register error:","service":"sendrey-server","timestamp":"2026-04-04 01:19:18"}
{"environment":"development","errorMessage":"Account already exists","errorStack":"Error: Account already exists\n    at AuthService.register (C:\\Users\\timiv\\Desktop\\sendrey-server\\services\\authService.js:33:21)\n    at process.processTicksAndRejections (node:internal/process/task_queues:105:5)\n    at async register (C:\\Users\\timiv\\Desktop\\sendrey-server\\controllers\\authController.js:40:39)","level":"error","message":"User registration error:","service":"sendrey-server","timestamp":"2026-04-04 01:19:18"}
{"environment":"development","level":"warn","message":"Client error: POST /register-user - 409","method":"POST","service":"sendrey-server","statusCode":409,"timestamp":"2026-04-04 01:19:18","url":"/register-user","userId":"anonymous"}
{"environment":"development","level":"info","message":"User authenticated: johndoe@gmail.com - GET /status","service":"sendrey-server","timestamp":"2026-04-04 01:19:28"}
{"environment":"development","level":"info","message":"User authenticated: johndoe0@gmail.com - GET /suggestion/status","service":"sendrey-server","timestamp":"2026-04-04 01:19:48"}
{"environment":"development","level":"info","message":"User authenticated: johndoe0@gmail.com - PUT /profile","service":"sendrey-server","timestamp":"2026-04-04 01:19:53"}
{"environment":"development","level":"info","message":"User authenticated: johndoe0@gmail.com - GET /nearby-runners","service":"sendrey-server","timestamp":"2026-04-04 01:19:54"}
{"environment":"development","level":"info","message":"User authenticated: johndoe@gmail.com - GET /nearby-users","service":"sendrey-server","timestamp":"2026-04-04 01:19:55"}
{"environment":"development","level":"info","message":"User authenticated: johndoe@gmail.com - GET /status","service":"sendrey-server","timestamp":"2026-04-04 01:19:58"}
{"environment":"development","level":"info","message":"User authenticated: johndoe@gmail.com - GET /nearby-users","service":"sendrey-server","timestamp":"2026-04-04 01:20:12"}
{"environment":"development","level":"info","message":"User authenticated: johndoe0@gmail.com - GET /me","service":"sendrey-server","timestamp":"2026-04-04 01:20:27"}
{"environment":"development","level":"info","message":"User authenticated: johndoe0@gmail.com - GET /me","service":"sendrey-server","timestamp":"2026-04-04 01:20:27"}
{"environment":"development","errorMessage":"Account already exists","errorStack":"Error: Account already exists\n    at AuthService.register (C:\\Users\\timiv\\Desktop\\sendrey-server\\services\\authService.js:33:21)\n    at process.processTicksAndRejections (node:internal/process/task_queues:105:5)\n    at async registerRunner (C:\\Users\\timiv\\Desktop\\sendrey-server\\controllers\\authController.js:138:47)","level":"error","message":"AuthService - runner Register error:","service":"sendrey-server","timestamp":"2026-04-04 01:20:42"}
{"environment":"development","errorMessage":"Account already exists","errorStack":"Error: Account already exists\n    at AuthService.register (C:\\Users\\timiv\\Desktop\\sendrey-server\\services\\authService.js:33:21)\n    at process.processTicksAndRejections (node:internal/process/task_queues:105:5)\n    at async registerRunner (C:\\Users\\timiv\\Desktop\\sendrey-server\\controllers\\authController.js:138:47)","level":"error","message":"User registration error:","service":"sendrey-server","timestamp":"2026-04-04 01:20:42"}
{"environment":"development","level":"warn","message":"Client error: POST /register-runner - 409","method":"POST","service":"sendrey-server","statusCode":409,"timestamp":"2026-04-04 01:20:42","url":"/register-runner","userId":"anonymous"}
{"environment":"development","level":"info","message":"Returning runner OTP sent: johndoe@gmail.com","service":"sendrey-server","timestamp":"2026-04-04 01:20:50"}
{"MessageID":"BnEw5M_gStVTok9Cye3Wvg2","TransactionID":"501cd533-0a54-0176-8033-f4e60af3b285","environment":"development","level":"info","message":"Email sent via Elastic Email API to johndoe@gmail.com","service":"sendrey-server","timestamp":"2026-04-04 01:20:51"}
{"environment":"development","level":"info","message":"runner email verified via OTP: johndoe@gmail.com","service":"sendrey-server","timestamp":"2026-04-04 01:21:00"}
{"environment":"development","level":"info","message":"User authenticated: johndoe@gmail.com - GET /status","service":"sendrey-server","timestamp":"2026-04-04 01:21:00"}
{"environment":"development","level":"info","message":"User authenticated: johndoe0@gmail.com - GET /nearby-runners","service":"sendrey-server","timestamp":"2026-04-04 01:21:15"}
{"duration":1073,"environment":"development","level":"warn","message":"Slow request: GET /nearby-runners?latitude=6.4574454702260535&longitude=3.581036796200194&serviceType=run-errand&fleetType=bike took 1073ms","method":"GET","service":"sendrey-server","threshold":1000,"timestamp":"2026-04-04 01:21:16","url":"/nearby-runners?latitude=6.4574454702260535&longitude=3.581036796200194&serviceType=run-errand&fleetType=bike"}
{"environment":"development","level":"info","message":"User authenticated: johndoe@gmail.com - GET /nearby-users","service":"sendrey-server","timestamp":"2026-04-04 01:21:18"}
{"environment":"development","level":"info","message":"User authenticated: johndoe@gmail.com - PUT /update-profile","service":"sendrey-server","timestamp":"2026-04-04 01:21:24"}
{"environment":"development","level":"info","message":"Profile updated for runner: johndoe@gmail.com","service":"sendrey-server","timestamp":"2026-04-04 01:21:25"}
{"environment":"development","level":"info","message":"User authenticated: johndoe@gmail.com - GET /nearby-users","service":"sendrey-server","timestamp":"2026-04-04 01:21:25"}
{"environment":"development","level":"info","message":"User authenticated: johndoe0@gmail.com - GET /by-chat/user-69d058faf26cbbe319df1b9a-runner-69d05855f26cbbe319df1b6e","service":"sendrey-server","timestamp":"2026-04-04 01:21:29"}
{"environment":"development","level":"warn","message":"Client error: GET /by-chat/user-69d058faf26cbbe319df1b9a-runner-69d05855f26cbbe319df1b6e - 404","method":"GET","service":"sendrey-server","statusCode":404,"timestamp":"2026-04-04 01:21:30","url":"/by-chat/user-69d058faf26cbbe319df1b9a-runner-69d05855f26cbbe319df1b6e","userId":"69d058faf26cbbe319df1b9a"}
{"environment":"development","level":"info","message":"User authenticated: johndoe0@gmail.com - GET /by-chat/user-69d058faf26cbbe319df1b9a-runner-69d05855f26cbbe319df1b6e","service":"sendrey-server","timestamp":"2026-04-04 01:21:30"}
{"environment":"development","level":"warn","message":"Client error: GET /by-chat/user-69d058faf26cbbe319df1b9a-runner-69d05855f26cbbe319df1b6e - 404","method":"GET","service":"sendrey-server","statusCode":404,"timestamp":"2026-04-04 01:21:30","url":"/by-chat/user-69d058faf26cbbe319df1b9a-runner-69d05855f26cbbe319df1b6e","userId":"69d058faf26cbbe319df1b9a"}
{"environment":"development","level":"info","message":"User authenticated: johndoe@gmail.com - GET /by-chat/user-69d058faf26cbbe319df1b9a-runner-69d05855f26cbbe319df1b6e","service":"sendrey-server","timestamp":"2026-04-04 01:21:30"}
{"environment":"development","level":"info","message":"User authenticated: johndoe@gmail.com - GET /by-chat/user-69d058faf26cbbe319df1b9a-runner-69d05855f26cbbe319df1b6e","service":"sendrey-server","timestamp":"2026-04-04 01:21:31"}
{"environment":"development","level":"info","message":"User authenticated: johndoe@gmail.com - GET /by-chat/user-69d058faf26cbbe319df1b9a-runner-69d05855f26cbbe319df1b6e","service":"sendrey-server","timestamp":"2026-04-04 01:21:31"}
{"environment":"development","level":"info","message":"User authenticated: johndoe0@gmail.com - GET /by-chat/user-69d058faf26cbbe319df1b9a-runner-69d05855f26cbbe319df1b6e","service":"sendrey-server","timestamp":"2026-04-04 01:25:57"}
{"environment":"development","level":"info","message":"User authenticated: johndoe0@gmail.com - GET /by-chat/user-69d058faf26cbbe319df1b9a-runner-69d05855f26cbbe319df1b6e","service":"sendrey-server","timestamp":"2026-04-04 01:25:58"}
{"environment":"development","level":"info","message":"User authenticated: johndoe0@gmail.com - GET /by-chat/user-69d058faf26cbbe319df1b9a-runner-69d05855f26cbbe319df1b6e","service":"sendrey-server","timestamp":"2026-04-04 01:25:58"}
{"environment":"development","level":"info","message":"User authenticated: johndoe0@gmail.com - POST /intent","service":"sendrey-server","timestamp":"2026-04-04 01:26:15"}
{"duration":1008,"environment":"development","level":"warn","message":"Slow request: POST /intent took 1008ms","method":"POST","service":"sendrey-server","threshold":1000,"timestamp":"2026-04-04 01:26:16","url":"/intent"}
{"environment":"development","level":"info","message":"✅ Order ORD-MNJL7NS9-C339R saved with paymentStatus: paid","service":"sendrey-server","timestamp":"2026-04-04 01:26:27"}
{"environment":"development","level":"info","message":"Room user-69d058faf26cbbe319df1b9a-runner-69d05855f26cbbe319df1b6e has 2 sockets","service":"sendrey-server","timestamp":"2026-04-04 01:26:28"}
{"environment":"development","level":"info","message":"✅ Payment confirmed for order ORD-MNJL7NS9-C339R, system message sent","service":"sendrey-server","timestamp":"2026-04-04 01:26:28"}
{"environment":"development","level":"info","logLevel":"info","message":"Logger Service started successfully","nodeVersion":"v22.13.0","service":"Logger Service","timestamp":"2026-04-04 01:59:54","type":"startup"}
{"environment":"development","level":"info","logLevel":"info","message":"Logger Service started successfully","nodeVersion":"v22.13.0","service":"Logger Service","timestamp":"2026-04-04 01:59:52","type":"startup"}
{"environment":"development","level":"info","message":"Twilio SMS service initialized successfully","service":"sendrey-server","timestamp":"2026-04-04 01:59:53"}
{"environment":"development","level":"info","message":"User authenticated: johndoe@gmail.com - GET /by-chat/user-69d058faf26cbbe319df1b9a-runner-69d05855f26cbbe319df1b6e","service":"sendrey-server","timestamp":"2026-04-04 02:00:19"}
{"environment":"development","level":"info","message":"User authenticated: johndoe@gmail.com - GET /wallet/banks","service":"sendrey-server","timestamp":"2026-04-04 02:09:30"}
{"environment":"development","level":"info","message":"getRunnerPayout | chatId=user-69d058faf26cbbe319df1b9a-runner-69d05855f26cbbe319df1b6e | found=true | orderId=ORD-MNJL7NS9-C339R | itemBudget=14000 | usedPayoutSystem=false","service":"sendrey-server","timestamp":"2026-04-04 02:09:30"}
{"environment":"development","level":"info","message":"getRunnerPayout | chatId=user-69d058faf26cbbe319df1b9a-runner-69d05855f26cbbe319df1b6e | found=true | orderId=ORD-MNJL7NS9-C339R | itemBudget=14000 | usedPayoutSystem=false","service":"sendrey-server","timestamp":"2026-04-04 02:09:30"}
{"environment":"development","level":"info","message":"getRunnerPayout | chatId=user-69d058faf26cbbe319df1b9a-runner-69d05855f26cbbe319df1b6e | found=true | orderId=ORD-MNJL7NS9-C339R | itemBudget=14000 | usedPayoutSystem=false","service":"sendrey-server","timestamp":"2026-04-04 02:09:30"}
{"environment":"development","level":"info","message":"getRunnerPayout | chatId=user-69d058faf26cbbe319df1b9a-runner-69d05855f26cbbe319df1b6e | found=true | orderId=ORD-MNJL7NS9-C339R | itemBudget=14000 | usedPayoutSystem=false","service":"sendrey-server","timestamp":"2026-04-04 02:09:30"}
{"environment":"development","level":"info","message":"User authenticated: johndoe@gmail.com - GET /receipts","service":"sendrey-server","timestamp":"2026-04-04 02:09:30"}
{"duration":1055,"environment":"development","level":"warn","message":"Slow request: GET /wallet/banks took 1055ms","method":"GET","service":"sendrey-server","threshold":1000,"timestamp":"2026-04-04 02:09:31","url":"/wallet/banks"}
{"environment":"development","level":"info","message":"User authenticated: johndoe@gmail.com - GET /receipts","service":"sendrey-server","timestamp":"2026-04-04 02:09:31"}
{"environment":"development","level":"info","message":"User authenticated: johndoe@gmail.com - GET /wallet/banks","service":"sendrey-server","timestamp":"2026-04-04 02:09:31"}
{"environment":"development","level":"info","message":"User authenticated: johndoe@gmail.com - GET /receipts","service":"sendrey-server","timestamp":"2026-04-04 02:09:31"}
{"environment":"development","level":"info","message":"User authenticated: johndoe@gmail.com - GET /receipts","service":"sendrey-server","timestamp":"2026-04-04 02:09:32"}
{"environment":"development","level":"info","message":"getRunnerPayout | chatId=user-69d058faf26cbbe319df1b9a-runner-69d05855f26cbbe319df1b6e | found=true | orderId=ORD-MNJL7NS9-C339R | itemBudget=14000 | usedPayoutSystem=false","service":"sendrey-server","timestamp":"2026-04-04 02:09:34"}
{"environment":"development","level":"info","message":"User authenticated: johndoe@gmail.com - GET /runner/69d05855f26cbbe319df1b6e","service":"sendrey-server","timestamp":"2026-04-04 02:09:35"}
{"environment":"development","level":"info","message":"User authenticated: johndoe@gmail.com - GET /profile","service":"sendrey-server","timestamp":"2026-04-04 02:09:35"}
{"environment":"development","level":"info","message":"User authenticated: johndoe@gmail.com - GET /profile","service":"sendrey-server","timestamp":"2026-04-04 02:09:36"}
{"environment":"development","level":"info","message":"User authenticated: johndoe@gmail.com - GET /runner/69d05855f26cbbe319df1b6e","service":"sendrey-server","timestamp":"2026-04-04 02:09:36"}
{"environment":"development","level":"info","message":"User authenticated: johndoe@gmail.com - POST /set-pin","service":"sendrey-server","timestamp":"2026-04-04 02:09:41"}
{"environment":"development","level":"info","message":"getRunnerPayout | chatId=user-69d058faf26cbbe319df1b9a-runner-69d05855f26cbbe319df1b6e | found=true | orderId=ORD-MNJL7NS9-C339R | itemBudget=14000 | usedPayoutSystem=false","service":"sendrey-server","timestamp":"2026-04-04 02:09:45"}
{"environment":"development","level":"info","message":"getRunnerPayout | chatId=user-69d058faf26cbbe319df1b9a-runner-69d05855f26cbbe319df1b6e | found=true | orderId=ORD-MNJL7NS9-C339R | itemBudget=14000 | usedPayoutSystem=false","service":"sendrey-server","timestamp":"2026-04-04 02:09:46"}
{"environment":"development","level":"info","message":"getRunnerPayout | chatId=user-69d058faf26cbbe319df1b9a-runner-69d05855f26cbbe319df1b6e | found=true | orderId=ORD-MNJL7NS9-C339R | itemBudget=14000 | usedPayoutSystem=false","service":"sendrey-server","timestamp":"2026-04-04 02:09:46"}
{"environment":"development","level":"info","message":"getRunnerPayout | chatId=user-69d058faf26cbbe319df1b9a-runner-69d05855f26cbbe319df1b6e | found=true | orderId=ORD-MNJL7NS9-C339R | itemBudget=14000 | usedPayoutSystem=false","service":"sendrey-server","timestamp":"2026-04-04 02:09:46"}
{"environment":"development","level":"info","message":"getRunnerPayout | chatId=user-69d058faf26cbbe319df1b9a-runner-69d05855f26cbbe319df1b6e | found=true | orderId=ORD-MNJL7NS9-C339R | itemBudget=14000 | usedPayoutSystem=false","service":"sendrey-server","timestamp":"2026-04-04 02:09:46"}
{"environment":"development","level":"info","message":"User authenticated: johndoe@gmail.com - GET /receipts","service":"sendrey-server","timestamp":"2026-04-04 02:09:46"}
{"environment":"development","level":"info","message":"User authenticated: johndoe@gmail.com - GET /receipts","service":"sendrey-server","timestamp":"2026-04-04 02:09:47"}
{"environment":"development","level":"info","message":"User authenticated: johndoe@gmail.com - GET /receipts","service":"sendrey-server","timestamp":"2026-04-04 02:09:47"}
{"environment":"development","level":"info","message":"User authenticated: johndoe@gmail.com - GET /receipts","service":"sendrey-server","timestamp":"2026-04-04 02:09:48"}
{"environment":"development","level":"info","message":"User authenticated: johndoe@gmail.com - POST /wallet/verify-account","service":"sendrey-server","timestamp":"2026-04-04 02:10:14"}
{"duration":1001,"environment":"development","level":"warn","message":"Slow request: POST /wallet/verify-account took 1001ms","method":"POST","service":"sendrey-server","threshold":1000,"timestamp":"2026-04-04 02:10:15","url":"/wallet/verify-account"}
{"environment":"development","level":"info","message":"User authenticated: johndoe@gmail.com - POST /verify-pin","service":"sendrey-server","timestamp":"2026-04-04 02:10:19"}
{"environment":"development","level":"info","message":"User authenticated: johndoe@gmail.com - POST /transfer-to-vendor","service":"sendrey-server","timestamp":"2026-04-04 02:10:21"}
{"environment":"development","level":"info","message":"transferToVendor | orderId=ORD-MNJL7NS9-C339R | vendor=hope | amount=₦14000 | ref=mock-ref-1775265023509","service":"sendrey-server","timestamp":"2026-04-04 02:10:23"}
{"duration":2080,"environment":"development","level":"warn","message":"Slow request: POST /transfer-to-vendor took 2080ms","method":"POST","service":"sendrey-server","threshold":1000,"timestamp":"2026-04-04 02:10:23","url":"/transfer-to-vendor"}
{"environment":"development","level":"info","message":"User authenticated: johndoe@gmail.com - GET /wallet/balance","service":"sendrey-server","timestamp":"2026-04-04 02:10:24"}
{"environment":"development","level":"info","message":"User authenticated: johndoe@gmail.com - GET /receipts","service":"sendrey-server","timestamp":"2026-04-04 02:10:24"}
{"environment":"development","level":"info","message":"getRunnerPayout | chatId=user-69d058faf26cbbe319df1b9a-runner-69d05855f26cbbe319df1b6e | found=true | orderId=ORD-MNJL7NS9-C339R | itemBudget=14000 | usedPayoutSystem=true","service":"sendrey-server","timestamp":"2026-04-04 02:10:28"}
{"environment":"development","level":"info","message":"getRunnerPayout | chatId=user-69d058faf26cbbe319df1b9a-runner-69d05855f26cbbe319df1b6e | found=true | orderId=ORD-MNJL7NS9-C339R | itemBudget=14000 | usedPayoutSystem=true","service":"sendrey-server","timestamp":"2026-04-04 02:10:39"}
{"environment":"development","level":"info","message":"getRunnerPayout | chatId=user-69d058faf26cbbe319df1b9a-runner-69d05855f26cbbe319df1b6e | found=true | orderId=ORD-MNJL7NS9-C339R | itemBudget=14000 | usedPayoutSystem=true","service":"sendrey-server","timestamp":"2026-04-04 02:10:39"}
{"environment":"development","level":"info","message":"getRunnerPayout | chatId=user-69d058faf26cbbe319df1b9a-runner-69d05855f26cbbe319df1b6e | found=true | orderId=ORD-MNJL7NS9-C339R | itemBudget=14000 | usedPayoutSystem=true","service":"sendrey-server","timestamp":"2026-04-04 02:10:39"}
{"environment":"development","level":"info","message":"getRunnerPayout | chatId=user-69d058faf26cbbe319df1b9a-runner-69d05855f26cbbe319df1b6e | found=true | orderId=ORD-MNJL7NS9-C339R | itemBudget=14000 | usedPayoutSystem=true","service":"sendrey-server","timestamp":"2026-04-04 02:10:39"}
{"environment":"development","level":"info","message":"User authenticated: johndoe@gmail.com - GET /receipts","service":"sendrey-server","timestamp":"2026-04-04 02:10:39"}
{"environment":"development","level":"info","message":"User authenticated: johndoe@gmail.com - GET /receipts","service":"sendrey-server","timestamp":"2026-04-04 02:10:40"}
{"environment":"development","level":"info","message":"User authenticated: johndoe@gmail.com - GET /receipts","service":"sendrey-server","timestamp":"2026-04-04 02:10:40"}
{"environment":"development","level":"info","message":"User authenticated: johndoe@gmail.com - GET /receipts","service":"sendrey-server","timestamp":"2026-04-04 02:10:41"}
{"environment":"development","level":"info","message":"User authenticated: johndoe@gmail.com - GET /current","service":"sendrey-server","timestamp":"2026-04-04 02:10:46"}
{"environment":"development","level":"info","message":"User authenticated: johndoe@gmail.com - GET /receipts","service":"sendrey-server","timestamp":"2026-04-04 02:10:46"}
{"environment":"development","level":"info","message":"getRunnerPayout | chatId=user-69d058faf26cbbe319df1b9a-runner-69d05855f26cbbe319df1b6e | found=true | orderId=ORD-MNJL7NS9-C339R | itemBudget=14000 | usedPayoutSystem=true","service":"sendrey-server","timestamp":"2026-04-04 02:10:47"}
{"environment":"development","level":"info","message":"User authenticated: johndoe@gmail.com - GET /receipts","service":"sendrey-server","timestamp":"2026-04-04 02:10:47"}
{"environment":"development","level":"info","message":"getRunnerPayout | chatId=user-69d058faf26cbbe319df1b9a-runner-69d05855f26cbbe319df1b6e | found=true | orderId=ORD-MNJL7NS9-C339R | itemBudget=14000 | usedPayoutSystem=true","service":"sendrey-server","timestamp":"2026-04-04 02:10:53"}
{"environment":"development","level":"info","message":"User authenticated: johndoe@gmail.com - GET /status","service":"sendrey-server","timestamp":"2026-04-04 02:22:02"}
{"environment":"development","level":"info","message":"User authenticated: johndoe@gmail.com - GET /status","service":"sendrey-server","timestamp":"2026-04-04 02:22:03"}
{"environment":"development","level":"info","message":"getRunnerPayout | chatId=user-69d058faf26cbbe319df1b9a-runner-69d05855f26cbbe319df1b6e | found=true | orderId=ORD-MNJL7NS9-C339R | itemBudget=14000 | usedPayoutSystem=true","service":"sendrey-server","timestamp":"2026-04-04 02:22:06"}
{"environment":"development","level":"info","message":"User authenticated: johndoe@gmail.com - GET /status","service":"sendrey-server","timestamp":"2026-04-04 02:26:10"}
{"environment":"development","level":"info","message":"User authenticated: johndoe@gmail.com - GET /status","service":"sendrey-server","timestamp":"2026-04-04 02:26:10"}
{"environment":"development","level":"info","message":"getRunnerPayout | chatId=user-69d058faf26cbbe319df1b9a-runner-69d05855f26cbbe319df1b6e | found=true | orderId=ORD-MNJL7NS9-C339R | itemBudget=14000 | usedPayoutSystem=true","service":"sendrey-server","timestamp":"2026-04-04 02:26:13"}
{"chatId":"user-69d058faf26cbbe319df1b9a-runner-69d05855f26cbbe319df1b6e","environment":"development","level":"info","message":"Task Completed:","orderId":"ORD-MNJL7NS9-C339R","runnerId":"69d05855f26cbbe319df1b6e","service":"sendrey-server","timestamp":"2026-04-04 02:27:26","userId":"69d058faf26cbbe319df1b9a"}
{"environment":"development","level":"error","message":"payoutToRunner failed for order ORD-MNJL7NS9-C339R:","service":"sendrey-server","timestamp":"2026-04-04 02:27:27"}
{"environment":"development","level":"info","message":"User authenticated: johndoe0@gmail.com - GET /can-rate/ORD-MNJL7NS9-C339R","service":"sendrey-server","timestamp":"2026-04-04 02:27:27"}
{"environment":"development","level":"info","message":"User authenticated: johndoe0@gmail.com - GET /can-rate/ORD-MNJL7NS9-C339R","service":"sendrey-server","timestamp":"2026-04-04 02:27:28"}
{"environment":"development","level":"info","message":"Task ORD-MNJL7NS9-C339R completed. Runner 69d05855f26cbbe319df1b6e and user 69d058faf26cbbe319df1b9a freed. Chat cleared for fresh start.","service":"sendrey-server","timestamp":"2026-04-04 02:27:29"}
{"environment":"development","level":"info","message":"User authenticated: johndoe@gmail.com - GET /status","service":"sendrey-server","timestamp":"2026-04-04 02:27:30"}
{"environment":"development","level":"info","message":"User authenticated: johndoe@gmail.com - GET /status","service":"sendrey-server","timestamp":"2026-04-04 02:27:31"}
{"environment":"development","level":"info","message":"getRunnerPayout | chatId=user-69d058faf26cbbe319df1b9a-runner-69d05855f26cbbe319df1b6e | found=true | orderId=ORD-MNJL7NS9-C339R | itemBudget=14000 | usedPayoutSystem=true","service":"sendrey-server","timestamp":"2026-04-04 02:27:32"}
{"environment":"development","level":"info","message":"getRunnerPayout | chatId=user-69d058faf26cbbe319df1b9a-runner-69d05855f26cbbe319df1b6e | found=true | orderId=ORD-MNJL7NS9-C339R | itemBudget=14000 | usedPayoutSystem=true","service":"sendrey-server","timestamp":"2026-04-04 02:27:35"}
{"environment":"development","level":"info","message":"getRunnerPayout | chatId=user-69d058faf26cbbe319df1b9a-runner-69d05855f26cbbe319df1b6e | found=true | orderId=ORD-MNJL7NS9-C339R | itemBudget=14000 | usedPayoutSystem=true","service":"sendrey-server","timestamp":"2026-04-04 02:27:35"}
{"environment":"development","level":"info","message":"getRunnerPayout | chatId=user-69d058faf26cbbe319df1b9a-runner-69d05855f26cbbe319df1b6e | found=true | orderId=ORD-MNJL7NS9-C339R | itemBudget=14000 | usedPayoutSystem=true","service":"sendrey-server","timestamp":"2026-04-04 02:27:35"}
{"environment":"development","level":"info","message":"getRunnerPayout | chatId=user-69d058faf26cbbe319df1b9a-runner-69d05855f26cbbe319df1b6e | found=true | orderId=ORD-MNJL7NS9-C339R | itemBudget=14000 | usedPayoutSystem=true","service":"sendrey-server","timestamp":"2026-04-04 02:27:35"}
{"environment":"development","level":"info","message":"User authenticated: johndoe@gmail.com - GET /receipts","service":"sendrey-server","timestamp":"2026-04-04 02:27:35"}
{"environment":"development","level":"info","message":"User authenticated: johndoe@gmail.com - GET /receipts","service":"sendrey-server","timestamp":"2026-04-04 02:27:36"}
{"environment":"development","level":"info","message":"User authenticated: johndoe@gmail.com - GET /receipts","service":"sendrey-server","timestamp":"2026-04-04 02:27:36"}
{"environment":"development","level":"info","message":"User authenticated: johndoe@gmail.com - GET /receipts","service":"sendrey-server","timestamp":"2026-04-04 02:27:37"}
{"environment":"development","level":"info","message":"getRunnerPayout | chatId=user-69d058faf26cbbe319df1b9a-runner-69d05855f26cbbe319df1b6e | found=true | orderId=ORD-MNJL7NS9-C339R | itemBudget=14000 | usedPayoutSystem=true","service":"sendrey-server","timestamp":"2026-04-04 02:27:41"}
{"environment":"development","level":"info","message":"User authenticated: johndoe@gmail.com - GET /status","service":"sendrey-server","timestamp":"2026-04-04 02:27:42"}
{"environment":"development","level":"info","message":"User authenticated: johndoe@gmail.com - GET /status","service":"sendrey-server","timestamp":"2026-04-04 02:27:43"}
{"environment":"development","level":"info","message":"User authenticated: johndoe@gmail.com - GET /status","service":"sendrey-server","timestamp":"2026-04-04 02:28:12"}
{"environment":"development","level":"info","message":"getRunnerPayout | chatId=user-69d058faf26cbbe319df1b9a-runner-69d05855f26cbbe319df1b6e | found=true | orderId=ORD-MNJL7NS9-C339R | itemBudget=14000 | usedPayoutSystem=true","service":"sendrey-server","timestamp":"2026-04-04 02:28:37"}
{"environment":"development","level":"info","message":"User authenticated: johndoe@gmail.com - GET /wallet/transactions","service":"sendrey-server","timestamp":"2026-04-04 02:28:51"}
{"environment":"development","level":"info","message":"User authenticated: johndoe@gmail.com - GET /wallet/banks","service":"sendrey-server","timestamp":"2026-04-04 02:28:51"}
{"environment":"development","level":"info","message":"User authenticated: johndoe@gmail.com - GET /wallet/balance","service":"sendrey-server","timestamp":"2026-04-04 02:28:51"}
{"environment":"development","level":"info","message":"User authenticated: johndoe@gmail.com - GET /wallet/balance","service":"sendrey-server","timestamp":"2026-04-04 02:28:51"}
{"environment":"development","level":"info","message":"User authenticated: johndoe@gmail.com - GET /wallet/transactions","service":"sendrey-server","timestamp":"2026-04-04 02:28:52"}
{"duration":1181,"environment":"development","level":"warn","message":"Slow request: GET /wallet/banks took 1181ms","method":"GET","service":"sendrey-server","threshold":1000,"timestamp":"2026-04-04 02:28:52","url":"/wallet/banks"}
{"environment":"development","level":"info","message":"User authenticated: johndoe@gmail.com - GET /wallet/banks","service":"sendrey-server","timestamp":"2026-04-04 02:28:52"}
{"environment":"development","level":"info","message":"getRunnerPayout | chatId=user-69d058faf26cbbe319df1b9a-runner-69d05855f26cbbe319df1b6e | found=true | orderId=ORD-MNJL7NS9-C339R | itemBudget=14000 | usedPayoutSystem=true","service":"sendrey-server","timestamp":"2026-04-04 02:28:55"}
{"environment":"development","level":"info","logLevel":"info","message":"Logger Service started successfully","nodeVersion":"v22.13.0","service":"Logger Service","timestamp":"2026-04-04 02:31:13","type":"startup"}
{"environment":"development","level":"info","logLevel":"info","message":"Logger Service started successfully","nodeVersion":"v22.13.0","service":"Logger Service","timestamp":"2026-04-04 02:31:09","type":"startup"}
{"environment":"development","level":"info","message":"Twilio SMS service initialized successfully","service":"sendrey-server","timestamp":"2026-04-04 02:31:10"}
{"environment":"development","level":"info","message":"getRunnerPayout | chatId=user-69d058faf26cbbe319df1b9a-runner-69d05855f26cbbe319df1b6e | found=true | orderId=ORD-MNJL7NS9-C339R | itemBudget=14000 | usedPayoutSystem=true","service":"sendrey-server","timestamp":"2026-04-04 02:31:51"}
{"environment":"development","level":"info","message":"getRunnerPayout | chatId=user-69d058faf26cbbe319df1b9a-runner-69d05855f26cbbe319df1b6e | found=true | orderId=ORD-MNJL7NS9-C339R | itemBudget=14000 | usedPayoutSystem=true","service":"sendrey-server","timestamp":"2026-04-04 02:31:51"}
{"environment":"development","level":"info","message":"getRunnerPayout | chatId=user-69d058faf26cbbe319df1b9a-runner-69d05855f26cbbe319df1b6e | found=true | orderId=ORD-MNJL7NS9-C339R | itemBudget=14000 | usedPayoutSystem=true","service":"sendrey-server","timestamp":"2026-04-04 02:31:51"}
{"environment":"development","level":"info","message":"getRunnerPayout | chatId=user-69d058faf26cbbe319df1b9a-runner-69d05855f26cbbe319df1b6e | found=true | orderId=ORD-MNJL7NS9-C339R | itemBudget=14000 | usedPayoutSystem=true","service":"sendrey-server","timestamp":"2026-04-04 02:31:51"}
{"environment":"development","level":"info","message":"User authenticated: johndoe@gmail.com - GET /receipts","service":"sendrey-server","timestamp":"2026-04-04 02:31:51"}
{"environment":"development","level":"info","message":"User authenticated: johndoe@gmail.com - GET /receipts","service":"sendrey-server","timestamp":"2026-04-04 02:31:52"}
{"environment":"development","level":"info","message":"User authenticated: johndoe@gmail.com - GET /receipts","service":"sendrey-server","timestamp":"2026-04-04 02:31:52"}
{"environment":"development","level":"info","message":"User authenticated: johndoe@gmail.com - GET /receipts","service":"sendrey-server","timestamp":"2026-04-04 02:31:53"}
{"environment":"development","level":"info","message":"getRunnerPayout | chatId=user-69d058faf26cbbe319df1b9a-runner-69d05855f26cbbe319df1b6e | found=true | orderId=ORD-MNJL7NS9-C339R | itemBudget=14000 | usedPayoutSystem=true","service":"sendrey-server","timestamp":"2026-04-04 02:32:50"}
{"environment":"development","level":"info","message":"getRunnerPayout | chatId=user-69d058faf26cbbe319df1b9a-runner-69d05855f26cbbe319df1b6e | found=true | orderId=ORD-MNJL7NS9-C339R | itemBudget=14000 | usedPayoutSystem=true","service":"sendrey-server","timestamp":"2026-04-04 02:32:50"}
{"environment":"development","level":"info","message":"User authenticated: johndoe@gmail.com - GET /receipts","service":"sendrey-server","timestamp":"2026-04-04 02:32:50"}
{"environment":"development","level":"info","message":"User authenticated: johndoe@gmail.com - GET /receipts","service":"sendrey-server","timestamp":"2026-04-04 02:32:50"}
{"environment":"development","level":"info","message":"getRunnerPayout | chatId=user-69d058faf26cbbe319df1b9a-runner-69d05855f26cbbe319df1b6e | found=true | orderId=ORD-MNJL7NS9-C339R | itemBudget=14000 | usedPayoutSystem=true","service":"sendrey-server","timestamp":"2026-04-04 02:33:12"}
{"environment":"development","level":"info","message":"getRunnerPayout | chatId=user-69d058faf26cbbe319df1b9a-runner-69d05855f26cbbe319df1b6e | found=true | orderId=ORD-MNJL7NS9-C339R | itemBudget=14000 | usedPayoutSystem=true","service":"sendrey-server","timestamp":"2026-04-04 02:33:12"}
{"environment":"development","level":"info","message":"User authenticated: johndoe@gmail.com - GET /receipts","service":"sendrey-server","timestamp":"2026-04-04 02:33:12"}
{"environment":"development","level":"info","message":"User authenticated: johndoe@gmail.com - GET /receipts","service":"sendrey-server","timestamp":"2026-04-04 02:33:13"}
{"environment":"development","level":"info","message":"getRunnerPayout | chatId=user-69d058faf26cbbe319df1b9a-runner-69d05855f26cbbe319df1b6e | found=true | orderId=ORD-MNJL7NS9-C339R | itemBudget=14000 | usedPayoutSystem=true","service":"sendrey-server","timestamp":"2026-04-04 02:33:28"}
{"environment":"development","level":"info","message":"getRunnerPayout | chatId=user-69d058faf26cbbe319df1b9a-runner-69d05855f26cbbe319df1b6e | found=true | orderId=ORD-MNJL7NS9-C339R | itemBudget=14000 | usedPayoutSystem=true","service":"sendrey-server","timestamp":"2026-04-04 02:33:28"}
{"environment":"development","level":"info","message":"User authenticated: johndoe@gmail.com - GET /receipts","service":"sendrey-server","timestamp":"2026-04-04 02:33:29"}
{"environment":"development","level":"info","message":"User authenticated: johndoe@gmail.com - GET /receipts","service":"sendrey-server","timestamp":"2026-04-04 02:33:29"}
{"environment":"development","level":"info","message":"getRunnerPayout | chatId=user-69d058faf26cbbe319df1b9a-runner-69d05855f26cbbe319df1b6e | found=true | orderId=ORD-MNJL7NS9-C339R | itemBudget=14000 | usedPayoutSystem=true","service":"sendrey-server","timestamp":"2026-04-04 02:33:42"}
{"environment":"development","level":"info","message":"getRunnerPayout | chatId=user-69d058faf26cbbe319df1b9a-runner-69d05855f26cbbe319df1b6e | found=true | orderId=ORD-MNJL7NS9-C339R | itemBudget=14000 | usedPayoutSystem=true","service":"sendrey-server","timestamp":"2026-04-04 02:33:43"}
{"environment":"development","level":"info","message":"getRunnerPayout | chatId=user-69d058faf26cbbe319df1b9a-runner-69d05855f26cbbe319df1b6e | found=true | orderId=ORD-MNJL7NS9-C339R | itemBudget=14000 | usedPayoutSystem=true","service":"sendrey-server","timestamp":"2026-04-04 02:33:43"}
{"environment":"development","level":"info","message":"getRunnerPayout | chatId=user-69d058faf26cbbe319df1b9a-runner-69d05855f26cbbe319df1b6e | found=true | orderId=ORD-MNJL7NS9-C339R | itemBudget=14000 | usedPayoutSystem=true","service":"sendrey-server","timestamp":"2026-04-04 02:33:43"}
{"environment":"development","level":"info","message":"getRunnerPayout | chatId=user-69d058faf26cbbe319df1b9a-runner-69d05855f26cbbe319df1b6e | found=true | orderId=ORD-MNJL7NS9-C339R | itemBudget=14000 | usedPayoutSystem=true","service":"sendrey-server","timestamp":"2026-04-04 02:33:43"}
{"environment":"development","level":"info","message":"User authenticated: johndoe@gmail.com - GET /receipts","service":"sendrey-server","timestamp":"2026-04-04 02:33:43"}
{"environment":"development","level":"info","message":"User authenticated: johndoe@gmail.com - GET /receipts","service":"sendrey-server","timestamp":"2026-04-04 02:33:44"}
{"environment":"development","level":"info","message":"User authenticated: johndoe@gmail.com - GET /receipts","service":"sendrey-server","timestamp":"2026-04-04 02:33:44"}
{"environment":"development","level":"info","message":"User authenticated: johndoe@gmail.com - GET /receipts","service":"sendrey-server","timestamp":"2026-04-04 02:33:45"}
{"environment":"development","level":"info","message":"getRunnerPayout | chatId=user-69d058faf26cbbe319df1b9a-runner-69d05855f26cbbe319df1b6e | found=true | orderId=ORD-MNJL7NS9-C339R | itemBudget=14000 | usedPayoutSystem=true","service":"sendrey-server","timestamp":"2026-04-04 02:34:03"}
{"environment":"development","level":"info","message":"getRunnerPayout | chatId=user-69d058faf26cbbe319df1b9a-runner-69d05855f26cbbe319df1b6e | found=true | orderId=ORD-MNJL7NS9-C339R | itemBudget=14000 | usedPayoutSystem=true","service":"sendrey-server","timestamp":"2026-04-04 02:34:03"}
{"environment":"development","level":"info","message":"User authenticated: johndoe@gmail.com - GET /receipts","service":"sendrey-server","timestamp":"2026-04-04 02:34:04"}
{"environment":"development","level":"info","message":"User authenticated: johndoe@gmail.com - GET /receipts","service":"sendrey-server","timestamp":"2026-04-04 02:34:04"}
{"environment":"development","level":"info","message":"getRunnerPayout | chatId=user-69d058faf26cbbe319df1b9a-runner-69d05855f26cbbe319df1b6e | found=true | orderId=ORD-MNJL7NS9-C339R | itemBudget=14000 | usedPayoutSystem=true","service":"sendrey-server","timestamp":"2026-04-04 02:34:36"}
{"environment":"development","level":"info","message":"getRunnerPayout | chatId=user-69d058faf26cbbe319df1b9a-runner-69d05855f26cbbe319df1b6e | found=true | orderId=ORD-MNJL7NS9-C339R | itemBudget=14000 | usedPayoutSystem=true","service":"sendrey-server","timestamp":"2026-04-04 02:34:36"}
{"environment":"development","level":"info","message":"User authenticated: johndoe@gmail.com - GET /receipts","service":"sendrey-server","timestamp":"2026-04-04 02:34:36"}
{"environment":"development","level":"info","message":"User authenticated: johndoe@gmail.com - GET /receipts","service":"sendrey-server","timestamp":"2026-04-04 02:34:36"}
{"environment":"development","level":"info","message":"getRunnerPayout | chatId=user-69d058faf26cbbe319df1b9a-runner-69d05855f26cbbe319df1b6e | found=true | orderId=ORD-MNJL7NS9-C339R | itemBudget=14000 | usedPayoutSystem=true","service":"sendrey-server","timestamp":"2026-04-04 02:34:57"}
{"environment":"development","level":"info","message":"User authenticated: johndoe@gmail.com - GET /status","service":"sendrey-server","timestamp":"2026-04-04 02:34:58"}
{"environment":"development","level":"info","message":"User authenticated: johndoe@gmail.com - GET /status","service":"sendrey-server","timestamp":"2026-04-04 02:34:58"}
{"environment":"development","level":"info","message":"User authenticated: johndoe@gmail.com - GET /status","service":"sendrey-server","timestamp":"2026-04-04 02:35:28"}
{"environment":"development","level":"info","message":"User authenticated: johndoe@gmail.com - GET /status","service":"sendrey-server","timestamp":"2026-04-04 02:35:58"}
{"environment":"development","level":"info","message":"User authenticated: johndoe@gmail.com - GET /status","service":"sendrey-server","timestamp":"2026-04-04 02:36:28"}
{"environment":"development","level":"info","message":"User authenticated: johndoe@gmail.com - GET /status","service":"sendrey-server","timestamp":"2026-04-04 02:36:58"}
{"environment":"development","level":"info","message":"User authenticated: johndoe@gmail.com - GET /status","service":"sendrey-server","timestamp":"2026-04-04 02:37:28"}
{"environment":"development","level":"info","message":"User authenticated: johndoe@gmail.com - GET /status","service":"sendrey-server","timestamp":"2026-04-04 02:37:59"}
{"environment":"development","level":"info","message":"getRunnerPayout | chatId=user-69d058faf26cbbe319df1b9a-runner-69d05855f26cbbe319df1b6e | found=true | orderId=ORD-MNJL7NS9-C339R | itemBudget=14000 | usedPayoutSystem=true","service":"sendrey-server","timestamp":"2026-04-04 02:38:14"}
{"environment":"development","level":"info","message":"User authenticated: johndoe@gmail.com - GET /status","service":"sendrey-server","timestamp":"2026-04-04 02:38:15"}
{"environment":"development","level":"info","message":"User authenticated: johndoe@gmail.com - GET /status","service":"sendrey-server","timestamp":"2026-04-04 02:38:16"}
{"environment":"development","level":"info","message":"User authenticated: johndoe@gmail.com - GET /status","service":"sendrey-server","timestamp":"2026-04-04 02:38:20"}
{"environment":"development","level":"info","message":"User authenticated: johndoe@gmail.com - GET /status","service":"sendrey-server","timestamp":"2026-04-04 02:38:20"}
{"environment":"development","level":"info","message":"User authenticated: johndoe@gmail.com - GET /status","service":"sendrey-server","timestamp":"2026-04-04 02:40:08"}
{"environment":"development","level":"info","message":"User authenticated: johndoe@gmail.com - GET /status","service":"sendrey-server","timestamp":"2026-04-04 02:40:08"}
{"environment":"development","level":"info","message":"User authenticated: johndoe@gmail.com - GET /status","service":"sendrey-server","timestamp":"2026-04-04 02:40:24"}
{"environment":"development","level":"info","message":"User authenticated: johndoe@gmail.com - GET /status","service":"sendrey-server","timestamp":"2026-04-04 02:40:25"}
{"environment":"development","level":"info","message":"User authenticated: johndoe0@gmail.com - POST /submit","service":"sendrey-server","timestamp":"2026-04-04 02:40:30"}
{"duration":1655,"environment":"development","level":"warn","message":"Slow request: POST /submit took 1655ms","method":"POST","service":"sendrey-server","threshold":1000,"timestamp":"2026-04-04 02:40:32","url":"/submit"}
{"environment":"development","level":"info","logLevel":"info","message":"Logger Service started successfully","nodeVersion":"v22.13.0","service":"Logger Service","timestamp":"2026-04-05 11:29:46","type":"startup"}
{"environment":"development","level":"info","logLevel":"info","message":"Logger Service started successfully","nodeVersion":"v22.13.0","service":"Logger Service","timestamp":"2026-04-05 11:29:49","type":"startup"}
{"environment":"development","level":"info","message":"Twilio SMS service initialized successfully","service":"sendrey-server","timestamp":"2026-04-05 11:29:50"}
{"environment":"development","level":"info","logLevel":"info","message":"Logger Service started successfully","nodeVersion":"v22.13.0","service":"Logger Service","timestamp":"2026-04-05 11:30:10","type":"startup"}
{"environment":"development","level":"info","logLevel":"info","message":"Logger Service started successfully","nodeVersion":"v22.13.0","service":"Logger Service","timestamp":"2026-04-05 11:30:08","type":"startup"}
{"environment":"development","level":"info","message":"Twilio SMS service initialized successfully","service":"sendrey-server","timestamp":"2026-04-05 11:30:10"}
{"environment":"development","level":"info","logLevel":"info","message":"Logger Service started successfully","nodeVersion":"v22.13.0","service":"Logger Service","timestamp":"2026-04-05 11:30:34","type":"startup"}
{"environment":"development","level":"info","logLevel":"info","message":"Logger Service started successfully","nodeVersion":"v22.13.0","service":"Logger Service","timestamp":"2026-04-05 11:30:34","type":"startup"}
{"environment":"development","level":"info","message":"Twilio SMS service initialized successfully","service":"sendrey-server","timestamp":"2026-04-05 11:30:34"}
{"environment":"development","level":"info","logLevel":"info","message":"Logger Service started successfully","nodeVersion":"v22.13.0","service":"Logger Service","timestamp":"2026-04-05 11:32:13","type":"startup"}
{"environment":"development","level":"info","logLevel":"info","message":"Logger Service started successfully","nodeVersion":"v22.13.0","service":"Logger Service","timestamp":"2026-04-05 11:32:13","type":"startup"}
{"environment":"development","level":"info","message":"Twilio SMS service initialized successfully","service":"sendrey-server","timestamp":"2026-04-05 11:32:13"}
{"environment":"development","level":"info","message":"Admin logged in: testadmin@gmail.com","service":"sendrey-server","timestamp":"2026-04-05 13:40:59"}
{"duration":4963,"environment":"development","level":"warn","message":"Slow request: POST /login took 4963ms","method":"POST","service":"sendrey-server","threshold":1000,"timestamp":"2026-04-05 13:40:59","url":"/login"}
{"environment":"development","level":"info","message":"User authenticated: testadmin@gmail.com - GET /kyc/pending","service":"sendrey-server","timestamp":"2026-04-05 13:40:59"}
{"environment":"development","level":"info","message":"User authenticated: testadmin@gmail.com - GET /kyc/pending","service":"sendrey-server","timestamp":"2026-04-05 13:41:00"}
{"environment":"development","level":"info","message":"User authenticated: testadmin@gmail.com - GET /kyc/verified-runners","service":"sendrey-server","timestamp":"2026-04-05 13:41:01"}
{"duration":2200,"environment":"development","level":"warn","message":"Slow request: GET /verified-runners took 2200ms","method":"GET","service":"sendrey-server","threshold":1000,"timestamp":"2026-04-05 13:41:01","url":"/verified-runners"}
{"environment":"development","level":"info","message":"User authenticated: testadmin@gmail.com - GET /kyc/verified-runners","service":"sendrey-server","timestamp":"2026-04-05 13:41:02"}
{"environment":"development","level":"info","message":"User authenticated: testadmin@gmail.com - GET /escrows/cancelled","service":"sendrey-server","timestamp":"2026-04-05 13:41:03"}
{"environment":"development","errorMessage":"Not found - /api/v1/admin/escrows/cancelled","errorStack":"Error: Not found - /api/v1/admin/escrows/cancelled\n    at notFound (C:\\Users\\timiv\\Desktop\\sendrey-server\\middleware\\errorHandler.js:52:17)\n    at Layer.handle [as handle_request] (C:\\Users\\timiv\\Desktop\\sendrey-server\\node_modules\\express\\lib\\router\\layer.js:95:5)\n    at trim_prefix (C:\\Users\\timiv\\Desktop\\sendrey-server\\node_modules\\express\\lib\\router\\index.js:328:13)\n    at C:\\Users\\timiv\\Desktop\\sendrey-server\\node_modules\\express\\lib\\router\\index.js:286:9\n    at Function.process_params (C:\\Users\\timiv\\Desktop\\sendrey-server\\node_modules\\express\\lib\\router\\index.js:346:12)\n    at next (C:\\Users\\timiv\\Desktop\\sendrey-server\\node_modules\\express\\lib\\router\\index.js:280:10)\n    at C:\\Users\\timiv\\Desktop\\sendrey-server\\node_modules\\express\\lib\\router\\index.js:646:15\n    at next (C:\\Users\\timiv\\Desktop\\sendrey-server\\node_modules\\express\\lib\\router\\index.js:265:14)\n    at isAdmin (C:\\Users\\timiv\\Desktop\\sendrey-server\\middleware\\roleCheck.js:21:3)\n    at Layer.handle [as handle_request] (C:\\Users\\timiv\\Desktop\\sendrey-server\\node_modules\\express\\lib\\router\\layer.js:95:5)","level":"error","message":"Error:","service":"sendrey-server","timestamp":"2026-04-05 13:41:03"}
{"environment":"development","level":"info","message":"User authenticated: testadmin@gmail.com - GET /disputes","service":"sendrey-server","timestamp":"2026-04-05 13:41:03"}
{"environment":"development","level":"warn","message":"Client error: GET /api/v1/admin/escrows/cancelled - 404","method":"GET","service":"sendrey-server","statusCode":404,"timestamp":"2026-04-05 13:41:04","url":"/api/v1/admin/escrows/cancelled","userId":"69b4c7d4807455c48286097b"}
{"environment":"development","level":"info","message":"User authenticated: testadmin@gmail.com - GET /escrows/cancelled","service":"sendrey-server","timestamp":"2026-04-05 13:41:04"}
{"environment":"development","errorMessage":"Not found - /api/v1/admin/escrows/cancelled","errorStack":"Error: Not found - /api/v1/admin/escrows/cancelled\n    at notFound (C:\\Users\\timiv\\Desktop\\sendrey-server\\middleware\\errorHandler.js:52:17)\n    at Layer.handle [as handle_request] (C:\\Users\\timiv\\Desktop\\sendrey-server\\node_modules\\express\\lib\\router\\layer.js:95:5)\n    at trim_prefix (C:\\Users\\timiv\\Desktop\\sendrey-server\\node_modules\\express\\lib\\router\\index.js:328:13)\n    at C:\\Users\\timiv\\Desktop\\sendrey-server\\node_modules\\express\\lib\\router\\index.js:286:9\n    at Function.process_params (C:\\Users\\timiv\\Desktop\\sendrey-server\\node_modules\\express\\lib\\router\\index.js:346:12)\n    at next (C:\\Users\\timiv\\Desktop\\sendrey-server\\node_modules\\express\\lib\\router\\index.js:280:10)\n    at C:\\Users\\timiv\\Desktop\\sendrey-server\\node_modules\\express\\lib\\router\\index.js:646:15\n    at next (C:\\Users\\timiv\\Desktop\\sendrey-server\\node_modules\\express\\lib\\router\\index.js:265:14)\n    at isAdmin (C:\\Users\\timiv\\Desktop\\sendrey-server\\middleware\\roleCheck.js:21:3)\n    at Layer.handle [as handle_request] (C:\\Users\\timiv\\Desktop\\sendrey-server\\node_modules\\express\\lib\\router\\layer.js:95:5)","level":"error","message":"Error:","service":"sendrey-server","timestamp":"2026-04-05 13:41:04"}
{"environment":"development","level":"warn","message":"Client error: GET /api/v1/admin/escrows/cancelled - 404","method":"GET","service":"sendrey-server","statusCode":404,"timestamp":"2026-04-05 13:41:04","url":"/api/v1/admin/escrows/cancelled","userId":"69b4c7d4807455c48286097b"}
{"environment":"development","level":"info","message":"User authenticated: testadmin@gmail.com - GET /disputes","service":"sendrey-server","timestamp":"2026-04-05 13:41:04"}
{"environment":"development","level":"info","message":"User authenticated: testadmin@gmail.com - GET /business/suggestions","service":"sendrey-server","timestamp":"2026-04-05 13:41:09"}
{"environment":"development","level":"info","message":"User authenticated: testadmin@gmail.com - GET /business/accounts","service":"sendrey-server","timestamp":"2026-04-05 13:41:09"}
{"duration":1941,"environment":"development","level":"warn","message":"Slow request: GET /suggestions took 1941ms","method":"GET","service":"sendrey-server","threshold":1000,"timestamp":"2026-04-05 13:41:10","url":"/suggestions"}
{"environment":"development","level":"info","message":"User authenticated: testadmin@gmail.com - GET /business/suggestions","service":"sendrey-server","timestamp":"2026-04-05 13:41:11"}
{"duration":3136,"environment":"development","level":"warn","message":"Slow request: GET /accounts took 3136ms","method":"GET","service":"sendrey-server","threshold":1000,"timestamp":"2026-04-05 13:41:12","url":"/accounts"}
{"environment":"development","level":"info","message":"User authenticated: testadmin@gmail.com - GET /business/accounts","service":"sendrey-server","timestamp":"2026-04-05 13:41:12"}
{"environment":"development","level":"info","message":"User authenticated: testadmin@gmail.com - GET /users","service":"sendrey-server","timestamp":"2026-04-05 13:41:13"}
{"environment":"development","level":"info","message":"User authenticated: testadmin@gmail.com - GET /users","service":"sendrey-server","timestamp":"2026-04-05 13:41:13"}
{"environment":"development","level":"info","message":"User authenticated: testadmin@gmail.com - GET /runners","service":"sendrey-server","timestamp":"2026-04-05 13:41:17"}
{"environment":"development","level":"info","message":"User authenticated: testadmin@gmail.com - GET /runners/stats","service":"sendrey-server","timestamp":"2026-04-05 13:41:17"}
{"environment":"development","level":"info","message":"User authenticated: testadmin@gmail.com - GET /runners","service":"sendrey-server","timestamp":"2026-04-05 13:41:18"}
{"duration":2081,"environment":"development","level":"warn","message":"Slow request: GET /stats took 2081ms","method":"GET","service":"sendrey-server","threshold":1000,"timestamp":"2026-04-05 13:41:19","url":"/stats"}
{"environment":"development","level":"info","message":"User authenticated: testadmin@gmail.com - GET /orders","service":"sendrey-server","timestamp":"2026-04-05 13:41:19"}
{"environment":"development","level":"info","message":"User authenticated: testadmin@gmail.com - GET /runners/stats","service":"sendrey-server","timestamp":"2026-04-05 13:41:19"}
{"environment":"development","level":"info","message":"User authenticated: testadmin@gmail.com - GET /orders","service":"sendrey-server","timestamp":"2026-04-05 13:41:20"}
{"duration":2155,"environment":"development","level":"warn","message":"Slow request: GET /stats took 2155ms","method":"GET","service":"sendrey-server","threshold":1000,"timestamp":"2026-04-05 13:41:21","url":"/stats"}
{"environment":"development","level":"info","message":"User authenticated: testadmin@gmail.com - GET /payouts/receipts","service":"sendrey-server","timestamp":"2026-04-05 13:41:21"}
{"environment":"development","level":"info","message":"User authenticated: testadmin@gmail.com - GET /payouts/receipts","service":"sendrey-server","timestamp":"2026-04-05 13:41:22"}
{"environment":"development","level":"info","message":"User authenticated: testadmin@gmail.com - GET /kyc/pending","service":"sendrey-server","timestamp":"2026-04-05 13:41:26"}
{"environment":"development","level":"info","message":"User authenticated: testadmin@gmail.com - GET /kyc/verified-runners","service":"sendrey-server","timestamp":"2026-04-05 13:41:26"}
{"environment":"development","level":"info","message":"User authenticated: testadmin@gmail.com - GET /kyc/pending","service":"sendrey-server","timestamp":"2026-04-05 13:41:26"}
{"environment":"development","level":"info","message":"User authenticated: testadmin@gmail.com - GET /kyc/verified-runners","service":"sendrey-server","timestamp":"2026-04-05 13:41:26"}
{"environment":"development","level":"info","message":"User authenticated: testadmin@gmail.com - GET /disputes","service":"sendrey-server","timestamp":"2026-04-05 13:41:29"}
{"environment":"development","level":"info","message":"User authenticated: testadmin@gmail.com - GET /escrows/cancelled","service":"sendrey-server","timestamp":"2026-04-05 13:41:29"}
{"environment":"development","errorMessage":"Not found - /api/v1/admin/escrows/cancelled","errorStack":"Error: Not found - /api/v1/admin/escrows/cancelled\n    at notFound (C:\\Users\\timiv\\Desktop\\sendrey-server\\middleware\\errorHandler.js:52:17)\n    at Layer.handle [as handle_request] (C:\\Users\\timiv\\Desktop\\sendrey-server\\node_modules\\express\\lib\\router\\layer.js:95:5)\n    at trim_prefix (C:\\Users\\timiv\\Desktop\\sendrey-server\\node_modules\\express\\lib\\router\\index.js:328:13)\n    at C:\\Users\\timiv\\Desktop\\sendrey-server\\node_modules\\express\\lib\\router\\index.js:286:9\n    at Function.process_params (C:\\Users\\timiv\\Desktop\\sendrey-server\\node_modules\\express\\lib\\router\\index.js:346:12)\n    at next (C:\\Users\\timiv\\Desktop\\sendrey-server\\node_modules\\express\\lib\\router\\index.js:280:10)\n    at C:\\Users\\timiv\\Desktop\\sendrey-server\\node_modules\\express\\lib\\router\\index.js:646:15\n    at next (C:\\Users\\timiv\\Desktop\\sendrey-server\\node_modules\\express\\lib\\router\\index.js:265:14)\n    at isAdmin (C:\\Users\\timiv\\Desktop\\sendrey-server\\middleware\\roleCheck.js:21:3)\n    at Layer.handle [as handle_request] (C:\\Users\\timiv\\Desktop\\sendrey-server\\node_modules\\express\\lib\\router\\layer.js:95:5)","level":"error","message":"Error:","service":"sendrey-server","timestamp":"2026-04-05 13:41:29"}
{"environment":"development","level":"warn","message":"Client error: GET /api/v1/admin/escrows/cancelled - 404","method":"GET","service":"sendrey-server","statusCode":404,"timestamp":"2026-04-05 13:41:29","url":"/api/v1/admin/escrows/cancelled","userId":"69b4c7d4807455c48286097b"}
{"environment":"development","level":"info","message":"User authenticated: testadmin@gmail.com - GET /escrows/cancelled","service":"sendrey-server","timestamp":"2026-04-05 13:41:29"}
{"environment":"development","errorMessage":"Not found - /api/v1/admin/escrows/cancelled","errorStack":"Error: Not found - /api/v1/admin/escrows/cancelled\n    at notFound (C:\\Users\\timiv\\Desktop\\sendrey-server\\middleware\\errorHandler.js:52:17)\n    at Layer.handle [as handle_request] (C:\\Users\\timiv\\Desktop\\sendrey-server\\node_modules\\express\\lib\\router\\layer.js:95:5)\n    at trim_prefix (C:\\Users\\timiv\\Desktop\\sendrey-server\\node_modules\\express\\lib\\router\\index.js:328:13)\n    at C:\\Users\\timiv\\Desktop\\sendrey-server\\node_modules\\express\\lib\\router\\index.js:286:9\n    at Function.process_params (C:\\Users\\timiv\\Desktop\\sendrey-server\\node_modules\\express\\lib\\router\\index.js:346:12)\n    at next (C:\\Users\\timiv\\Desktop\\sendrey-server\\node_modules\\express\\lib\\router\\index.js:280:10)\n    at C:\\Users\\timiv\\Desktop\\sendrey-server\\node_modules\\express\\lib\\router\\index.js:646:15\n    at next (C:\\Users\\timiv\\Desktop\\sendrey-server\\node_modules\\express\\lib\\router\\index.js:265:14)\n    at isAdmin (C:\\Users\\timiv\\Desktop\\sendrey-server\\middleware\\roleCheck.js:21:3)\n    at Layer.handle [as handle_request] (C:\\Users\\timiv\\Desktop\\sendrey-server\\node_modules\\express\\lib\\router\\layer.js:95:5)","level":"error","message":"Error:","service":"sendrey-server","timestamp":"2026-04-05 13:41:29"}
{"environment":"development","level":"warn","message":"Client error: GET /api/v1/admin/escrows/cancelled - 404","method":"GET","service":"sendrey-server","statusCode":404,"timestamp":"2026-04-05 13:41:29","url":"/api/v1/admin/escrows/cancelled","userId":"69b4c7d4807455c48286097b"}
{"environment":"development","level":"info","message":"User authenticated: testadmin@gmail.com - GET /business/suggestions","service":"sendrey-server","timestamp":"2026-04-05 13:41:29"}
{"environment":"development","level":"info","message":"User authenticated: testadmin@gmail.com - GET /business/accounts","service":"sendrey-server","timestamp":"2026-04-05 13:41:29"}
{"environment":"development","level":"info","message":"User authenticated: testadmin@gmail.com - GET /disputes","service":"sendrey-server","timestamp":"2026-04-05 13:41:29"}
{"environment":"development","level":"info","message":"User authenticated: testadmin@gmail.com - GET /business/suggestions","service":"sendrey-server","timestamp":"2026-04-05 13:41:30"}
{"duration":1154,"environment":"development","level":"warn","message":"Slow request: GET /suggestions took 1154ms","method":"GET","service":"sendrey-server","threshold":1000,"timestamp":"2026-04-05 13:41:31","url":"/suggestions"}
{"environment":"development","level":"info","message":"User authenticated: testadmin@gmail.com - GET /users","service":"sendrey-server","timestamp":"2026-04-05 13:41:31"}
{"duration":2471,"environment":"development","level":"warn","message":"Slow request: GET /accounts took 2471ms","method":"GET","service":"sendrey-server","threshold":1000,"timestamp":"2026-04-05 13:41:32","url":"/accounts"}
{"environment":"development","level":"info","message":"User authenticated: testadmin@gmail.com - GET /runners","service":"sendrey-server","timestamp":"2026-04-05 13:41:32"}
{"environment":"development","level":"info","message":"User authenticated: testadmin@gmail.com - GET /business/accounts","service":"sendrey-server","timestamp":"2026-04-05 13:41:32"}
{"environment":"development","level":"info","message":"User authenticated: testadmin@gmail.com - GET /users","service":"sendrey-server","timestamp":"2026-04-05 13:41:32"}
{"environment":"development","level":"info","message":"User authenticated: testadmin@gmail.com - GET /runners/stats","service":"sendrey-server","timestamp":"2026-04-05 13:41:32"}
{"environment":"development","level":"info","message":"User authenticated: testadmin@gmail.com - GET /runners","service":"sendrey-server","timestamp":"2026-04-05 13:41:33"}
{"duration":2003,"environment":"development","level":"warn","message":"Slow request: GET /accounts took 2003ms","method":"GET","service":"sendrey-server","threshold":1000,"timestamp":"2026-04-05 13:41:34","url":"/accounts"}
{"environment":"development","level":"info","message":"User authenticated: testadmin@gmail.com - GET /orders","service":"sendrey-server","timestamp":"2026-04-05 13:41:34"}
{"duration":2056,"environment":"development","level":"warn","message":"Slow request: GET / took 2056ms","method":"GET","service":"sendrey-server","threshold":1000,"timestamp":"2026-04-05 13:41:34","url":"/"}
{"duration":2072,"environment":"development","level":"warn","message":"Slow request: GET /stats took 2072ms","method":"GET","service":"sendrey-server","threshold":1000,"timestamp":"2026-04-05 13:41:34","url":"/stats"}
{"environment":"development","level":"info","message":"User authenticated: testadmin@gmail.com - GET /runners/stats","service":"sendrey-server","timestamp":"2026-04-05 13:41:34"}
{"environment":"development","level":"info","message":"User authenticated: testadmin@gmail.com - GET /orders","service":"sendrey-server","timestamp":"2026-04-05 13:41:35"}
{"duration":1437,"environment":"development","level":"warn","message":"Slow request: GET / took 1437ms","method":"GET","service":"sendrey-server","threshold":1000,"timestamp":"2026-04-05 13:41:36","url":"/"}
{"duration":2392,"environment":"development","level":"warn","message":"Slow request: GET /stats took 2392ms","method":"GET","service":"sendrey-server","threshold":1000,"timestamp":"2026-04-05 13:41:36","url":"/stats"}
{"environment":"development","level":"info","message":"User authenticated: testadmin@gmail.com - GET /payouts/receipts","service":"sendrey-server","timestamp":"2026-04-05 13:41:48"}
{"environment":"development","level":"info","message":"User authenticated: testadmin@gmail.com - GET /payouts/receipts","service":"sendrey-server","timestamp":"2026-04-05 13:41:49"}
{"environment":"development","level":"info","message":"User authenticated: testadmin@gmail.com - GET /kyc/pending","service":"sendrey-server","timestamp":"2026-04-05 13:43:25"}
{"environment":"development","level":"info","message":"User authenticated: testadmin@gmail.com - GET /kyc/verified-runners","service":"sendrey-server","timestamp":"2026-04-05 13:43:25"}
{"environment":"development","level":"info","message":"User authenticated: testadmin@gmail.com - GET /kyc/pending","service":"sendrey-server","timestamp":"2026-04-05 13:43:25"}
{"environment":"development","level":"info","message":"User authenticated: testadmin@gmail.com - GET /kyc/verified-runners","service":"sendrey-server","timestamp":"2026-04-05 13:43:25"}
{"environment":"development","level":"info","message":"User authenticated: testadmin@gmail.com - GET /escrows/cancelled","service":"sendrey-server","timestamp":"2026-04-05 13:43:29"}
{"environment":"development","errorMessage":"Not found - /api/v1/admin/escrows/cancelled","errorStack":"Error: Not found - /api/v1/admin/escrows/cancelled\n    at notFound (C:\\Users\\timiv\\Desktop\\sendrey-server\\middleware\\errorHandler.js:52:17)\n    at Layer.handle [as handle_request] (C:\\Users\\timiv\\Desktop\\sendrey-server\\node_modules\\express\\lib\\router\\layer.js:95:5)\n    at trim_prefix (C:\\Users\\timiv\\Desktop\\sendrey-server\\node_modules\\express\\lib\\router\\index.js:328:13)\n    at C:\\Users\\timiv\\Desktop\\sendrey-server\\node_modules\\express\\lib\\router\\index.js:286:9\n    at Function.process_params (C:\\Users\\timiv\\Desktop\\sendrey-server\\node_modules\\express\\lib\\router\\index.js:346:12)\n    at next (C:\\Users\\timiv\\Desktop\\sendrey-server\\node_modules\\express\\lib\\router\\index.js:280:10)\n    at C:\\Users\\timiv\\Desktop\\sendrey-server\\node_modules\\express\\lib\\router\\index.js:646:15\n    at next (C:\\Users\\timiv\\Desktop\\sendrey-server\\node_modules\\express\\lib\\router\\index.js:265:14)\n    at isAdmin (C:\\Users\\timiv\\Desktop\\sendrey-server\\middleware\\roleCheck.js:21:3)\n    at Layer.handle [as handle_request] (C:\\Users\\timiv\\Desktop\\sendrey-server\\node_modules\\express\\lib\\router\\layer.js:95:5)","level":"error","message":"Error:","service":"sendrey-server","timestamp":"2026-04-05 13:43:29"}
{"environment":"development","level":"info","message":"User authenticated: testadmin@gmail.com - GET /disputes","service":"sendrey-server","timestamp":"2026-04-05 13:43:29"}
{"environment":"development","level":"warn","message":"Client error: GET /api/v1/admin/escrows/cancelled - 404","method":"GET","service":"sendrey-server","statusCode":404,"timestamp":"2026-04-05 13:43:29","url":"/api/v1/admin/escrows/cancelled","userId":"69b4c7d4807455c48286097b"}
{"environment":"development","level":"info","message":"User authenticated: testadmin@gmail.com - GET /escrows/cancelled","service":"sendrey-server","timestamp":"2026-04-05 13:43:29"}
{"environment":"development","errorMessage":"Not found - /api/v1/admin/escrows/cancelled","errorStack":"Error: Not found - /api/v1/admin/escrows/cancelled\n    at notFound (C:\\Users\\timiv\\Desktop\\sendrey-server\\middleware\\errorHandler.js:52:17)\n    at Layer.handle [as handle_request] (C:\\Users\\timiv\\Desktop\\sendrey-server\\node_modules\\express\\lib\\router\\layer.js:95:5)\n    at trim_prefix (C:\\Users\\timiv\\Desktop\\sendrey-server\\node_modules\\express\\lib\\router\\index.js:328:13)\n    at C:\\Users\\timiv\\Desktop\\sendrey-server\\node_modules\\express\\lib\\router\\index.js:286:9\n    at Function.process_params (C:\\Users\\timiv\\Desktop\\sendrey-server\\node_modules\\express\\lib\\router\\index.js:346:12)\n    at next (C:\\Users\\timiv\\Desktop\\sendrey-server\\node_modules\\express\\lib\\router\\index.js:280:10)\n    at C:\\Users\\timiv\\Desktop\\sendrey-server\\node_modules\\express\\lib\\router\\index.js:646:15\n    at next (C:\\Users\\timiv\\Desktop\\sendrey-server\\node_modules\\express\\lib\\router\\index.js:265:14)\n    at isAdmin (C:\\Users\\timiv\\Desktop\\sendrey-server\\middleware\\roleCheck.js:21:3)\n    at Layer.handle [as handle_request] (C:\\Users\\timiv\\Desktop\\sendrey-server\\node_modules\\express\\lib\\router\\layer.js:95:5)","level":"error","message":"Error:","service":"sendrey-server","timestamp":"2026-04-05 13:43:29"}
{"environment":"development","level":"warn","message":"Client error: GET /api/v1/admin/escrows/cancelled - 404","method":"GET","service":"sendrey-server","statusCode":404,"timestamp":"2026-04-05 13:43:29","url":"/api/v1/admin/escrows/cancelled","userId":"69b4c7d4807455c48286097b"}
{"environment":"development","level":"info","message":"User authenticated: testadmin@gmail.com - GET /disputes","service":"sendrey-server","timestamp":"2026-04-05 13:43:30"}
