{"environment":"development","level":"info","logLevel":"info","message":"Logger Service started successfully","nodeVersion":"v22.13.0","service":"Logger Service","timestamp":"2026-04-27 06:45:04","type":"startup"}
{"environment":"development","level":"info","logLevel":"info","message":"Logger Service started successfully","nodeVersion":"v22.13.0","service":"Logger Service","timestamp":"2026-04-27 06:45:13","type":"startup"}
{"environment":"development","level":"info","logLevel":"info","message":"Logger Service started successfully","nodeVersion":"v22.13.0","service":"Logger Service","timestamp":"2026-04-27 06:45:12","type":"startup"}
{"environment":"development","level":"info","message":"Twilio SMS service initialized successfully","service":"sendrey-server","timestamp":"2026-04-27 06:45:13"}
{"environment":"development","level":"info","logLevel":"info","message":"Logger Service started successfully","nodeVersion":"v22.13.0","service":"Logger Service","timestamp":"2026-04-27 06:46:14","type":"startup"}
{"environment":"development","level":"info","logLevel":"info","message":"Logger Service started successfully","nodeVersion":"v22.13.0","service":"Logger Service","timestamp":"2026-04-27 06:46:13","type":"startup"}
{"environment":"development","level":"info","message":"Twilio SMS service initialized successfully","service":"sendrey-server","timestamp":"2026-04-27 06:46:14"}
{"environment":"development","ip":"::ffff:127.0.0.1","level":"http","message":"Request started: GET /api/v1/users/nearby-users?latitude=6.4474&longitude=3.3903&fleetType=bike","method":"GET","service":"sendrey-server","timestamp":"2026-04-27 06:46:35","url":"/api/v1/users/nearby-users?latitude=6.4474&longitude=3.3903&fleetType=bike","userAgent":"Mozilla/5.0 (Windows NT 10.0; Win64; x64) AppleWebKit/537.36 (KHTML, like Gecko) Chrome/147.0.0.0 Safari/537.36","userEmail":"anonymous","userId":"anonymous"}
{"environment":"development","level":"info","message":"User authenticated: timivictor565@gmail.com - GET /nearby-users","service":"sendrey-server","timestamp":"2026-04-27 06:46:35"}
{"environment":"development","level":"http","message":"::ffff:127.0.0.1 - timivictor565@gmail.com [27/Apr/2026:05:46:36 +0000] \"GET /api/v1/users/nearby-users?latitude=6.4474&longitude=3.3903&fleetType=bike HTTP/1.1\" 304 - \"http://localhost:3000/\" \"Mozilla/5.0 (Windows NT 10.0; Win64; x64) AppleWebKit/537.36 (KHTML, like Gecko) Chrome/147.0.0.0 Safari/537.36\" - 652ms","service":"sendrey-server","timestamp":"2026-04-27 06:46:36"}
{"environment":"development","ip":"::ffff:127.0.0.1","level":"http","message":"GET /nearby-users?latitude=6.4474&longitude=3.3903&fleetType=bike 304 674ms","method":"GET","referrer":"http://localhost:3000/","responseTime":674,"service":"sendrey-server","statusCode":304,"timestamp":"2026-04-27 06:46:36","type":"api","url":"/nearby-users?latitude=6.4474&longitude=3.3903&fleetType=bike","userAgent":"Mozilla/5.0 (Windows NT 10.0; Win64; x64) AppleWebKit/537.36 (KHTML, like Gecko) Chrome/147.0.0.0 Safari/537.36","userEmail":"timivictor565@gmail.com","userId":"69df618d3cc6528b16453805"}
{"environment":"development","ip":"::1","level":"http","message":"Request started: GET /api/v1/orders/by-chat/user-69df1fe656fa039dfc8f3f09-runner-69df618d3cc6528b16453805","method":"GET","service":"sendrey-server","timestamp":"2026-04-27 06:46:58","url":"/api/v1/orders/by-chat/user-69df1fe656fa039dfc8f3f09-runner-69df618d3cc6528b16453805","userAgent":"Mozilla/5.0 (Windows NT 10.0; Win64; x64) AppleWebKit/537.36 (KHTML, like Gecko) Chrome/147.0.0.0 Safari/537.36","userEmail":"anonymous","userId":"anonymous"}
{"environment":"development","level":"http","message":"::1 - anonymous [27/Apr/2026:05:46:58 +0000] \"GET /api/v1/orders/by-chat/user-69df1fe656fa039dfc8f3f09-runner-69df618d3cc6528b16453805 HTTP/1.1\" 401 51 \"http://localhost:3000/\" \"Mozilla/5.0 (Windows NT 10.0; Win64; x64) AppleWebKit/537.36 (KHTML, like Gecko) Chrome/147.0.0.0 Safari/537.36\" - 12ms","service":"sendrey-server","timestamp":"2026-04-27 06:46:58"}
{"contentLength":"51","environment":"development","ip":"::1","level":"http","message":"GET /by-chat/user-69df1fe656fa039dfc8f3f09-runner-69df618d3cc6528b16453805 401 19ms","method":"GET","referrer":"http://localhost:3000/","responseTime":19,"service":"sendrey-server","statusCode":401,"timestamp":"2026-04-27 06:46:58","type":"api","url":"/by-chat/user-69df1fe656fa039dfc8f3f09-runner-69df618d3cc6528b16453805","userAgent":"Mozilla/5.0 (Windows NT 10.0; Win64; x64) AppleWebKit/537.36 (KHTML, like Gecko) Chrome/147.0.0.0 Safari/537.36","userEmail":"anonymous","userId":"anonymous"}
{"environment":"development","level":"warn","message":"Client error: GET /by-chat/user-69df1fe656fa039dfc8f3f09-runner-69df618d3cc6528b16453805 - 401","method":"GET","service":"sendrey-server","statusCode":401,"timestamp":"2026-04-27 06:46:58","url":"/by-chat/user-69df1fe656fa039dfc8f3f09-runner-69df618d3cc6528b16453805","userId":"anonymous"}
{"environment":"development","ip":"::1","level":"http","message":"Request started: GET /api/v1/orders/by-chat/user-69df1fe656fa039dfc8f3f09-runner-69df618d3cc6528b16453805","method":"GET","service":"sendrey-server","timestamp":"2026-04-27 06:46:58","url":"/api/v1/orders/by-chat/user-69df1fe656fa039dfc8f3f09-runner-69df618d3cc6528b16453805","userAgent":"Mozilla/5.0 (Windows NT 10.0; Win64; x64) AppleWebKit/537.36 (KHTML, like Gecko) Chrome/147.0.0.0 Safari/537.36","userEmail":"anonymous","userId":"anonymous"}
{"environment":"development","level":"http","message":"::1 - anonymous [27/Apr/2026:05:46:58 +0000] \"GET /api/v1/orders/by-chat/user-69df1fe656fa039dfc8f3f09-runner-69df618d3cc6528b16453805 HTTP/1.1\" 401 51 \"http://localhost:3000/\" \"Mozilla/5.0 (Windows NT 10.0; Win64; x64) AppleWebKit/537.36 (KHTML, like Gecko) Chrome/147.0.0.0 Safari/537.36\" - 1ms","service":"sendrey-server","timestamp":"2026-04-27 06:46:58"}
{"contentLength":"51","environment":"development","ip":"::1","level":"http","message":"GET /by-chat/user-69df1fe656fa039dfc8f3f09-runner-69df618d3cc6528b16453805 401 10ms","method":"GET","referrer":"http://localhost:3000/","responseTime":10,"service":"sendrey-server","statusCode":401,"timestamp":"2026-04-27 06:46:58","type":"api","url":"/by-chat/user-69df1fe656fa039dfc8f3f09-runner-69df618d3cc6528b16453805","userAgent":"Mozilla/5.0 (Windows NT 10.0; Win64; x64) AppleWebKit/537.36 (KHTML, like Gecko) Chrome/147.0.0.0 Safari/537.36","userEmail":"anonymous","userId":"anonymous"}
{"environment":"development","level":"warn","message":"Client error: GET /by-chat/user-69df1fe656fa039dfc8f3f09-runner-69df618d3cc6528b16453805 - 401","method":"GET","service":"sendrey-server","statusCode":401,"timestamp":"2026-04-27 06:46:58","url":"/by-chat/user-69df1fe656fa039dfc8f3f09-runner-69df618d3cc6528b16453805","userId":"anonymous"}
{"environment":"development","ip":"::1","level":"http","message":"Request started: POST /api/v1/auth/refresh-token","method":"POST","service":"sendrey-server","timestamp":"2026-04-27 06:46:58","url":"/api/v1/auth/refresh-token","userAgent":"Mozilla/5.0 (Windows NT 10.0; Win64; x64) AppleWebKit/537.36 (KHTML, like Gecko) Chrome/147.0.0.0 Safari/537.36","userEmail":"anonymous","userId":"anonymous"}
{"environment":"development","ip":"::1","level":"http","message":"Request started: POST /api/v1/auth/refresh-token","method":"POST","service":"sendrey-server","timestamp":"2026-04-27 06:46:58","url":"/api/v1/auth/refresh-token","userAgent":"Mozilla/5.0 (Windows NT 10.0; Win64; x64) AppleWebKit/537.36 (KHTML, like Gecko) Chrome/147.0.0.0 Safari/537.36","userEmail":"anonymous","userId":"anonymous"}
{"environment":"development","level":"http","message":"::1 - anonymous [27/Apr/2026:05:46:58 +0000] \"POST /api/v1/auth/refresh-token HTTP/1.1\" 200 468 \"http://localhost:3000/\" \"Mozilla/5.0 (Windows NT 10.0; Win64; x64) AppleWebKit/537.36 (KHTML, like Gecko) Chrome/147.0.0.0 Safari/537.36\" - 520ms","service":"sendrey-server","timestamp":"2026-04-27 06:46:58"}
{"contentLength":"468","environment":"development","ip":"::1","level":"http","message":"POST /refresh-token 200 526ms","method":"POST","referrer":"http://localhost:3000/","responseTime":526,"service":"sendrey-server","statusCode":200,"timestamp":"2026-04-27 06:46:58","type":"api","url":"/refresh-token","userAgent":"Mozilla/5.0 (Windows NT 10.0; Win64; x64) AppleWebKit/537.36 (KHTML, like Gecko) Chrome/147.0.0.0 Safari/537.36","userEmail":"anonymous","userId":"anonymous"}
{"environment":"development","level":"http","message":"::1 - anonymous [27/Apr/2026:05:46:58 +0000] \"POST /api/v1/auth/refresh-token HTTP/1.1\" 200 468 \"http://localhost:3000/\" \"Mozilla/5.0 (Windows NT 10.0; Win64; x64) AppleWebKit/537.36 (KHTML, like Gecko) Chrome/147.0.0.0 Safari/537.36\" - 506ms","service":"sendrey-server","timestamp":"2026-04-27 06:46:58"}
{"contentLength":"468","environment":"development","ip":"::1","level":"http","message":"POST /refresh-token 200 507ms","method":"POST","referrer":"http://localhost:3000/","responseTime":507,"service":"sendrey-server","statusCode":200,"timestamp":"2026-04-27 06:46:58","type":"api","url":"/refresh-token","userAgent":"Mozilla/5.0 (Windows NT 10.0; Win64; x64) AppleWebKit/537.36 (KHTML, like Gecko) Chrome/147.0.0.0 Safari/537.36","userEmail":"anonymous","userId":"anonymous"}
{"environment":"development","ip":"::1","level":"http","message":"Request started: GET /api/v1/orders/by-chat/user-69df1fe656fa039dfc8f3f09-runner-69df618d3cc6528b16453805","method":"GET","service":"sendrey-server","timestamp":"2026-04-27 06:46:58","url":"/api/v1/orders/by-chat/user-69df1fe656fa039dfc8f3f09-runner-69df618d3cc6528b16453805","userAgent":"Mozilla/5.0 (Windows NT 10.0; Win64; x64) AppleWebKit/537.36 (KHTML, like Gecko) Chrome/147.0.0.0 Safari/537.36","userEmail":"anonymous","userId":"anonymous"}
{"environment":"development","level":"info","message":"User authenticated: timivictor565@gmail.com - GET /by-chat/user-69df1fe656fa039dfc8f3f09-runner-69df618d3cc6528b16453805","service":"sendrey-server","timestamp":"2026-04-27 06:46:58"}
{"environment":"development","level":"http","message":"::1 - timivictor565@gmail.com [27/Apr/2026:05:46:59 +0000] \"GET /api/v1/orders/by-chat/user-69df1fe656fa039dfc8f3f09-runner-69df618d3cc6528b16453805 HTTP/1.1\" 304 - \"http://localhost:3000/\" \"Mozilla/5.0 (Windows NT 10.0; Win64; x64) AppleWebKit/537.36 (KHTML, like Gecko) Chrome/147.0.0.0 Safari/537.36\" - 581ms","service":"sendrey-server","timestamp":"2026-04-27 06:46:59"}
{"environment":"development","ip":"::1","level":"http","message":"GET /by-chat/user-69df1fe656fa039dfc8f3f09-runner-69df618d3cc6528b16453805 304 582ms","method":"GET","referrer":"http://localhost:3000/","responseTime":582,"service":"sendrey-server","statusCode":304,"timestamp":"2026-04-27 06:46:59","type":"api","url":"/by-chat/user-69df1fe656fa039dfc8f3f09-runner-69df618d3cc6528b16453805","userAgent":"Mozilla/5.0 (Windows NT 10.0; Win64; x64) AppleWebKit/537.36 (KHTML, like Gecko) Chrome/147.0.0.0 Safari/537.36","userEmail":"timivictor565@gmail.com","userId":"69df1fe656fa039dfc8f3f09"}
{"environment":"development","ip":"::1","level":"http","message":"Request started: GET /api/v1/orders/by-chat/user-69df1fe656fa039dfc8f3f09-runner-69df618d3cc6528b16453805","method":"GET","service":"sendrey-server","timestamp":"2026-04-27 06:46:59","url":"/api/v1/orders/by-chat/user-69df1fe656fa039dfc8f3f09-runner-69df618d3cc6528b16453805","userAgent":"Mozilla/5.0 (Windows NT 10.0; Win64; x64) AppleWebKit/537.36 (KHTML, like Gecko) Chrome/147.0.0.0 Safari/537.36","userEmail":"anonymous","userId":"anonymous"}
{"environment":"development","level":"info","message":"User authenticated: timivictor565@gmail.com - GET /by-chat/user-69df1fe656fa039dfc8f3f09-runner-69df618d3cc6528b16453805","service":"sendrey-server","timestamp":"2026-04-27 06:46:59"}
{"environment":"development","level":"http","message":"::1 - timivictor565@gmail.com [27/Apr/2026:05:46:59 +0000] \"GET /api/v1/orders/by-chat/user-69df1fe656fa039dfc8f3f09-runner-69df618d3cc6528b16453805 HTTP/1.1\" 304 - \"http://localhost:3000/\" \"Mozilla/5.0 (Windows NT 10.0; Win64; x64) AppleWebKit/537.36 (KHTML, like Gecko) Chrome/147.0.0.0 Safari/537.36\" - 592ms","service":"sendrey-server","timestamp":"2026-04-27 06:46:59"}
{"environment":"development","ip":"::1","level":"http","message":"GET /by-chat/user-69df1fe656fa039dfc8f3f09-runner-69df618d3cc6528b16453805 304 593ms","method":"GET","referrer":"http://localhost:3000/","responseTime":593,"service":"sendrey-server","statusCode":304,"timestamp":"2026-04-27 06:46:59","type":"api","url":"/by-chat/user-69df1fe656fa039dfc8f3f09-runner-69df618d3cc6528b16453805","userAgent":"Mozilla/5.0 (Windows NT 10.0; Win64; x64) AppleWebKit/537.36 (KHTML, like Gecko) Chrome/147.0.0.0 Safari/537.36","userEmail":"timivictor565@gmail.com","userId":"69df1fe656fa039dfc8f3f09"}
{"environment":"development","level":"info","message":"getRunnerPayout | suppressing stale payout ORD-MO9NISBK-P56JV for new order ORD-MOGRYWRC-GMAHI","service":"sendrey-server","timestamp":"2026-04-27 06:47:06"}
{"environment":"development","level":"info","message":"getRunnerPayout | chatId=user-69df1fe656fa039dfc8f3f09-runner-69df618d3cc6528b16453805 | found=false | orderId=undefined | itemBudget=undefined | usedPayoutSystem=undefined","service":"sendrey-server","timestamp":"2026-04-27 06:47:06"}
{"environment":"development","level":"info","message":"getRunnerPayout | suppressing stale payout ORD-MO9NISBK-P56JV for new order ORD-MOGRYWRC-GMAHI","service":"sendrey-server","timestamp":"2026-04-27 06:47:16"}
{"environment":"development","level":"info","message":"getRunnerPayout | chatId=user-69df1fe656fa039dfc8f3f09-runner-69df618d3cc6528b16453805 | found=false | orderId=undefined | itemBudget=undefined | usedPayoutSystem=undefined","service":"sendrey-server","timestamp":"2026-04-27 06:47:16"}
{"environment":"development","level":"info","message":"getRunnerPayout | suppressing stale payout ORD-MO9NISBK-P56JV for new order ORD-MOGRYWRC-GMAHI","service":"sendrey-server","timestamp":"2026-04-27 06:47:27"}
{"environment":"development","level":"info","message":"getRunnerPayout | chatId=user-69df1fe656fa039dfc8f3f09-runner-69df618d3cc6528b16453805 | found=false | orderId=undefined | itemBudget=undefined | usedPayoutSystem=undefined","service":"sendrey-server","timestamp":"2026-04-27 06:47:27"}
{"environment":"development","level":"info","message":"getRunnerPayout | suppressing stale payout ORD-MO9NISBK-P56JV for new order ORD-MOGRYWRC-GMAHI","service":"sendrey-server","timestamp":"2026-04-27 06:47:36"}
{"environment":"development","level":"info","message":"getRunnerPayout | chatId=user-69df1fe656fa039dfc8f3f09-runner-69df618d3cc6528b16453805 | found=false | orderId=undefined | itemBudget=undefined | usedPayoutSystem=undefined","service":"sendrey-server","timestamp":"2026-04-27 06:47:36"}
{"environment":"development","level":"info","message":"getRunnerPayout | suppressing stale payout ORD-MO9NISBK-P56JV for new order ORD-MOGRYWRC-GMAHI","service":"sendrey-server","timestamp":"2026-04-27 06:47:46"}
{"environment":"development","level":"info","message":"getRunnerPayout | chatId=user-69df1fe656fa039dfc8f3f09-runner-69df618d3cc6528b16453805 | found=false | orderId=undefined | itemBudget=undefined | usedPayoutSystem=undefined","service":"sendrey-server","timestamp":"2026-04-27 06:47:46"}
{"environment":"development","level":"info","message":"getRunnerPayout | suppressing stale payout ORD-MO9NISBK-P56JV for new order ORD-MOGRYWRC-GMAHI","service":"sendrey-server","timestamp":"2026-04-27 06:47:56"}
{"environment":"development","level":"info","message":"getRunnerPayout | chatId=user-69df1fe656fa039dfc8f3f09-runner-69df618d3cc6528b16453805 | found=false | orderId=undefined | itemBudget=undefined | usedPayoutSystem=undefined","service":"sendrey-server","timestamp":"2026-04-27 06:47:56"}
{"environment":"development","level":"info","message":"getRunnerPayout | suppressing stale payout ORD-MO9NISBK-P56JV for new order ORD-MOGRYWRC-GMAHI","service":"sendrey-server","timestamp":"2026-04-27 06:48:06"}
{"environment":"development","level":"info","message":"getRunnerPayout | chatId=user-69df1fe656fa039dfc8f3f09-runner-69df618d3cc6528b16453805 | found=false | orderId=undefined | itemBudget=undefined | usedPayoutSystem=undefined","service":"sendrey-server","timestamp":"2026-04-27 06:48:06"}
{"environment":"development","level":"info","message":"getRunnerPayout | suppressing stale payout ORD-MO9NISBK-P56JV for new order ORD-MOGRYWRC-GMAHI","service":"sendrey-server","timestamp":"2026-04-27 06:48:16"}
{"environment":"development","level":"info","message":"getRunnerPayout | chatId=user-69df1fe656fa039dfc8f3f09-runner-69df618d3cc6528b16453805 | found=false | orderId=undefined | itemBudget=undefined | usedPayoutSystem=undefined","service":"sendrey-server","timestamp":"2026-04-27 06:48:16"}
{"environment":"development","level":"info","message":"getRunnerPayout | suppressing stale payout ORD-MO9NISBK-P56JV for new order ORD-MOGRYWRC-GMAHI","service":"sendrey-server","timestamp":"2026-04-27 06:48:26"}
{"environment":"development","level":"info","message":"getRunnerPayout | chatId=user-69df1fe656fa039dfc8f3f09-runner-69df618d3cc6528b16453805 | found=false | orderId=undefined | itemBudget=undefined | usedPayoutSystem=undefined","service":"sendrey-server","timestamp":"2026-04-27 06:48:26"}
{"environment":"development","errorMessage":"getaddrinfo ENOTFOUND ac-inc7ter-shard-00-01.6h2uo87.mongodb.net","errorStack":"MongoServerSelectionError: getaddrinfo ENOTFOUND ac-inc7ter-shard-00-01.6h2uo87.mongodb.net\n    at Timeout._onTimeout (C:\\Users\\timiv\\Desktop\\sendrey-server\\node_modules\\mongoose\\node_modules\\mongodb\\lib\\sdam\\topology.js:278:38)\n    at listOnTimeout (node:internal/timers:594:17)\n    at process.processTimers (node:internal/timers:529:7)","level":"error","message":"handleGetRunnerPayout error:","service":"sendrey-server","timestamp":"2026-04-27 06:49:25"}
{"environment":"development","errorMessage":"getaddrinfo ENOTFOUND ac-inc7ter-shard-00-01.6h2uo87.mongodb.net","errorStack":"MongoServerSelectionError: getaddrinfo ENOTFOUND ac-inc7ter-shard-00-01.6h2uo87.mongodb.net\n    at Timeout._onTimeout (C:\\Users\\timiv\\Desktop\\sendrey-server\\node_modules\\mongoose\\node_modules\\mongodb\\lib\\sdam\\topology.js:278:38)\n    at listOnTimeout (node:internal/timers:594:17)\n    at process.processTimers (node:internal/timers:529:7)","level":"error","message":"handleGetRunnerPayout error:","service":"sendrey-server","timestamp":"2026-04-27 06:49:26"}
{"environment":"development","errorMessage":"getaddrinfo ENOTFOUND ac-inc7ter-shard-00-01.6h2uo87.mongodb.net","errorStack":"MongoServerSelectionError: getaddrinfo ENOTFOUND ac-inc7ter-shard-00-01.6h2uo87.mongodb.net\n    at Timeout._onTimeout (C:\\Users\\timiv\\Desktop\\sendrey-server\\node_modules\\mongoose\\node_modules\\mongodb\\lib\\sdam\\topology.js:278:38)\n    at listOnTimeout (node:internal/timers:594:17)\n    at process.processTimers (node:internal/timers:529:7)","level":"error","message":"handleGetRunnerPayout error:","service":"sendrey-server","timestamp":"2026-04-27 06:49:36"}
{"environment":"development","errorMessage":"getaddrinfo ENOTFOUND ac-inc7ter-shard-00-01.6h2uo87.mongodb.net","errorStack":"MongoServerSelectionError: getaddrinfo ENOTFOUND ac-inc7ter-shard-00-01.6h2uo87.mongodb.net\n    at Timeout._onTimeout (C:\\Users\\timiv\\Desktop\\sendrey-server\\node_modules\\mongoose\\node_modules\\mongodb\\lib\\sdam\\topology.js:278:38)\n    at listOnTimeout (node:internal/timers:594:17)\n    at process.processTimers (node:internal/timers:529:7)","level":"error","message":"handleGetRunnerPayout error:","service":"sendrey-server","timestamp":"2026-04-27 06:49:36"}
{"environment":"development","errorMessage":"getaddrinfo ENOTFOUND ac-inc7ter-shard-00-01.6h2uo87.mongodb.net","errorStack":"MongoServerSelectionError: getaddrinfo ENOTFOUND ac-inc7ter-shard-00-01.6h2uo87.mongodb.net\n    at Timeout._onTimeout (C:\\Users\\timiv\\Desktop\\sendrey-server\\node_modules\\mongoose\\node_modules\\mongodb\\lib\\sdam\\topology.js:278:38)\n    at listOnTimeout (node:internal/timers:594:17)\n    at process.processTimers (node:internal/timers:529:7)","level":"error","message":"handleGetRunnerPayout error:","service":"sendrey-server","timestamp":"2026-04-27 06:49:46"}
{"environment":"development","errorMessage":"getaddrinfo ENOTFOUND ac-inc7ter-shard-00-01.6h2uo87.mongodb.net","errorStack":"MongoServerSelectionError: getaddrinfo ENOTFOUND ac-inc7ter-shard-00-01.6h2uo87.mongodb.net\n    at Timeout._onTimeout (C:\\Users\\timiv\\Desktop\\sendrey-server\\node_modules\\mongoose\\node_modules\\mongodb\\lib\\sdam\\topology.js:278:38)\n    at listOnTimeout (node:internal/timers:594:17)\n    at process.processTimers (node:internal/timers:529:7)","level":"error","message":"handleGetRunnerPayout error:","service":"sendrey-server","timestamp":"2026-04-27 06:49:56"}
{"environment":"development","errorMessage":"getaddrinfo ENOTFOUND ac-inc7ter-shard-00-01.6h2uo87.mongodb.net","errorStack":"MongoServerSelectionError: getaddrinfo ENOTFOUND ac-inc7ter-shard-00-01.6h2uo87.mongodb.net\n    at Timeout._onTimeout (C:\\Users\\timiv\\Desktop\\sendrey-server\\node_modules\\mongoose\\node_modules\\mongodb\\lib\\sdam\\topology.js:278:38)\n    at listOnTimeout (node:internal/timers:594:17)\n    at process.processTimers (node:internal/timers:529:7)","level":"error","message":"handleGetRunnerPayout error:","service":"sendrey-server","timestamp":"2026-04-27 06:50:06"}
{"environment":"development","errorMessage":"getaddrinfo ENOTFOUND ac-inc7ter-shard-00-01.6h2uo87.mongodb.net","errorStack":"MongoServerSelectionError: getaddrinfo ENOTFOUND ac-inc7ter-shard-00-01.6h2uo87.mongodb.net\n    at Timeout._onTimeout (C:\\Users\\timiv\\Desktop\\sendrey-server\\node_modules\\mongoose\\node_modules\\mongodb\\lib\\sdam\\topology.js:278:38)\n    at listOnTimeout (node:internal/timers:594:17)\n    at process.processTimers (node:internal/timers:529:7)","level":"error","message":"handleGetRunnerPayout error:","service":"sendrey-server","timestamp":"2026-04-27 06:50:16"}
{"environment":"development","level":"info","message":"getRunnerPayout | suppressing stale payout ORD-MO9NISBK-P56JV for new order ORD-MOGRYWRC-GMAHI","service":"sendrey-server","timestamp":"2026-04-27 06:50:21"}
{"environment":"development","level":"info","message":"getRunnerPayout | chatId=user-69df1fe656fa039dfc8f3f09-runner-69df618d3cc6528b16453805 | found=false | orderId=undefined | itemBudget=undefined | usedPayoutSystem=undefined","service":"sendrey-server","timestamp":"2026-04-27 06:50:21"}
{"environment":"development","level":"info","message":"getRunnerPayout | suppressing stale payout ORD-MO9NISBK-P56JV for new order ORD-MOGRYWRC-GMAHI","service":"sendrey-server","timestamp":"2026-04-27 06:50:22"}
{"environment":"development","level":"info","message":"getRunnerPayout | chatId=user-69df1fe656fa039dfc8f3f09-runner-69df618d3cc6528b16453805 | found=false | orderId=undefined | itemBudget=undefined | usedPayoutSystem=undefined","service":"sendrey-server","timestamp":"2026-04-27 06:50:22"}
{"environment":"development","level":"info","message":"getRunnerPayout | suppressing stale payout ORD-MO9NISBK-P56JV for new order ORD-MOGRYWRC-GMAHI","service":"sendrey-server","timestamp":"2026-04-27 06:50:22"}
{"environment":"development","level":"info","message":"getRunnerPayout | chatId=user-69df1fe656fa039dfc8f3f09-runner-69df618d3cc6528b16453805 | found=false | orderId=undefined | itemBudget=undefined | usedPayoutSystem=undefined","service":"sendrey-server","timestamp":"2026-04-27 06:50:22"}
{"environment":"development","level":"info","message":"getRunnerPayout | suppressing stale payout ORD-MO9NISBK-P56JV for new order ORD-MOGRYWRC-GMAHI","service":"sendrey-server","timestamp":"2026-04-27 06:50:26"}
{"environment":"development","level":"info","message":"getRunnerPayout | chatId=user-69df1fe656fa039dfc8f3f09-runner-69df618d3cc6528b16453805 | found=false | orderId=undefined | itemBudget=undefined | usedPayoutSystem=undefined","service":"sendrey-server","timestamp":"2026-04-27 06:50:26"}
{"environment":"development","level":"info","logLevel":"info","message":"Logger Service started successfully","nodeVersion":"v22.13.0","service":"Logger Service","timestamp":"2026-04-27 13:04:54","type":"startup"}
{"environment":"development","level":"info","message":"Twilio SMS service initialized successfully","service":"sendrey-server","timestamp":"2026-04-27 13:04:55"}
{"environment":"development","level":"info","logLevel":"info","message":"Logger Service started successfully","nodeVersion":"v22.13.0","service":"Logger Service","timestamp":"2026-04-27 13:05:01","type":"startup"}
{"environment":"development","level":"info","logLevel":"info","message":"Logger Service started successfully","nodeVersion":"v22.13.0","service":"Logger Service","timestamp":"2026-04-27 13:06:13","type":"startup"}
{"environment":"development","level":"info","logLevel":"info","message":"Logger Service started successfully","nodeVersion":"v22.13.0","service":"Logger Service","timestamp":"2026-04-27 13:06:10","type":"startup"}
{"environment":"development","level":"info","message":"Twilio SMS service initialized successfully","service":"sendrey-server","timestamp":"2026-04-27 13:06:12"}
{"environment":"development","level":"info","logLevel":"info","message":"Logger Service started successfully","nodeVersion":"v22.13.0","service":"Logger Service","timestamp":"2026-04-27 13:10:03","type":"startup"}
{"environment":"development","level":"info","logLevel":"info","message":"Logger Service started successfully","nodeVersion":"v22.13.0","service":"Logger Service","timestamp":"2026-04-27 13:10:11","type":"startup"}
{"environment":"development","level":"info","logLevel":"info","message":"Logger Service started successfully","nodeVersion":"v22.13.0","service":"Logger Service","timestamp":"2026-04-27 13:10:11","type":"startup"}
{"environment":"development","level":"info","message":"Twilio SMS service initialized successfully","service":"sendrey-server","timestamp":"2026-04-27 13:10:11"}
{"environment":"development","level":"info","logLevel":"info","message":"Logger Service started successfully","nodeVersion":"v22.13.0","service":"Logger Service","timestamp":"2026-04-27 13:10:48","type":"startup"}
{"environment":"development","level":"info","logLevel":"info","message":"Logger Service started successfully","nodeVersion":"v22.13.0","service":"Logger Service","timestamp":"2026-04-27 13:10:47","type":"startup"}
{"environment":"development","level":"info","message":"Twilio SMS service initialized successfully","service":"sendrey-server","timestamp":"2026-04-27 13:10:48"}
{"environment":"development","level":"info","logLevel":"info","message":"Logger Service started successfully","nodeVersion":"v22.13.0","service":"Logger Service","timestamp":"2026-04-27 13:11:45","type":"startup"}
{"environment":"development","level":"info","logLevel":"info","message":"Logger Service started successfully","nodeVersion":"v22.13.0","service":"Logger Service","timestamp":"2026-04-27 13:11:56","type":"startup"}
{"environment":"development","level":"info","logLevel":"info","message":"Logger Service started successfully","nodeVersion":"v22.13.0","service":"Logger Service","timestamp":"2026-04-27 13:12:02","type":"startup"}
{"environment":"development","level":"info","logLevel":"info","message":"Logger Service started successfully","nodeVersion":"v22.13.0","service":"Logger Service","timestamp":"2026-04-27 13:12:23","type":"startup"}
{"environment":"development","level":"info","logLevel":"info","message":"Logger Service started successfully","nodeVersion":"v22.13.0","service":"Logger Service","timestamp":"2026-04-27 13:12:46","type":"startup"}
{"environment":"development","level":"info","logLevel":"info","message":"Logger Service started successfully","nodeVersion":"v22.13.0","service":"Logger Service","timestamp":"2026-04-27 13:12:45","type":"startup"}
{"environment":"development","level":"info","message":"Twilio SMS service initialized successfully","service":"sendrey-server","timestamp":"2026-04-27 13:12:46"}
{"environment":"development","level":"info","logLevel":"info","message":"Logger Service started successfully","nodeVersion":"v22.13.0","service":"Logger Service","timestamp":"2026-04-27 13:17:43","type":"startup"}
{"environment":"development","level":"info","logLevel":"info","message":"Logger Service started successfully","nodeVersion":"v22.13.0","service":"Logger Service","timestamp":"2026-04-27 13:17:42","type":"startup"}
{"environment":"development","level":"info","message":"Twilio SMS service initialized successfully","service":"sendrey-server","timestamp":"2026-04-27 13:17:43"}
{"environment":"development","level":"info","logLevel":"info","message":"Logger Service started successfully","nodeVersion":"v22.13.0","service":"Logger Service","timestamp":"2026-04-27 13:18:37","type":"startup"}
{"environment":"development","level":"info","logLevel":"info","message":"Logger Service started successfully","nodeVersion":"v22.13.0","service":"Logger Service","timestamp":"2026-04-27 13:18:36","type":"startup"}
{"environment":"development","level":"info","message":"Twilio SMS service initialized successfully","service":"sendrey-server","timestamp":"2026-04-27 13:18:37"}
{"environment":"development","level":"info","logLevel":"info","message":"Logger Service started successfully","nodeVersion":"v22.13.0","service":"Logger Service","timestamp":"2026-04-27 13:18:50","type":"startup"}
{"environment":"development","level":"info","logLevel":"info","message":"Logger Service started successfully","nodeVersion":"v22.13.0","service":"Logger Service","timestamp":"2026-04-27 13:18:50","type":"startup"}
{"environment":"development","level":"info","message":"Twilio SMS service initialized successfully","service":"sendrey-server","timestamp":"2026-04-27 13:18:50"}
{"environment":"development","level":"info","logLevel":"info","message":"Logger Service started successfully","nodeVersion":"v22.13.0","service":"Logger Service","timestamp":"2026-04-27 13:19:39","type":"startup"}
{"environment":"development","level":"info","logLevel":"info","message":"Logger Service started successfully","nodeVersion":"v22.13.0","service":"Logger Service","timestamp":"2026-04-27 13:19:38","type":"startup"}
{"environment":"development","level":"info","message":"Twilio SMS service initialized successfully","service":"sendrey-server","timestamp":"2026-04-27 13:19:38"}
{"environment":"development","level":"info","logLevel":"info","message":"Logger Service started successfully","nodeVersion":"v22.13.0","service":"Logger Service","timestamp":"2026-04-27 13:21:15","type":"startup"}
{"environment":"development","level":"info","logLevel":"info","message":"Logger Service started successfully","nodeVersion":"v22.13.0","service":"Logger Service","timestamp":"2026-04-27 13:21:14","type":"startup"}
{"environment":"development","level":"info","message":"Twilio SMS service initialized successfully","service":"sendrey-server","timestamp":"2026-04-27 13:21:14"}
{"environment":"development","level":"info","logLevel":"info","message":"Logger Service started successfully","nodeVersion":"v22.13.0","service":"Logger Service","timestamp":"2026-04-27 13:22:21","type":"startup"}
{"environment":"development","level":"info","logLevel":"info","message":"Logger Service started successfully","nodeVersion":"v22.13.0","service":"Logger Service","timestamp":"2026-04-27 13:22:20","type":"startup"}
{"environment":"development","level":"info","message":"Twilio SMS service initialized successfully","service":"sendrey-server","timestamp":"2026-04-27 13:22:21"}
{"environment":"development","level":"info","logLevel":"info","message":"Logger Service started successfully","nodeVersion":"v22.13.0","service":"Logger Service","timestamp":"2026-04-27 13:24:53","type":"startup"}
{"environment":"development","level":"info","logLevel":"info","message":"Logger Service started successfully","nodeVersion":"v22.13.0","service":"Logger Service","timestamp":"2026-04-27 13:24:52","type":"startup"}
{"environment":"development","level":"info","message":"Twilio SMS service initialized successfully","service":"sendrey-server","timestamp":"2026-04-27 13:24:53"}
{"environment":"development","level":"info","logLevel":"info","message":"Logger Service started successfully","nodeVersion":"v22.13.0","service":"Logger Service","timestamp":"2026-04-27 13:27:46","type":"startup"}
{"environment":"development","level":"info","logLevel":"info","message":"Logger Service started successfully","nodeVersion":"v22.13.0","service":"Logger Service","timestamp":"2026-04-27 13:27:45","type":"startup"}
{"environment":"development","level":"info","message":"Twilio SMS service initialized successfully","service":"sendrey-server","timestamp":"2026-04-27 13:27:46"}
{"environment":"development","level":"info","logLevel":"info","message":"Logger Service started successfully","nodeVersion":"v22.13.0","service":"Logger Service","timestamp":"2026-04-27 13:28:03","type":"startup"}
{"environment":"development","level":"info","logLevel":"info","message":"Logger Service started successfully","nodeVersion":"v22.13.0","service":"Logger Service","timestamp":"2026-04-27 13:28:02","type":"startup"}
{"environment":"development","level":"info","message":"Twilio SMS service initialized successfully","service":"sendrey-server","timestamp":"2026-04-27 13:28:03"}
{"environment":"development","level":"info","logLevel":"info","message":"Logger Service started successfully","nodeVersion":"v22.13.0","service":"Logger Service","timestamp":"2026-04-27 13:28:11","type":"startup"}
{"environment":"development","level":"info","logLevel":"info","message":"Logger Service started successfully","nodeVersion":"v22.13.0","service":"Logger Service","timestamp":"2026-04-27 13:28:11","type":"startup"}
{"environment":"development","level":"info","message":"Twilio SMS service initialized successfully","service":"sendrey-server","timestamp":"2026-04-27 13:28:11"}
{"environment":"development","level":"info","logLevel":"info","message":"Logger Service started successfully","nodeVersion":"v22.13.0","service":"Logger Service","timestamp":"2026-04-27 13:28:53","type":"startup"}
{"environment":"development","level":"info","logLevel":"info","message":"Logger Service started successfully","nodeVersion":"v22.13.0","service":"Logger Service","timestamp":"2026-04-27 13:28:52","type":"startup"}
{"environment":"development","level":"info","message":"Twilio SMS service initialized successfully","service":"sendrey-server","timestamp":"2026-04-27 13:28:53"}
{"environment":"development","level":"info","logLevel":"info","message":"Logger Service started successfully","nodeVersion":"v22.13.0","service":"Logger Service","timestamp":"2026-04-27 13:29:27","type":"startup"}
{"environment":"development","level":"info","logLevel":"info","message":"Logger Service started successfully","nodeVersion":"v22.13.0","service":"Logger Service","timestamp":"2026-04-27 13:29:33","type":"startup"}
{"environment":"development","level":"info","logLevel":"info","message":"Logger Service started successfully","nodeVersion":"v22.13.0","service":"Logger Service","timestamp":"2026-04-27 13:29:42","type":"startup"}
{"environment":"development","level":"info","logLevel":"info","message":"Logger Service started successfully","nodeVersion":"v22.13.0","service":"Logger Service","timestamp":"2026-04-27 13:29:41","type":"startup"}
{"environment":"development","level":"info","message":"Twilio SMS service initialized successfully","service":"sendrey-server","timestamp":"2026-04-27 13:29:42"}
{"environment":"development","level":"info","logLevel":"info","message":"Logger Service started successfully","nodeVersion":"v22.13.0","service":"Logger Service","timestamp":"2026-04-27 13:30:03","type":"startup"}
{"environment":"development","level":"info","logLevel":"info","message":"Logger Service started successfully","nodeVersion":"v22.13.0","service":"Logger Service","timestamp":"2026-04-27 13:30:02","type":"startup"}
{"environment":"development","level":"info","message":"Twilio SMS service initialized successfully","service":"sendrey-server","timestamp":"2026-04-27 13:30:03"}
{"environment":"development","level":"info","logLevel":"info","message":"Logger Service started successfully","nodeVersion":"v22.13.0","service":"Logger Service","timestamp":"2026-04-27 13:30:51","type":"startup"}
{"environment":"development","level":"info","logLevel":"info","message":"Logger Service started successfully","nodeVersion":"v22.13.0","service":"Logger Service","timestamp":"2026-04-27 13:30:51","type":"startup"}
{"environment":"development","level":"info","message":"Twilio SMS service initialized successfully","service":"sendrey-server","timestamp":"2026-04-27 13:30:51"}
{"environment":"development","level":"info","logLevel":"info","message":"Logger Service started successfully","nodeVersion":"v22.13.0","service":"Logger Service","timestamp":"2026-04-27 13:31:02","type":"startup"}
{"environment":"development","level":"info","logLevel":"info","message":"Logger Service started successfully","nodeVersion":"v22.13.0","service":"Logger Service","timestamp":"2026-04-27 13:31:01","type":"startup"}
{"environment":"development","level":"info","message":"Twilio SMS service initialized successfully","service":"sendrey-server","timestamp":"2026-04-27 13:31:01"}
{"environment":"development","level":"info","logLevel":"info","message":"Logger Service started successfully","nodeVersion":"v22.13.0","service":"Logger Service","timestamp":"2026-04-27 13:31:21","type":"startup"}
{"environment":"development","errorMessage":"Invalid or unexpected token","errorStack":"C:\\Users\\timiv\\Desktop\\sendrey-server\\services\\businessService.js:492\n      select: 'firstName lastName  businessProfile.businessName\n              ^^^^^^^^^^^^^^^^^^^^^^^^^^^^^^^^^^^^^^^^^^^^^^^^^\n\nSyntaxError: Invalid or unexpected token\n    at wrapSafe (node:internal/modules/cjs/loader:1512:18)\n    at Module._compile (node:internal/modules/cjs/loader:1534:20)\n    at Object..js (node:internal/modules/cjs/loader:1699:10)\n    at Module.load (node:internal/modules/cjs/loader:1313:32)\n    at Function._load (node:internal/modules/cjs/loader:1123:12)\n    at TracingChannel.traceSync (node:diagnostics_channel:322:14)\n    at wrapModuleLoad (node:internal/modules/cjs/loader:217:24)\n    at Module.require (node:internal/modules/cjs/loader:1335:12)\n    at require (node:internal/modules/helpers:136:16)\n    at Object.<anonymous> (C:\\Users\\timiv\\Desktop\\sendrey-server\\socket\\chatStatusHandlers.js:5:24)","level":"error","message":"Uncaught Exception","service":"sendrey-server","timestamp":"2026-04-27 13:31:22","type":"uncaughtException"}
{"environment":"development","level":"info","logLevel":"info","message":"Logger Service started successfully","nodeVersion":"v22.13.0","service":"Logger Service","timestamp":"2026-04-27 13:31:25","type":"startup"}
{"environment":"development","level":"info","logLevel":"info","message":"Logger Service started successfully","nodeVersion":"v22.13.0","service":"Logger Service","timestamp":"2026-04-27 13:31:25","type":"startup"}
{"environment":"development","level":"info","message":"Twilio SMS service initialized successfully","service":"sendrey-server","timestamp":"2026-04-27 13:31:25"}
{"environment":"development","level":"info","logLevel":"info","message":"Logger Service started successfully","nodeVersion":"v22.13.0","service":"Logger Service","timestamp":"2026-04-27 13:31:41","type":"startup"}
{"environment":"development","level":"info","logLevel":"info","message":"Logger Service started successfully","nodeVersion":"v22.13.0","service":"Logger Service","timestamp":"2026-04-27 13:31:41","type":"startup"}
{"environment":"development","level":"info","message":"Twilio SMS service initialized successfully","service":"sendrey-server","timestamp":"2026-04-27 13:31:41"}
{"environment":"development","level":"info","logLevel":"info","message":"Logger Service started successfully","nodeVersion":"v22.13.0","service":"Logger Service","timestamp":"2026-04-27 13:34:11","type":"startup"}
{"environment":"development","level":"info","logLevel":"info","message":"Logger Service started successfully","nodeVersion":"v22.13.0","service":"Logger Service","timestamp":"2026-04-27 13:34:11","type":"startup"}
{"environment":"development","level":"info","message":"Twilio SMS service initialized successfully","service":"sendrey-server","timestamp":"2026-04-27 13:34:11"}
{"environment":"development","level":"info","logLevel":"info","message":"Logger Service started successfully","nodeVersion":"v22.13.0","service":"Logger Service","timestamp":"2026-04-27 13:34:22","type":"startup"}
{"environment":"development","level":"info","logLevel":"info","message":"Logger Service started successfully","nodeVersion":"v22.13.0","service":"Logger Service","timestamp":"2026-04-27 13:34:27","type":"startup"}
{"environment":"development","level":"info","logLevel":"info","message":"Logger Service started successfully","nodeVersion":"v22.13.0","service":"Logger Service","timestamp":"2026-04-27 13:34:27","type":"startup"}
{"environment":"development","level":"info","message":"Twilio SMS service initialized successfully","service":"sendrey-server","timestamp":"2026-04-27 13:34:27"}
{"environment":"development","level":"info","logLevel":"info","message":"Logger Service started successfully","nodeVersion":"v22.13.0","service":"Logger Service","timestamp":"2026-04-27 13:34:53","type":"startup"}
{"environment":"development","level":"info","logLevel":"info","message":"Logger Service started successfully","nodeVersion":"v22.13.0","service":"Logger Service","timestamp":"2026-04-27 13:34:52","type":"startup"}
{"environment":"development","level":"info","message":"Twilio SMS service initialized successfully","service":"sendrey-server","timestamp":"2026-04-27 13:34:53"}
{"environment":"development","level":"info","logLevel":"info","message":"Logger Service started successfully","nodeVersion":"v22.13.0","service":"Logger Service","timestamp":"2026-04-27 13:35:21","type":"startup"}
{"environment":"development","level":"info","logLevel":"info","message":"Logger Service started successfully","nodeVersion":"v22.13.0","service":"Logger Service","timestamp":"2026-04-27 13:35:26","type":"startup"}
{"environment":"development","level":"info","logLevel":"info","message":"Logger Service started successfully","nodeVersion":"v22.13.0","service":"Logger Service","timestamp":"2026-04-27 13:35:25","type":"startup"}
{"environment":"development","level":"info","message":"Twilio SMS service initialized successfully","service":"sendrey-server","timestamp":"2026-04-27 13:35:26"}
{"environment":"development","level":"info","logLevel":"info","message":"Logger Service started successfully","nodeVersion":"v22.13.0","service":"Logger Service","timestamp":"2026-04-27 13:35:46","type":"startup"}
{"environment":"development","level":"info","logLevel":"info","message":"Logger Service started successfully","nodeVersion":"v22.13.0","service":"Logger Service","timestamp":"2026-04-27 13:35:54","type":"startup"}
{"environment":"development","errorMessage":"Unexpected token '||'","errorStack":"C:\\Users\\timiv\\Desktop\\sendrey-server\\services\\businessService.js:457\n       ||ownerName || requestedBy || '',\n       ^^\n\nSyntaxError: Unexpected token '||'\n    at wrapSafe (node:internal/modules/cjs/loader:1512:18)\n    at Module._compile (node:internal/modules/cjs/loader:1534:20)\n    at Object..js (node:internal/modules/cjs/loader:1699:10)\n    at Module.load (node:internal/modules/cjs/loader:1313:32)\n    at Function._load (node:internal/modules/cjs/loader:1123:12)\n    at TracingChannel.traceSync (node:diagnostics_channel:322:14)\n    at wrapModuleLoad (node:internal/modules/cjs/loader:217:24)\n    at Module.require (node:internal/modules/cjs/loader:1335:12)\n    at require (node:internal/modules/helpers:136:16)\n    at Object.<anonymous> (C:\\Users\\timiv\\Desktop\\sendrey-server\\socket\\chatStatusHandlers.js:5:24)","level":"error","message":"Uncaught Exception","service":"sendrey-server","timestamp":"2026-04-27 13:35:55","type":"uncaughtException"}
{"environment":"development","level":"info","logLevel":"info","message":"Logger Service started successfully","nodeVersion":"v22.13.0","service":"Logger Service","timestamp":"2026-04-27 13:36:00","type":"startup"}
{"environment":"development","level":"info","logLevel":"info","message":"Logger Service started successfully","nodeVersion":"v22.13.0","service":"Logger Service","timestamp":"2026-04-27 13:36:00","type":"startup"}
{"environment":"development","level":"info","message":"Twilio SMS service initialized successfully","service":"sendrey-server","timestamp":"2026-04-27 13:36:00"}
{"environment":"development","level":"info","logLevel":"info","message":"Logger Service started successfully","nodeVersion":"v22.13.0","service":"Logger Service","timestamp":"2026-04-27 13:36:29","type":"startup"}
{"environment":"development","level":"info","logLevel":"info","message":"Logger Service started successfully","nodeVersion":"v22.13.0","service":"Logger Service","timestamp":"2026-04-27 13:36:28","type":"startup"}
{"environment":"development","level":"info","message":"Twilio SMS service initialized successfully","service":"sendrey-server","timestamp":"2026-04-27 13:36:28"}
{"environment":"development","level":"info","logLevel":"info","message":"Logger Service started successfully","nodeVersion":"v22.13.0","service":"Logger Service","timestamp":"2026-04-27 13:36:51","type":"startup"}
{"environment":"development","level":"info","logLevel":"info","message":"Logger Service started successfully","nodeVersion":"v22.13.0","service":"Logger Service","timestamp":"2026-04-27 13:36:51","type":"startup"}
{"environment":"development","level":"info","message":"Twilio SMS service initialized successfully","service":"sendrey-server","timestamp":"2026-04-27 13:36:51"}
{"environment":"development","ip":"::1","level":"http","message":"Request started: GET /api/v1/orders/runner/69df618d3cc6528b16453805?page=1&limit=10","method":"GET","service":"sendrey-server","timestamp":"2026-04-27 13:44:48","url":"/api/v1/orders/runner/69df618d3cc6528b16453805?page=1&limit=10","userAgent":"Mozilla/5.0 (Windows NT 10.0; Win64; x64) AppleWebKit/537.36 (KHTML, like Gecko) Chrome/147.0.0.0 Safari/537.36","userEmail":"anonymous","userId":"anonymous"}
{"environment":"development","level":"http","message":"::1 - anonymous [27/Apr/2026:12:44:48 +0000] \"GET /api/v1/orders/runner/69df618d3cc6528b16453805?page=1&limit=10 HTTP/1.1\" 401 51 \"http://localhost:3000/\" \"Mozilla/5.0 (Windows NT 10.0; Win64; x64) AppleWebKit/537.36 (KHTML, like Gecko) Chrome/147.0.0.0 Safari/537.36\" - 13ms","service":"sendrey-server","timestamp":"2026-04-27 13:44:48"}
{"contentLength":"51","environment":"development","ip":"::1","level":"http","message":"GET /runner/69df618d3cc6528b16453805?page=1&limit=10 401 27ms","method":"GET","referrer":"http://localhost:3000/","responseTime":27,"service":"sendrey-server","statusCode":401,"timestamp":"2026-04-27 13:44:48","type":"api","url":"/runner/69df618d3cc6528b16453805?page=1&limit=10","userAgent":"Mozilla/5.0 (Windows NT 10.0; Win64; x64) AppleWebKit/537.36 (KHTML, like Gecko) Chrome/147.0.0.0 Safari/537.36","userEmail":"anonymous","userId":"anonymous"}
{"environment":"development","level":"warn","message":"Client error: GET /runner/69df618d3cc6528b16453805?page=1&limit=10 - 401","method":"GET","service":"sendrey-server","statusCode":401,"timestamp":"2026-04-27 13:44:48","url":"/runner/69df618d3cc6528b16453805?page=1&limit=10","userId":"anonymous"}
{"environment":"development","ip":"::1","level":"http","message":"Request started: GET /api/v1/orders/runner/69df618d3cc6528b16453805?page=1&limit=10","method":"GET","service":"sendrey-server","timestamp":"2026-04-27 13:44:48","url":"/api/v1/orders/runner/69df618d3cc6528b16453805?page=1&limit=10","userAgent":"Mozilla/5.0 (Windows NT 10.0; Win64; x64) AppleWebKit/537.36 (KHTML, like Gecko) Chrome/147.0.0.0 Safari/537.36","userEmail":"anonymous","userId":"anonymous"}
{"environment":"development","level":"http","message":"::1 - anonymous [27/Apr/2026:12:44:48 +0000] \"GET /api/v1/orders/runner/69df618d3cc6528b16453805?page=1&limit=10 HTTP/1.1\" 401 51 \"http://localhost:3000/\" \"Mozilla/5.0 (Windows NT 10.0; Win64; x64) AppleWebKit/537.36 (KHTML, like Gecko) Chrome/147.0.0.0 Safari/537.36\" - 3ms","service":"sendrey-server","timestamp":"2026-04-27 13:44:48"}
{"contentLength":"51","environment":"development","ip":"::1","level":"http","message":"GET /runner/69df618d3cc6528b16453805?page=1&limit=10 401 8ms","method":"GET","referrer":"http://localhost:3000/","responseTime":8,"service":"sendrey-server","statusCode":401,"timestamp":"2026-04-27 13:44:48","type":"api","url":"/runner/69df618d3cc6528b16453805?page=1&limit=10","userAgent":"Mozilla/5.0 (Windows NT 10.0; Win64; x64) AppleWebKit/537.36 (KHTML, like Gecko) Chrome/147.0.0.0 Safari/537.36","userEmail":"anonymous","userId":"anonymous"}
{"environment":"development","level":"warn","message":"Client error: GET /runner/69df618d3cc6528b16453805?page=1&limit=10 - 401","method":"GET","service":"sendrey-server","statusCode":401,"timestamp":"2026-04-27 13:44:48","url":"/runner/69df618d3cc6528b16453805?page=1&limit=10","userId":"anonymous"}
{"environment":"development","ip":"::1","level":"http","message":"Request started: POST /api/v1/auth/refresh-token","method":"POST","service":"sendrey-server","timestamp":"2026-04-27 13:44:48","url":"/api/v1/auth/refresh-token","userAgent":"Mozilla/5.0 (Windows NT 10.0; Win64; x64) AppleWebKit/537.36 (KHTML, like Gecko) Chrome/147.0.0.0 Safari/537.36","userEmail":"anonymous","userId":"anonymous"}
{"environment":"development","ip":"::1","level":"http","message":"Request started: POST /api/v1/auth/refresh-token","method":"POST","service":"sendrey-server","timestamp":"2026-04-27 13:44:48","url":"/api/v1/auth/refresh-token","userAgent":"Mozilla/5.0 (Windows NT 10.0; Win64; x64) AppleWebKit/537.36 (KHTML, like Gecko) Chrome/147.0.0.0 Safari/537.36","userEmail":"anonymous","userId":"anonymous"}
{"environment":"development","level":"http","message":"::1 - anonymous [27/Apr/2026:12:45:17 +0000] \"POST /api/v1/auth/refresh-token HTTP/1.1\" 200 471 \"http://localhost:3000/\" \"Mozilla/5.0 (Windows NT 10.0; Win64; x64) AppleWebKit/537.36 (KHTML, like Gecko) Chrome/147.0.0.0 Safari/537.36\" - 28736ms","service":"sendrey-server","timestamp":"2026-04-27 13:45:17"}
{"contentLength":"471","environment":"development","ip":"::1","level":"http","message":"POST /refresh-token 200 28740ms","method":"POST","referrer":"http://localhost:3000/","responseTime":28740,"service":"sendrey-server","statusCode":200,"timestamp":"2026-04-27 13:45:17","type":"api","url":"/refresh-token","userAgent":"Mozilla/5.0 (Windows NT 10.0; Win64; x64) AppleWebKit/537.36 (KHTML, like Gecko) Chrome/147.0.0.0 Safari/537.36","userEmail":"anonymous","userId":"anonymous"}
{"duration":28740,"environment":"development","level":"warn","message":"Slow request: POST /refresh-token took 28740ms","method":"POST","service":"sendrey-server","threshold":1000,"timestamp":"2026-04-27 13:45:17","url":"/refresh-token"}
{"environment":"development","level":"http","message":"::1 - anonymous [27/Apr/2026:12:45:17 +0000] \"POST /api/v1/auth/refresh-token HTTP/1.1\" 200 471 \"http://localhost:3000/\" \"Mozilla/5.0 (Windows NT 10.0; Win64; x64) AppleWebKit/537.36 (KHTML, like Gecko) Chrome/147.0.0.0 Safari/537.36\" - 28789ms","service":"sendrey-server","timestamp":"2026-04-27 13:45:17"}
{"contentLength":"471","environment":"development","ip":"::1","level":"http","message":"POST /refresh-token 200 28791ms","method":"POST","referrer":"http://localhost:3000/","responseTime":28791,"service":"sendrey-server","statusCode":200,"timestamp":"2026-04-27 13:45:17","type":"api","url":"/refresh-token","userAgent":"Mozilla/5.0 (Windows NT 10.0; Win64; x64) AppleWebKit/537.36 (KHTML, like Gecko) Chrome/147.0.0.0 Safari/537.36","userEmail":"anonymous","userId":"anonymous"}
{"duration":28791,"environment":"development","level":"warn","message":"Slow request: POST /refresh-token took 28791ms","method":"POST","service":"sendrey-server","threshold":1000,"timestamp":"2026-04-27 13:45:17","url":"/refresh-token"}
{"environment":"development","ip":"::1","level":"http","message":"Request started: GET /api/v1/orders/runner/69df618d3cc6528b16453805?page=1&limit=10","method":"GET","service":"sendrey-server","timestamp":"2026-04-27 13:45:19","url":"/api/v1/orders/runner/69df618d3cc6528b16453805?page=1&limit=10","userAgent":"Mozilla/5.0 (Windows NT 10.0; Win64; x64) AppleWebKit/537.36 (KHTML, like Gecko) Chrome/147.0.0.0 Safari/537.36","userEmail":"anonymous","userId":"anonymous"}
{"environment":"development","level":"info","message":"User authenticated: timivictor565@gmail.com - GET /runner/69df618d3cc6528b16453805","service":"sendrey-server","timestamp":"2026-04-27 13:45:19"}
{"environment":"development","level":"http","message":"::1 - timivictor565@gmail.com [27/Apr/2026:12:45:19 +0000] \"GET /api/v1/orders/runner/69df618d3cc6528b16453805?page=1&limit=10 HTTP/1.1\" 200 - \"http://localhost:3000/\" \"Mozilla/5.0 (Windows NT 10.0; Win64; x64) AppleWebKit/537.36 (KHTML, like Gecko) Chrome/147.0.0.0 Safari/537.36\" - 712ms","service":"sendrey-server","timestamp":"2026-04-27 13:45:19"}
{"environment":"development","ip":"::1","level":"http","message":"GET /runner/69df618d3cc6528b16453805?page=1&limit=10 200 722ms","method":"GET","referrer":"http://localhost:3000/","responseTime":722,"service":"sendrey-server","statusCode":200,"timestamp":"2026-04-27 13:45:19","type":"api","url":"/runner/69df618d3cc6528b16453805?page=1&limit=10","userAgent":"Mozilla/5.0 (Windows NT 10.0; Win64; x64) AppleWebKit/537.36 (KHTML, like Gecko) Chrome/147.0.0.0 Safari/537.36","userEmail":"timivictor565@gmail.com","userId":"69df618d3cc6528b16453805"}
{"environment":"development","ip":"::1","level":"http","message":"Request started: GET /api/v1/orders/runner/69df618d3cc6528b16453805?page=1&limit=10","method":"GET","service":"sendrey-server","timestamp":"2026-04-27 13:45:19","url":"/api/v1/orders/runner/69df618d3cc6528b16453805?page=1&limit=10","userAgent":"Mozilla/5.0 (Windows NT 10.0; Win64; x64) AppleWebKit/537.36 (KHTML, like Gecko) Chrome/147.0.0.0 Safari/537.36","userEmail":"anonymous","userId":"anonymous"}
{"environment":"development","level":"info","message":"User authenticated: timivictor565@gmail.com - GET /runner/69df618d3cc6528b16453805","service":"sendrey-server","timestamp":"2026-04-27 13:45:20"}
{"environment":"development","level":"http","message":"::1 - timivictor565@gmail.com [27/Apr/2026:12:45:20 +0000] \"GET /api/v1/orders/runner/69df618d3cc6528b16453805?page=1&limit=10 HTTP/1.1\" 304 - \"http://localhost:3000/\" \"Mozilla/5.0 (Windows NT 10.0; Win64; x64) AppleWebKit/537.36 (KHTML, like Gecko) Chrome/147.0.0.0 Safari/537.36\" - 742ms","service":"sendrey-server","timestamp":"2026-04-27 13:45:20"}
{"environment":"development","ip":"::1","level":"http","message":"GET /runner/69df618d3cc6528b16453805?page=1&limit=10 304 744ms","method":"GET","referrer":"http://localhost:3000/","responseTime":744,"service":"sendrey-server","statusCode":304,"timestamp":"2026-04-27 13:45:20","type":"api","url":"/runner/69df618d3cc6528b16453805?page=1&limit=10","userAgent":"Mozilla/5.0 (Windows NT 10.0; Win64; x64) AppleWebKit/537.36 (KHTML, like Gecko) Chrome/147.0.0.0 Safari/537.36","userEmail":"timivictor565@gmail.com","userId":"69df618d3cc6528b16453805"}
{"environment":"development","ip":"::1","level":"http","message":"Request started: GET /api/v1/orders/runner/69df618d3cc6528b16453805?page=1&limit=10","method":"GET","service":"sendrey-server","timestamp":"2026-04-27 13:45:28","url":"/api/v1/orders/runner/69df618d3cc6528b16453805?page=1&limit=10","userAgent":"Mozilla/5.0 (Windows NT 10.0; Win64; x64) AppleWebKit/537.36 (KHTML, like Gecko) Chrome/147.0.0.0 Safari/537.36","userEmail":"anonymous","userId":"anonymous"}
{"environment":"development","level":"info","message":"User authenticated: timivictor565@gmail.com - GET /runner/69df618d3cc6528b16453805","service":"sendrey-server","timestamp":"2026-04-27 13:45:29"}
{"environment":"development","level":"http","message":"::1 - timivictor565@gmail.com [27/Apr/2026:12:45:29 +0000] \"GET /api/v1/orders/runner/69df618d3cc6528b16453805?page=1&limit=10 HTTP/1.1\" 304 - \"http://localhost:3000/\" \"Mozilla/5.0 (Windows NT 10.0; Win64; x64) AppleWebKit/537.36 (KHTML, like Gecko) Chrome/147.0.0.0 Safari/537.36\" - 520ms","service":"sendrey-server","timestamp":"2026-04-27 13:45:29"}
{"environment":"development","ip":"::1","level":"http","message":"GET /runner/69df618d3cc6528b16453805?page=1&limit=10 304 523ms","method":"GET","referrer":"http://localhost:3000/","responseTime":523,"service":"sendrey-server","statusCode":304,"timestamp":"2026-04-27 13:45:29","type":"api","url":"/runner/69df618d3cc6528b16453805?page=1&limit=10","userAgent":"Mozilla/5.0 (Windows NT 10.0; Win64; x64) AppleWebKit/537.36 (KHTML, like Gecko) Chrome/147.0.0.0 Safari/537.36","userEmail":"timivictor565@gmail.com","userId":"69df618d3cc6528b16453805"}
{"environment":"development","ip":"::1","level":"http","message":"Request started: GET /api/v1/orders/runner/69df618d3cc6528b16453805?page=1&limit=10","method":"GET","service":"sendrey-server","timestamp":"2026-04-27 13:45:29","url":"/api/v1/orders/runner/69df618d3cc6528b16453805?page=1&limit=10","userAgent":"Mozilla/5.0 (Windows NT 10.0; Win64; x64) AppleWebKit/537.36 (KHTML, like Gecko) Chrome/147.0.0.0 Safari/537.36","userEmail":"anonymous","userId":"anonymous"}
{"environment":"development","level":"info","message":"User authenticated: timivictor565@gmail.com - GET /runner/69df618d3cc6528b16453805","service":"sendrey-server","timestamp":"2026-04-27 13:45:29"}
{"environment":"development","level":"http","message":"::1 - timivictor565@gmail.com [27/Apr/2026:12:45:30 +0000] \"GET /api/v1/orders/runner/69df618d3cc6528b16453805?page=1&limit=10 HTTP/1.1\" 304 - \"http://localhost:3000/\" \"Mozilla/5.0 (Windows NT 10.0; Win64; x64) AppleWebKit/537.36 (KHTML, like Gecko) Chrome/147.0.0.0 Safari/537.36\" - 580ms","service":"sendrey-server","timestamp":"2026-04-27 13:45:30"}
{"environment":"development","ip":"::1","level":"http","message":"GET /runner/69df618d3cc6528b16453805?page=1&limit=10 304 584ms","method":"GET","referrer":"http://localhost:3000/","responseTime":584,"service":"sendrey-server","statusCode":304,"timestamp":"2026-04-27 13:45:30","type":"api","url":"/runner/69df618d3cc6528b16453805?page=1&limit=10","userAgent":"Mozilla/5.0 (Windows NT 10.0; Win64; x64) AppleWebKit/537.36 (KHTML, like Gecko) Chrome/147.0.0.0 Safari/537.36","userEmail":"timivictor565@gmail.com","userId":"69df618d3cc6528b16453805"}
{"environment":"development","ip":"::1","level":"http","message":"Request started: POST /api/v1/auth/register-user","method":"POST","service":"sendrey-server","timestamp":"2026-04-27 13:48:20","url":"/api/v1/auth/register-user","userAgent":"Mozilla/5.0 (Windows NT 10.0; Win64; x64) AppleWebKit/537.36 (KHTML, like Gecko) Chrome/147.0.0.0 Safari/537.36","userEmail":"anonymous","userId":"anonymous"}
{"environment":"development","errorMessage":"Account already exists","errorStack":"Error: Account already exists\n    at AuthService.register (C:\\Users\\timiv\\Desktop\\sendrey-server\\services\\authService.js:33:21)\n    at process.processTicksAndRejections (node:internal/process/task_queues:105:5)\n    at async register (C:\\Users\\timiv\\Desktop\\sendrey-server\\controllers\\authController.js:59:39)","level":"error","message":"AuthService - user Register error:","service":"sendrey-server","timestamp":"2026-04-27 13:48:27"}
{"environment":"development","errorMessage":"Account already exists","errorStack":"Error: Account already exists\n    at AuthService.register (C:\\Users\\timiv\\Desktop\\sendrey-server\\services\\authService.js:33:21)\n    at process.processTicksAndRejections (node:internal/process/task_queues:105:5)\n    at async register (C:\\Users\\timiv\\Desktop\\sendrey-server\\controllers\\authController.js:59:39)","level":"error","message":"User registration error:","service":"sendrey-server","timestamp":"2026-04-27 13:48:27"}
{"environment":"development","level":"http","message":"::1 - anonymous [27/Apr/2026:12:48:27 +0000] \"POST /api/v1/auth/register-user HTTP/1.1\" 409 148 \"http://localhost:3000/\" \"Mozilla/5.0 (Windows NT 10.0; Win64; x64) AppleWebKit/537.36 (KHTML, like Gecko) Chrome/147.0.0.0 Safari/537.36\" - 7140ms","service":"sendrey-server","timestamp":"2026-04-27 13:48:27"}
{"contentLength":"148","environment":"development","ip":"::1","level":"http","message":"POST /register-user 409 7143ms","method":"POST","referrer":"http://localhost:3000/","responseTime":7143,"service":"sendrey-server","statusCode":409,"timestamp":"2026-04-27 13:48:27","type":"api","url":"/register-user","userAgent":"Mozilla/5.0 (Windows NT 10.0; Win64; x64) AppleWebKit/537.36 (KHTML, like Gecko) Chrome/147.0.0.0 Safari/537.36","userEmail":"anonymous","userId":"anonymous"}
{"duration":7143,"environment":"development","level":"warn","message":"Slow request: POST /register-user took 7143ms","method":"POST","service":"sendrey-server","threshold":1000,"timestamp":"2026-04-27 13:48:27","url":"/register-user"}
{"environment":"development","level":"warn","message":"Client error: POST /register-user - 409","method":"POST","service":"sendrey-server","statusCode":409,"timestamp":"2026-04-27 13:48:27","url":"/register-user","userId":"anonymous"}
{"environment":"development","ip":"::1","level":"http","message":"Request started: POST /api/v1/auth/send-returning-user-otp","method":"POST","service":"sendrey-server","timestamp":"2026-04-27 13:48:30","url":"/api/v1/auth/send-returning-user-otp","userAgent":"Mozilla/5.0 (Windows NT 10.0; Win64; x64) AppleWebKit/537.36 (KHTML, like Gecko) Chrome/147.0.0.0 Safari/537.36","userEmail":"anonymous","userId":"anonymous"}
{"environment":"development","level":"info","message":"Returning user OTP sent: timivictor565@gmail.com","service":"sendrey-server","timestamp":"2026-04-27 13:48:31"}
{"environment":"development","level":"http","message":"::1 - anonymous [27/Apr/2026:12:48:31 +0000] \"POST /api/v1/auth/send-returning-user-otp HTTP/1.1\" 200 122 \"http://localhost:3000/\" \"Mozilla/5.0 (Windows NT 10.0; Win64; x64) AppleWebKit/537.36 (KHTML, like Gecko) Chrome/147.0.0.0 Safari/537.36\" - 1014ms","service":"sendrey-server","timestamp":"2026-04-27 13:48:31"}
{"contentLength":"122","environment":"development","ip":"::1","level":"http","message":"POST /send-returning-user-otp 200 1015ms","method":"POST","referrer":"http://localhost:3000/","responseTime":1015,"service":"sendrey-server","statusCode":200,"timestamp":"2026-04-27 13:48:31","type":"api","url":"/send-returning-user-otp","userAgent":"Mozilla/5.0 (Windows NT 10.0; Win64; x64) AppleWebKit/537.36 (KHTML, like Gecko) Chrome/147.0.0.0 Safari/537.36","userEmail":"anonymous","userId":"anonymous"}
{"duration":1015,"environment":"development","level":"warn","message":"Slow request: POST /send-returning-user-otp took 1015ms","method":"POST","service":"sendrey-server","threshold":1000,"timestamp":"2026-04-27 13:48:31","url":"/send-returning-user-otp"}
{"MessageID":"IpI3qJFWlQZnEu9Ve5_0qQ2","TransactionID":"6e1cd503-c19b-0151-e003-1bd63afd4d68","environment":"development","level":"info","message":"Email sent via Elastic Email API to timivictor565@gmail.com","service":"sendrey-server","timestamp":"2026-04-27 13:48:36"}
{"environment":"development","ip":"::1","level":"http","message":"Request started: POST /api/v1/auth/verify-email-otp","method":"POST","service":"sendrey-server","timestamp":"2026-04-27 13:48:37","url":"/api/v1/auth/verify-email-otp","userAgent":"Mozilla/5.0 (Windows NT 10.0; Win64; x64) AppleWebKit/537.36 (KHTML, like Gecko) Chrome/147.0.0.0 Safari/537.36","userEmail":"anonymous","userId":"anonymous"}
{"environment":"development","level":"info","message":"user email verified via OTP: timivictor565@gmail.com","service":"sendrey-server","timestamp":"2026-04-27 13:48:38"}
{"environment":"development","level":"http","message":"::1 - anonymous [27/Apr/2026:12:48:38 +0000] \"POST /api/v1/auth/verify-email-otp HTTP/1.1\" 200 - \"http://localhost:3000/\" \"Mozilla/5.0 (Windows NT 10.0; Win64; x64) AppleWebKit/537.36 (KHTML, like Gecko) Chrome/147.0.0.0 Safari/537.36\" - 997ms","service":"sendrey-server","timestamp":"2026-04-27 13:48:38"}
{"environment":"development","ip":"::1","level":"http","message":"POST /verify-email-otp 200 1006ms","method":"POST","referrer":"http://localhost:3000/","responseTime":1006,"service":"sendrey-server","statusCode":200,"timestamp":"2026-04-27 13:48:38","type":"api","url":"/verify-email-otp","userAgent":"Mozilla/5.0 (Windows NT 10.0; Win64; x64) AppleWebKit/537.36 (KHTML, like Gecko) Chrome/147.0.0.0 Safari/537.36","userEmail":"anonymous","userId":"anonymous"}
{"duration":1006,"environment":"development","level":"warn","message":"Slow request: POST /verify-email-otp took 1006ms","method":"POST","service":"sendrey-server","threshold":1000,"timestamp":"2026-04-27 13:48:38","url":"/verify-email-otp"}
{"environment":"development","ip":"::1","level":"http","message":"Request started: GET /api/v1/users/profile","method":"GET","service":"sendrey-server","timestamp":"2026-04-27 13:48:43","url":"/api/v1/users/profile","userAgent":"Mozilla/5.0 (Windows NT 10.0; Win64; x64) AppleWebKit/537.36 (KHTML, like Gecko) Chrome/147.0.0.0 Safari/537.36","userEmail":"anonymous","userId":"anonymous"}
{"environment":"development","level":"info","message":"User authenticated: timivictor565@gmail.com - GET /profile","service":"sendrey-server","timestamp":"2026-04-27 13:48:43"}
{"environment":"development","level":"http","message":"::1 - timivictor565@gmail.com [27/Apr/2026:12:48:43 +0000] \"GET /api/v1/users/profile HTTP/1.1\" 200 - \"http://localhost:3000/\" \"Mozilla/5.0 (Windows NT 10.0; Win64; x64) AppleWebKit/537.36 (KHTML, like Gecko) Chrome/147.0.0.0 Safari/537.36\" - 322ms","service":"sendrey-server","timestamp":"2026-04-27 13:48:43"}
{"environment":"development","ip":"::1","level":"http","message":"GET /profile 200 327ms","method":"GET","referrer":"http://localhost:3000/","responseTime":327,"service":"sendrey-server","statusCode":200,"timestamp":"2026-04-27 13:48:43","type":"api","url":"/profile","userAgent":"Mozilla/5.0 (Windows NT 10.0; Win64; x64) AppleWebKit/537.36 (KHTML, like Gecko) Chrome/147.0.0.0 Safari/537.36","userEmail":"timivictor565@gmail.com","userId":"69df1fe656fa039dfc8f3f09"}
{"environment":"development","ip":"::1","level":"http","message":"Request started: GET /api/v1/users/profile","method":"GET","service":"sendrey-server","timestamp":"2026-04-27 13:48:43","url":"/api/v1/users/profile","userAgent":"Mozilla/5.0 (Windows NT 10.0; Win64; x64) AppleWebKit/537.36 (KHTML, like Gecko) Chrome/147.0.0.0 Safari/537.36","userEmail":"anonymous","userId":"anonymous"}
{"environment":"development","level":"info","message":"User authenticated: timivictor565@gmail.com - GET /profile","service":"sendrey-server","timestamp":"2026-04-27 13:48:43"}
{"environment":"development","level":"http","message":"::1 - timivictor565@gmail.com [27/Apr/2026:12:48:43 +0000] \"GET /api/v1/users/profile HTTP/1.1\" 200 - \"http://localhost:3000/\" \"Mozilla/5.0 (Windows NT 10.0; Win64; x64) AppleWebKit/537.36 (KHTML, like Gecko) Chrome/147.0.0.0 Safari/537.36\" - 344ms","service":"sendrey-server","timestamp":"2026-04-27 13:48:43"}
{"environment":"development","ip":"::1","level":"http","message":"GET /profile 200 347ms","method":"GET","referrer":"http://localhost:3000/","responseTime":347,"service":"sendrey-server","statusCode":200,"timestamp":"2026-04-27 13:48:43","type":"api","url":"/profile","userAgent":"Mozilla/5.0 (Windows NT 10.0; Win64; x64) AppleWebKit/537.36 (KHTML, like Gecko) Chrome/147.0.0.0 Safari/537.36","userEmail":"timivictor565@gmail.com","userId":"69df1fe656fa039dfc8f3f09"}
{"environment":"development","ip":"::1","level":"http","message":"Request started: GET /api/v1/business/team","method":"GET","service":"sendrey-server","timestamp":"2026-04-27 13:48:44","url":"/api/v1/business/team","userAgent":"Mozilla/5.0 (Windows NT 10.0; Win64; x64) AppleWebKit/537.36 (KHTML, like Gecko) Chrome/147.0.0.0 Safari/537.36","userEmail":"anonymous","userId":"anonymous"}
{"environment":"development","ip":"::1","level":"http","message":"Request started: GET /api/v1/business/reports","method":"GET","service":"sendrey-server","timestamp":"2026-04-27 13:48:44","url":"/api/v1/business/reports","userAgent":"Mozilla/5.0 (Windows NT 10.0; Win64; x64) AppleWebKit/537.36 (KHTML, like Gecko) Chrome/147.0.0.0 Safari/537.36","userEmail":"anonymous","userId":"anonymous"}
{"environment":"development","ip":"::1","level":"http","message":"Request started: GET /api/v1/business/schedules","method":"GET","service":"sendrey-server","timestamp":"2026-04-27 13:48:44","url":"/api/v1/business/schedules","userAgent":"Mozilla/5.0 (Windows NT 10.0; Win64; x64) AppleWebKit/537.36 (KHTML, like Gecko) Chrome/147.0.0.0 Safari/537.36","userEmail":"anonymous","userId":"anonymous"}
{"environment":"development","level":"info","message":"User authenticated: timivictor565@gmail.com - GET /team","service":"sendrey-server","timestamp":"2026-04-27 13:48:45"}
{"environment":"development","level":"info","message":"User authenticated: timivictor565@gmail.com - GET /reports","service":"sendrey-server","timestamp":"2026-04-27 13:48:45"}
{"environment":"development","level":"http","message":"::1 - timivictor565@gmail.com [27/Apr/2026:12:48:46 +0000] \"GET /api/v1/business/reports HTTP/1.1\" 200 58 \"http://localhost:3000/\" \"Mozilla/5.0 (Windows NT 10.0; Win64; x64) AppleWebKit/537.36 (KHTML, like Gecko) Chrome/147.0.0.0 Safari/537.36\" - 2184ms","service":"sendrey-server","timestamp":"2026-04-27 13:48:46"}
{"contentLength":"58","environment":"development","ip":"::1","level":"http","message":"GET /reports 200 2185ms","method":"GET","referrer":"http://localhost:3000/","responseTime":2185,"service":"sendrey-server","statusCode":200,"timestamp":"2026-04-27 13:48:46","type":"api","url":"/reports","userAgent":"Mozilla/5.0 (Windows NT 10.0; Win64; x64) AppleWebKit/537.36 (KHTML, like Gecko) Chrome/147.0.0.0 Safari/537.36","userEmail":"timivictor565@gmail.com","userId":"69df1fe656fa039dfc8f3f09"}
{"duration":2185,"environment":"development","level":"warn","message":"Slow request: GET /reports took 2185ms","method":"GET","service":"sendrey-server","threshold":1000,"timestamp":"2026-04-27 13:48:46","url":"/reports"}
{"environment":"development","ip":"::1","level":"http","message":"Request started: GET /api/v1/business/reports","method":"GET","service":"sendrey-server","timestamp":"2026-04-27 13:48:46","url":"/api/v1/business/reports","userAgent":"Mozilla/5.0 (Windows NT 10.0; Win64; x64) AppleWebKit/537.36 (KHTML, like Gecko) Chrome/147.0.0.0 Safari/537.36","userEmail":"anonymous","userId":"anonymous"}
{"environment":"development","level":"info","message":"User authenticated: timivictor565@gmail.com - GET /reports","service":"sendrey-server","timestamp":"2026-04-27 13:48:47"}
{"environment":"development","level":"http","message":"::1 - timivictor565@gmail.com [27/Apr/2026:12:48:47 +0000] \"GET /api/v1/business/team HTTP/1.1\" 200 511 \"http://localhost:3000/\" \"Mozilla/5.0 (Windows NT 10.0; Win64; x64) AppleWebKit/537.36 (KHTML, like Gecko) Chrome/147.0.0.0 Safari/537.36\" - 2766ms","service":"sendrey-server","timestamp":"2026-04-27 13:48:47"}
{"contentLength":"511","environment":"development","ip":"::1","level":"http","message":"GET /team 200 2768ms","method":"GET","referrer":"http://localhost:3000/","responseTime":2768,"service":"sendrey-server","statusCode":200,"timestamp":"2026-04-27 13:48:47","type":"api","url":"/team","userAgent":"Mozilla/5.0 (Windows NT 10.0; Win64; x64) AppleWebKit/537.36 (KHTML, like Gecko) Chrome/147.0.0.0 Safari/537.36","userEmail":"timivictor565@gmail.com","userId":"69df1fe656fa039dfc8f3f09"}
{"duration":2768,"environment":"development","level":"warn","message":"Slow request: GET /team took 2768ms","method":"GET","service":"sendrey-server","threshold":1000,"timestamp":"2026-04-27 13:48:47","url":"/team"}
{"environment":"development","ip":"::1","level":"http","message":"Request started: GET /api/v1/business/team","method":"GET","service":"sendrey-server","timestamp":"2026-04-27 13:48:47","url":"/api/v1/business/team","userAgent":"Mozilla/5.0 (Windows NT 10.0; Win64; x64) AppleWebKit/537.36 (KHTML, like Gecko) Chrome/147.0.0.0 Safari/537.36","userEmail":"anonymous","userId":"anonymous"}
{"environment":"development","level":"info","message":"User authenticated: timivictor565@gmail.com - GET /team","service":"sendrey-server","timestamp":"2026-04-27 13:48:47"}
{"environment":"development","level":"http","message":"::1 - timivictor565@gmail.com [27/Apr/2026:12:48:47 +0000] \"GET /api/v1/business/reports HTTP/1.1\" 304 - \"http://localhost:3000/\" \"Mozilla/5.0 (Windows NT 10.0; Win64; x64) AppleWebKit/537.36 (KHTML, like Gecko) Chrome/147.0.0.0 Safari/537.36\" - 1078ms","service":"sendrey-server","timestamp":"2026-04-27 13:48:47"}
{"environment":"development","ip":"::1","level":"http","message":"GET /reports 304 1082ms","method":"GET","referrer":"http://localhost:3000/","responseTime":1082,"service":"sendrey-server","statusCode":304,"timestamp":"2026-04-27 13:48:47","type":"api","url":"/reports","userAgent":"Mozilla/5.0 (Windows NT 10.0; Win64; x64) AppleWebKit/537.36 (KHTML, like Gecko) Chrome/147.0.0.0 Safari/537.36","userEmail":"timivictor565@gmail.com","userId":"69df1fe656fa039dfc8f3f09"}
{"duration":1082,"environment":"development","level":"warn","message":"Slow request: GET /reports took 1082ms","method":"GET","service":"sendrey-server","threshold":1000,"timestamp":"2026-04-27 13:48:47","url":"/reports"}
{"environment":"development","level":"info","message":"User authenticated: timivictor565@gmail.com - GET /schedules","service":"sendrey-server","timestamp":"2026-04-27 13:48:47"}
{"environment":"development","level":"http","message":"::1 - timivictor565@gmail.com [27/Apr/2026:12:48:48 +0000] \"GET /api/v1/business/team HTTP/1.1\" 304 - \"http://localhost:3000/\" \"Mozilla/5.0 (Windows NT 10.0; Win64; x64) AppleWebKit/537.36 (KHTML, like Gecko) Chrome/147.0.0.0 Safari/537.36\" - 942ms","service":"sendrey-server","timestamp":"2026-04-27 13:48:48"}
{"environment":"development","ip":"::1","level":"http","message":"GET /team 304 943ms","method":"GET","referrer":"http://localhost:3000/","responseTime":943,"service":"sendrey-server","statusCode":304,"timestamp":"2026-04-27 13:48:48","type":"api","url":"/team","userAgent":"Mozilla/5.0 (Windows NT 10.0; Win64; x64) AppleWebKit/537.36 (KHTML, like Gecko) Chrome/147.0.0.0 Safari/537.36","userEmail":"timivictor565@gmail.com","userId":"69df1fe656fa039dfc8f3f09"}
{"environment":"development","level":"http","message":"::1 - timivictor565@gmail.com [27/Apr/2026:12:48:48 +0000] \"GET /api/v1/business/schedules HTTP/1.1\" 200 219 \"http://localhost:3000/\" \"Mozilla/5.0 (Windows NT 10.0; Win64; x64) AppleWebKit/537.36 (KHTML, like Gecko) Chrome/147.0.0.0 Safari/537.36\" - 3761ms","service":"sendrey-server","timestamp":"2026-04-27 13:48:48"}
{"contentLength":"219","environment":"development","ip":"::1","level":"http","message":"GET /schedules 200 3763ms","method":"GET","referrer":"http://localhost:3000/","responseTime":3763,"service":"sendrey-server","statusCode":200,"timestamp":"2026-04-27 13:48:48","type":"api","url":"/schedules","userAgent":"Mozilla/5.0 (Windows NT 10.0; Win64; x64) AppleWebKit/537.36 (KHTML, like Gecko) Chrome/147.0.0.0 Safari/537.36","userEmail":"timivictor565@gmail.com","userId":"69df1fe656fa039dfc8f3f09"}
{"duration":3763,"environment":"development","level":"warn","message":"Slow request: GET /schedules took 3763ms","method":"GET","service":"sendrey-server","threshold":1000,"timestamp":"2026-04-27 13:48:48","url":"/schedules"}
{"environment":"development","ip":"::1","level":"http","message":"Request started: GET /api/v1/business/schedules","method":"GET","service":"sendrey-server","timestamp":"2026-04-27 13:48:48","url":"/api/v1/business/schedules","userAgent":"Mozilla/5.0 (Windows NT 10.0; Win64; x64) AppleWebKit/537.36 (KHTML, like Gecko) Chrome/147.0.0.0 Safari/537.36","userEmail":"anonymous","userId":"anonymous"}
{"environment":"development","level":"info","message":"User authenticated: timivictor565@gmail.com - GET /schedules","service":"sendrey-server","timestamp":"2026-04-27 13:48:48"}
{"environment":"development","level":"http","message":"::1 - timivictor565@gmail.com [27/Apr/2026:12:48:48 +0000] \"GET /api/v1/business/schedules HTTP/1.1\" 304 - \"http://localhost:3000/\" \"Mozilla/5.0 (Windows NT 10.0; Win64; x64) AppleWebKit/537.36 (KHTML, like Gecko) Chrome/147.0.0.0 Safari/537.36\" - 487ms","service":"sendrey-server","timestamp":"2026-04-27 13:48:48"}
{"environment":"development","ip":"::1","level":"http","message":"GET /schedules 304 489ms","method":"GET","referrer":"http://localhost:3000/","responseTime":489,"service":"sendrey-server","statusCode":304,"timestamp":"2026-04-27 13:48:48","type":"api","url":"/schedules","userAgent":"Mozilla/5.0 (Windows NT 10.0; Win64; x64) AppleWebKit/537.36 (KHTML, like Gecko) Chrome/147.0.0.0 Safari/537.36","userEmail":"timivictor565@gmail.com","userId":"69df1fe656fa039dfc8f3f09"}
{"environment":"development","ip":"::1","level":"http","message":"Request started: POST /api/v1/business/reports/generate","method":"POST","service":"sendrey-server","timestamp":"2026-04-27 13:48:48","url":"/api/v1/business/reports/generate","userAgent":"Mozilla/5.0 (Windows NT 10.0; Win64; x64) AppleWebKit/537.36 (KHTML, like Gecko) Chrome/147.0.0.0 Safari/537.36","userEmail":"anonymous","userId":"anonymous"}
{"environment":"development","level":"info","message":"User authenticated: timivictor565@gmail.com - POST /reports/generate","service":"sendrey-server","timestamp":"2026-04-27 13:48:49"}
{"environment":"development","level":"http","message":"::1 - timivictor565@gmail.com [27/Apr/2026:12:48:49 +0000] \"POST /api/v1/business/reports/generate HTTP/1.1\" 200 - \"http://localhost:3000/\" \"Mozilla/5.0 (Windows NT 10.0; Win64; x64) AppleWebKit/537.36 (KHTML, like Gecko) Chrome/147.0.0.0 Safari/537.36\" - 1200ms","service":"sendrey-server","timestamp":"2026-04-27 13:48:49"}
{"environment":"development","ip":"::1","level":"http","message":"POST /reports/generate 200 1208ms","method":"POST","referrer":"http://localhost:3000/","responseTime":1208,"service":"sendrey-server","statusCode":200,"timestamp":"2026-04-27 13:48:49","type":"api","url":"/reports/generate","userAgent":"Mozilla/5.0 (Windows NT 10.0; Win64; x64) AppleWebKit/537.36 (KHTML, like Gecko) Chrome/147.0.0.0 Safari/537.36","userEmail":"timivictor565@gmail.com","userId":"69df1fe656fa039dfc8f3f09"}
{"duration":1208,"environment":"development","level":"warn","message":"Slow request: POST /reports/generate took 1208ms","method":"POST","service":"sendrey-server","threshold":1000,"timestamp":"2026-04-27 13:48:49","url":"/reports/generate"}
{"environment":"development","ip":"::1","level":"http","message":"Request started: GET /api/v1/business/reports?period=monthly","method":"GET","service":"sendrey-server","timestamp":"2026-04-27 13:48:50","url":"/api/v1/business/reports?period=monthly","userAgent":"Mozilla/5.0 (Windows NT 10.0; Win64; x64) AppleWebKit/537.36 (KHTML, like Gecko) Chrome/147.0.0.0 Safari/537.36","userEmail":"anonymous","userId":"anonymous"}
{"environment":"development","level":"info","message":"User authenticated: timivictor565@gmail.com - GET /reports","service":"sendrey-server","timestamp":"2026-04-27 13:48:50"}
{"environment":"development","level":"http","message":"::1 - timivictor565@gmail.com [27/Apr/2026:12:48:50 +0000] \"GET /api/v1/business/reports?period=monthly HTTP/1.1\" 200 - \"http://localhost:3000/\" \"Mozilla/5.0 (Windows NT 10.0; Win64; x64) AppleWebKit/537.36 (KHTML, like Gecko) Chrome/147.0.0.0 Safari/537.36\" - 535ms","service":"sendrey-server","timestamp":"2026-04-27 13:48:50"}
{"environment":"development","ip":"::1","level":"http","message":"GET /reports?period=monthly 200 545ms","method":"GET","referrer":"http://localhost:3000/","responseTime":545,"service":"sendrey-server","statusCode":200,"timestamp":"2026-04-27 13:48:50","type":"api","url":"/reports?period=monthly","userAgent":"Mozilla/5.0 (Windows NT 10.0; Win64; x64) AppleWebKit/537.36 (KHTML, like Gecko) Chrome/147.0.0.0 Safari/537.36","userEmail":"timivictor565@gmail.com","userId":"69df1fe656fa039dfc8f3f09"}
{"environment":"development","ip":"::1","level":"http","message":"Request started: GET /api/v1/business/reports/69ef5b315315d6af01896007/export/csv","method":"GET","service":"sendrey-server","timestamp":"2026-04-27 13:48:52","url":"/api/v1/business/reports/69ef5b315315d6af01896007/export/csv","userAgent":"Mozilla/5.0 (Windows NT 10.0; Win64; x64) AppleWebKit/537.36 (KHTML, like Gecko) Chrome/147.0.0.0 Safari/537.36","userEmail":"anonymous","userId":"anonymous"}
{"environment":"development","level":"info","message":"User authenticated: timivictor565@gmail.com - GET /reports/69ef5b315315d6af01896007/export/csv","service":"sendrey-server","timestamp":"2026-04-27 13:48:52"}
{"environment":"development","level":"http","message":"::1 - timivictor565@gmail.com [27/Apr/2026:12:48:53 +0000] \"GET /api/v1/business/reports/69ef5b315315d6af01896007/export/csv HTTP/1.1\" 200 - \"http://localhost:3000/\" \"Mozilla/5.0 (Windows NT 10.0; Win64; x64) AppleWebKit/537.36 (KHTML, like Gecko) Chrome/147.0.0.0 Safari/537.36\" - 1244ms","service":"sendrey-server","timestamp":"2026-04-27 13:48:53"}
{"environment":"development","ip":"::1","level":"http","message":"GET /reports/69ef5b315315d6af01896007/export/csv 200 1248ms","method":"GET","referrer":"http://localhost:3000/","responseTime":1248,"service":"sendrey-server","statusCode":200,"timestamp":"2026-04-27 13:48:53","type":"api","url":"/reports/69ef5b315315d6af01896007/export/csv","userAgent":"Mozilla/5.0 (Windows NT 10.0; Win64; x64) AppleWebKit/537.36 (KHTML, like Gecko) Chrome/147.0.0.0 Safari/537.36","userEmail":"timivictor565@gmail.com","userId":"69df1fe656fa039dfc8f3f09"}
{"duration":1248,"environment":"development","level":"warn","message":"Slow request: GET /reports/69ef5b315315d6af01896007/export/csv took 1248ms","method":"GET","service":"sendrey-server","threshold":1000,"timestamp":"2026-04-27 13:48:53","url":"/reports/69ef5b315315d6af01896007/export/csv"}
{"environment":"development","ip":"::1","level":"http","message":"Request started: GET /api/v1/business/reports/69ef5b315315d6af01896007/export/pdf","method":"GET","service":"sendrey-server","timestamp":"2026-04-27 13:49:37","url":"/api/v1/business/reports/69ef5b315315d6af01896007/export/pdf","userAgent":"Mozilla/5.0 (Windows NT 10.0; Win64; x64) AppleWebKit/537.36 (KHTML, like Gecko) Chrome/147.0.0.0 Safari/537.36","userEmail":"anonymous","userId":"anonymous"}
{"environment":"development","level":"info","message":"User authenticated: timivictor565@gmail.com - GET /reports/69ef5b315315d6af01896007/export/pdf","service":"sendrey-server","timestamp":"2026-04-27 13:49:38"}
{"environment":"development","level":"http","message":"::1 - timivictor565@gmail.com [27/Apr/2026:12:49:39 +0000] \"GET /api/v1/business/reports/69ef5b315315d6af01896007/export/pdf HTTP/1.1\" 200 - \"http://localhost:3000/\" \"Mozilla/5.0 (Windows NT 10.0; Win64; x64) AppleWebKit/537.36 (KHTML, like Gecko) Chrome/147.0.0.0 Safari/537.36\" - 1296ms","service":"sendrey-server","timestamp":"2026-04-27 13:49:39"}
{"environment":"development","ip":"::1","level":"http","message":"GET /reports/69ef5b315315d6af01896007/export/pdf 200 1299ms","method":"GET","referrer":"http://localhost:3000/","responseTime":1299,"service":"sendrey-server","statusCode":200,"timestamp":"2026-04-27 13:49:39","type":"api","url":"/reports/69ef5b315315d6af01896007/export/pdf","userAgent":"Mozilla/5.0 (Windows NT 10.0; Win64; x64) AppleWebKit/537.36 (KHTML, like Gecko) Chrome/147.0.0.0 Safari/537.36","userEmail":"timivictor565@gmail.com","userId":"69df1fe656fa039dfc8f3f09"}
{"duration":1299,"environment":"development","level":"warn","message":"Slow request: GET /reports/69ef5b315315d6af01896007/export/pdf took 1299ms","method":"GET","service":"sendrey-server","threshold":1000,"timestamp":"2026-04-27 13:49:39","url":"/reports/69ef5b315315d6af01896007/export/pdf"}
